Added Component: Designator=C1(0603)
Added Component: Designator=C2(0603)
Added Component: Designator=C3(0603)
Added Component: Designator=C4(0603)
Added Component: Designator=C5(0603)
Added Component: Designator=C6(0603)
Added Component: Designator=C7(0603)
Added Component: Designator=C8(0603)
Added Component: Designator=C9(0603)
Added Component: Designator=C10(0603)
Added Component: Designator=C11(0603)
Added Component: Designator=C12(RAD-0.3)
Add component (AddParameter): Name = "LatestRevisionDate"; Value = "17-Jul-2002"; VariantName = "[No Variations]"
Add component (AddParameter): Name = "LatestRevisionNote"; Value = "Re-released for DXP Platform."; VariantName = "[No Variations]"
Add component (AddParameter): Name = "PackageDescription"; Value = "Radial Cap, Thru-Hole; 2 Leads; 0.3 in Pin Spacing"; VariantName = "[No Variations]"
Add component (AddParameter): Name = "PackageReference"; Value = "RAD-0.3"; VariantName = "[No Variations]"
Add component (AddParameter): Name = "Published"; Value = "8-Jun-2000"; VariantName = "[No Variations]"
Add component (AddParameter): Name = "Publisher"; Value = "Altium Limited"; VariantName = "[No Variations]"
Add component (AddParameter): Name = "Value"; Value = "100pF"; VariantName = "[No Variations]"
Added Component: Designator=C13(0603)
Add component (AddParameter): Name = "Value"; Value = "30pF"; VariantName = "[No Variations]"
Added Component: Designator=C14(0603)
Add component (AddParameter): Name = "Value"; Value = "30pF"; VariantName = "[No Variations]"
Added Component: Designator=C15(0603)
Add component (AddParameter): Name = "Value"; Value = "30pF"; VariantName = "[No Variations]"
Added Component: Designator=C16(0603)
Add component (AddParameter): Name = "Value"; Value = "30pF"; VariantName = "[No Variations]"
Added Component: Designator=C17(0603)
Add component (AddParameter): Name = "Value"; Value = "30pF"; VariantName = "[No Variations]"
Added Component: Designator=C18(0603)
Add component (AddParameter): Name = "Value"; Value = "30pF"; VariantName = "[No Variations]"
Added Component: Designator=C19(RAD-0.3)
Add component (AddParameter): Name = "LatestRevisionDate"; Value = "17-Jul-2002"; VariantName = "[No Variations]"
Add component (AddParameter): Name = "LatestRevisionNote"; Value = "Re-released for DXP Platform."; VariantName = "[No Variations]"
Add component (AddParameter): Name = "PackageDescription"; Value = "Radial Cap, Thru-Hole; 2 Leads; 0.3 in Pin Spacing"; VariantName = "[No Variations]"
Add component (AddParameter): Name = "PackageReference"; Value = "RAD-0.3"; VariantName = "[No Variations]"
Add component (AddParameter): Name = "Published"; Value = "8-Jun-2000"; VariantName = "[No Variations]"
Add component (AddParameter): Name = "Publisher"; Value = "Altium Limited"; VariantName = "[No Variations]"
Add component (AddParameter): Name = "Value"; Value = "100pF"; VariantName = "[No Variations]"
Added Component: Designator=C20(RAD-0.3)
Add component (AddParameter): Name = "LatestRevisionDate"; Value = "17-Jul-2002"; VariantName = "[No Variations]"
Add component (AddParameter): Name = "LatestRevisionNote"; Value = "Re-released for DXP Platform."; VariantName = "[No Variations]"
Add component (AddParameter): Name = "PackageDescription"; Value = "Radial Cap, Thru-Hole; 2 Leads; 0.3 in Pin Spacing"; VariantName = "[No Variations]"
Add component (AddParameter): Name = "PackageReference"; Value = "RAD-0.3"; VariantName = "[No Variations]"
Add component (AddParameter): Name = "Published"; Value = "8-Jun-2000"; VariantName = "[No Variations]"
Add component (AddParameter): Name = "Publisher"; Value = "Altium Limited"; VariantName = "[No Variations]"
Add component (AddParameter): Name = "Value"; Value = "100pF"; VariantName = "[No Variations]"
Added Component: Designator=C21(RAD-0.3)
Add component (AddParameter): Name = "LatestRevisionDate"; Value = "17-Jul-2002"; VariantName = "[No Variations]"
Add component (AddParameter): Name = "LatestRevisionNote"; Value = "Re-released for DXP Platform."; VariantName = "[No Variations]"
Add component (AddParameter): Name = "PackageDescription"; Value = "Radial Cap, Thru-Hole; 2 Leads; 0.3 in Pin Spacing"; VariantName = "[No Variations]"
Add component (AddParameter): Name = "PackageReference"; Value = "RAD-0.3"; VariantName = "[No Variations]"
Add component (AddParameter): Name = "Published"; Value = "8-Jun-2000"; VariantName = "[No Variations]"
Add component (AddParameter): Name = "Publisher"; Value = "Altium Limited"; VariantName = "[No Variations]"
Add component (AddParameter): Name = "Value"; Value = "100pF"; VariantName = "[No Variations]"
Added Component: Designator=C22(RAD-0.3)
Add component (AddParameter): Name = "LatestRevisionDate"; Value = "17-Jul-2002"; VariantName = "[No Variations]"
Add component (AddParameter): Name = "LatestRevisionNote"; Value = "Re-released for DXP Platform."; VariantName = "[No Variations]"
Add component (AddParameter): Name = "PackageDescription"; Value = "Radial Cap, Thru-Hole; 2 Leads; 0.3 in Pin Spacing"; VariantName = "[No Variations]"
Add component (AddParameter): Name = "PackageReference"; Value = "RAD-0.3"; VariantName = "[No Variations]"
Add component (AddParameter): Name = "Published"; Value = "8-Jun-2000"; VariantName = "[No Variations]"
Add component (AddParameter): Name = "Publisher"; Value = "Altium Limited"; VariantName = "[No Variations]"
Add component (AddParameter): Name = "Value"; Value = "100pF"; VariantName = "[No Variations]"
Added Component: Designator=C23(RAD-0.3)
Add component (AddParameter): Name = "LatestRevisionDate"; Value = "17-Jul-2002"; VariantName = "[No Variations]"
Add component (AddParameter): Name = "LatestRevisionNote"; Value = "Re-released for DXP Platform."; VariantName = "[No Variations]"
Add component (AddParameter): Name = "PackageDescription"; Value = "Radial Cap, Thru-Hole; 2 Leads; 0.3 in Pin Spacing"; VariantName = "[No Variations]"
Add component (AddParameter): Name = "PackageReference"; Value = "RAD-0.3"; VariantName = "[No Variations]"
Add component (AddParameter): Name = "Published"; Value = "8-Jun-2000"; VariantName = "[No Variations]"
Add component (AddParameter): Name = "Publisher"; Value = "Altium Limited"; VariantName = "[No Variations]"
Add component (AddParameter): Name = "Value"; Value = "100pF"; VariantName = "[No Variations]"
Added Component: Designator=C24(0603)
Added Component: Designator=C25(0603)
Added Component: Designator=C26(0603)
Added Component: Designator=C27(0603)
Added Component: Designator=C28(0603)
Added Component: Designator=C29(0603)
Added Component: Designator=C30(0603)
Added Component: Designator=C31(0603)
Added Component: Designator=C32(0603)
Added Component: Designator=C33(0603)
Added Component: Designator=C34(0603)
Added Component: Designator=C35(0603)
Added Component: Designator=C36(0603)
Added Component: Designator=C37(0603)
Added Component: Designator=C38(0603)
Added Component: Designator=C39(0603)
Added Component: Designator=C40(0603)
Added Component: Designator=C41(0603)
Added Component: Designator=C42(0603)
Added Component: Designator=C43(0603)
Added Component: Designator=C44(0603)
Added Component: Designator=C45(0603)
Added Component: Designator=C46(RAD-0.3)
Add component (AddParameter): Name = "LatestRevisionDate"; Value = "17-Jul-2002"; VariantName = "[No Variations]"
Add component (AddParameter): Name = "LatestRevisionNote"; Value = "Re-released for DXP Platform."; VariantName = "[No Variations]"
Add component (AddParameter): Name = "PackageDescription"; Value = "Radial Cap, Thru-Hole; 2 Leads; 0.3 in Pin Spacing"; VariantName = "[No Variations]"
Add component (AddParameter): Name = "PackageReference"; Value = "RAD-0.3"; VariantName = "[No Variations]"
Add component (AddParameter): Name = "Published"; Value = "8-Jun-2000"; VariantName = "[No Variations]"
Add component (AddParameter): Name = "Publisher"; Value = "Altium Limited"; VariantName = "[No Variations]"
Add component (AddParameter): Name = "Value"; Value = "100pF"; VariantName = "[No Variations]"
Added Component: Designator=C47(RAD-0.3)
Add component (AddParameter): Name = "LatestRevisionDate"; Value = "17-Jul-2002"; VariantName = "[No Variations]"
Add component (AddParameter): Name = "LatestRevisionNote"; Value = "Re-released for DXP Platform."; VariantName = "[No Variations]"
Add component (AddParameter): Name = "PackageDescription"; Value = "Radial Cap, Thru-Hole; 2 Leads; 0.3 in Pin Spacing"; VariantName = "[No Variations]"
Add component (AddParameter): Name = "PackageReference"; Value = "RAD-0.3"; VariantName = "[No Variations]"
Add component (AddParameter): Name = "Published"; Value = "8-Jun-2000"; VariantName = "[No Variations]"
Add component (AddParameter): Name = "Publisher"; Value = "Altium Limited"; VariantName = "[No Variations]"
Add component (AddParameter): Name = "Value"; Value = "100pF"; VariantName = "[No Variations]"
Added Component: Designator=C48(RAD-0.3)
Add component (AddParameter): Name = "LatestRevisionDate"; Value = "17-Jul-2002"; VariantName = "[No Variations]"
Add component (AddParameter): Name = "LatestRevisionNote"; Value = "Re-released for DXP Platform."; VariantName = "[No Variations]"
Add component (AddParameter): Name = "PackageDescription"; Value = "Radial Cap, Thru-Hole; 2 Leads; 0.3 in Pin Spacing"; VariantName = "[No Variations]"
Add component (AddParameter): Name = "PackageReference"; Value = "RAD-0.3"; VariantName = "[No Variations]"
Add component (AddParameter): Name = "Published"; Value = "8-Jun-2000"; VariantName = "[No Variations]"
Add component (AddParameter): Name = "Publisher"; Value = "Altium Limited"; VariantName = "[No Variations]"
Add component (AddParameter): Name = "Value"; Value = "100pF"; VariantName = "[No Variations]"
Added Component: Designator=C49(RAD-0.3)
Add component (AddParameter): Name = "LatestRevisionDate"; Value = "17-Jul-2002"; VariantName = "[No Variations]"
Add component (AddParameter): Name = "LatestRevisionNote"; Value = "Re-released for DXP Platform."; VariantName = "[No Variations]"
Add component (AddParameter): Name = "PackageDescription"; Value = "Radial Cap, Thru-Hole; 2 Leads; 0.3 in Pin Spacing"; VariantName = "[No Variations]"
Add component (AddParameter): Name = "PackageReference"; Value = "RAD-0.3"; VariantName = "[No Variations]"
Add component (AddParameter): Name = "Published"; Value = "8-Jun-2000"; VariantName = "[No Variations]"
Add component (AddParameter): Name = "Publisher"; Value = "Altium Limited"; VariantName = "[No Variations]"
Add component (AddParameter): Name = "Value"; Value = "100pF"; VariantName = "[No Variations]"
Added Component: Designator=C50(0603)
Add component (AddParameter): Name = "Value"; Value = "100nF"; VariantName = "[No Variations]"
Added Component: Designator=C51(0603)
Add component (AddParameter): Name = "Value"; Value = "100nF"; VariantName = "[No Variations]"
Added Component: Designator=C52(0603)
Added Component: Designator=C53(0603)
Added Component: Designator=C54(0603)
Added Component: Designator=C55(0603)
Added Component: Designator=C56(0603)
Added Component: Designator=C57(0603)
Added Component: Designator=C58(0603)
Added Component: Designator=C59(0603)
Added Component: Designator=C60(0603)
Added Component: Designator=C61(0603)
Added Component: Designator=C62(0603)
Added Component: Designator=C81(0603)
Add component (AddParameter): Name = "Value"; Value = "30pF"; VariantName = "[No Variations]"
Added Component: Designator=C82(0603)
Add component (AddParameter): Name = "Value"; Value = "30pF"; VariantName = "[No Variations]"
Added Component: Designator=IC1(QFP50P2200X2200X160-144N)
Add component (AddParameter): Name = "Arrow Part Number"; Value = ""; VariantName = "[No Variations]"
Add component (AddParameter): Name = "Arrow Price/Stock"; Value = ""; VariantName = "[No Variations]"
Add component (AddParameter): Name = "Datasheet Link"; Value = "https://www.st.com/resource/en/datasheet/stm32f103ze.pdf"; VariantName = "[No Variations]"
Add component (AddParameter): Name = "Height"; Value = "1.6mm"; VariantName = "[No Variations]"
Add component (AddParameter): Name = "Manufacturer_Name"; Value = "ST Microelectronics"; VariantName = "[No Variations]"
Add component (AddParameter): Name = "Manufacturer_Part_Number"; Value = "STM32F103ZET6"; VariantName = "[No Variations]"
Add component (AddParameter): Name = "Mouser Part Number"; Value = ""; VariantName = "[No Variations]"
Add component (AddParameter): Name = "Mouser Price/Stock"; Value = ""; VariantName = "[No Variations]"
Added Component: Designator=IC2(QFP50P2200X2200X160-144N)
Add component (AddParameter): Name = "Arrow Part Number"; Value = ""; VariantName = "[No Variations]"
Add component (AddParameter): Name = "Arrow Price/Stock"; Value = ""; VariantName = "[No Variations]"
Add component (AddParameter): Name = "Datasheet Link"; Value = "https://www.st.com/resource/en/datasheet/stm32f103ze.pdf"; VariantName = "[No Variations]"
Add component (AddParameter): Name = "Height"; Value = "1.6mm"; VariantName = "[No Variations]"
Add component (AddParameter): Name = "Manufacturer_Name"; Value = "ST Microelectronics"; VariantName = "[No Variations]"
Add component (AddParameter): Name = "Manufacturer_Part_Number"; Value = "STM32F103ZET6"; VariantName = "[No Variations]"
Add component (AddParameter): Name = "Mouser Part Number"; Value = ""; VariantName = "[No Variations]"
Add component (AddParameter): Name = "Mouser Price/Stock"; Value = ""; VariantName = "[No Variations]"
Added Component: Designator=IC3(QFP50P2200X2200X160-144N)
Add component (AddParameter): Name = "Arrow Part Number"; Value = ""; VariantName = "[No Variations]"
Add component (AddParameter): Name = "Arrow Price/Stock"; Value = ""; VariantName = "[No Variations]"
Add component (AddParameter): Name = "Datasheet Link"; Value = "https://www.st.com/resource/en/datasheet/stm32f103ze.pdf"; VariantName = "[No Variations]"
Add component (AddParameter): Name = "Height"; Value = "1.6mm"; VariantName = "[No Variations]"
Add component (AddParameter): Name = "Manufacturer_Name"; Value = "ST Microelectronics"; VariantName = "[No Variations]"
Add component (AddParameter): Name = "Manufacturer_Part_Number"; Value = "STM32F103ZET6"; VariantName = "[No Variations]"
Add component (AddParameter): Name = "Mouser Part Number"; Value = ""; VariantName = "[No Variations]"
Add component (AddParameter): Name = "Mouser Price/Stock"; Value = ""; VariantName = "[No Variations]"
Added Component: Designator=IC4(QFP50P2200X2200X160-144N)
Add component (AddParameter): Name = "Arrow Part Number"; Value = ""; VariantName = "[No Variations]"
Add component (AddParameter): Name = "Arrow Price/Stock"; Value = ""; VariantName = "[No Variations]"
Add component (AddParameter): Name = "Datasheet Link"; Value = "https://www.st.com/resource/en/datasheet/stm32f103ze.pdf"; VariantName = "[No Variations]"
Add component (AddParameter): Name = "Height"; Value = "1.6mm"; VariantName = "[No Variations]"
Add component (AddParameter): Name = "Manufacturer_Name"; Value = "ST Microelectronics"; VariantName = "[No Variations]"
Add component (AddParameter): Name = "Manufacturer_Part_Number"; Value = "STM32F103ZET6"; VariantName = "[No Variations]"
Add component (AddParameter): Name = "Mouser Part Number"; Value = ""; VariantName = "[No Variations]"
Add component (AddParameter): Name = "Mouser Price/Stock"; Value = ""; VariantName = "[No Variations]"
Added Component: Designator=IC5(QFP50P900X900X160-48N)
Add component (AddParameter): Name = "Arrow Part Number"; Value = "W5500"; VariantName = "[No Variations]"
Add component (AddParameter): Name = "Arrow Price/Stock"; Value = "https://www.arrow.com/en/products/w5500/wiznet"; VariantName = "[No Variations]"
Add component (AddParameter): Name = "Datasheet Link"; Value = "https://www.arrow.com/en/products/w5500/wiznet"; VariantName = "[No Variations]"
Add component (AddParameter): Name = "Height"; Value = "1.6mm"; VariantName = "[No Variations]"
Add component (AddParameter): Name = "Manufacturer_Name"; Value = "Wiznet Technology"; VariantName = "[No Variations]"
Add component (AddParameter): Name = "Manufacturer_Part_Number"; Value = "W5500"; VariantName = "[No Variations]"
Add component (AddParameter): Name = "Mouser Part Number"; Value = ""; VariantName = "[No Variations]"
Add component (AddParameter): Name = "Mouser Price/Stock"; Value = ""; VariantName = "[No Variations]"
Added Component: Designator=IC6(DS18B20TR)
Add component (AddParameter): Name = "Arrow Part Number"; Value = ""; VariantName = "[No Variations]"
Add component (AddParameter): Name = "Arrow Price/Stock"; Value = ""; VariantName = "[No Variations]"
Add component (AddParameter): Name = "Datasheet Link"; Value = "https://componentsearchengine.com/Datasheets/1/DS18B20+T&R.pdf"; VariantName = "[No Variations]"
Add component (AddParameter): Name = "Height"; Value = "10.41mm"; VariantName = "[No Variations]"
Add component (AddParameter): Name = "Manufacturer_Name"; Value = "Maxim Integrated"; VariantName = "[No Variations]"
Add component (AddParameter): Name = "Manufacturer_Part_Number"; Value = "DS18B20+T&R"; VariantName = "[No Variations]"
Add component (AddParameter): Name = "Mouser Part Number"; Value = "700-DS18B20T&R"; VariantName = "[No Variations]"
Add component (AddParameter): Name = "Mouser Price/Stock"; Value = "https://www.mouser.co.uk/ProductDetail/Maxim-Integrated/DS18B20%2bTR?qs=7H2Jq%252ByxpJKpIDCbiq4lfg%3D%3D"; VariantName = "[No Variations]"
Added Component: Designator=IC7(DS18B20TR)
Add component (AddParameter): Name = "Arrow Part Number"; Value = ""; VariantName = "[No Variations]"
Add component (AddParameter): Name = "Arrow Price/Stock"; Value = ""; VariantName = "[No Variations]"
Add component (AddParameter): Name = "Datasheet Link"; Value = "https://componentsearchengine.com/Datasheets/1/DS18B20+T&R.pdf"; VariantName = "[No Variations]"
Add component (AddParameter): Name = "Height"; Value = "10.41mm"; VariantName = "[No Variations]"
Add component (AddParameter): Name = "Manufacturer_Name"; Value = "Maxim Integrated"; VariantName = "[No Variations]"
Add component (AddParameter): Name = "Manufacturer_Part_Number"; Value = "DS18B20+T&R"; VariantName = "[No Variations]"
Add component (AddParameter): Name = "Mouser Part Number"; Value = "700-DS18B20T&R"; VariantName = "[No Variations]"
Add component (AddParameter): Name = "Mouser Price/Stock"; Value = "https://www.mouser.co.uk/ProductDetail/Maxim-Integrated/DS18B20%2bTR?qs=7H2Jq%252ByxpJKpIDCbiq4lfg%3D%3D"; VariantName = "[No Variations]"
Added Component: Designator=IC8(DS18B20TR)
Add component (AddParameter): Name = "Arrow Part Number"; Value = ""; VariantName = "[No Variations]"
Add component (AddParameter): Name = "Arrow Price/Stock"; Value = ""; VariantName = "[No Variations]"
Add component (AddParameter): Name = "Datasheet Link"; Value = "https://componentsearchengine.com/Datasheets/1/DS18B20+T&R.pdf"; VariantName = "[No Variations]"
Add component (AddParameter): Name = "Height"; Value = "10.41mm"; VariantName = "[No Variations]"
Add component (AddParameter): Name = "Manufacturer_Name"; Value = "Maxim Integrated"; VariantName = "[No Variations]"
Add component (AddParameter): Name = "Manufacturer_Part_Number"; Value = "DS18B20+T&R"; VariantName = "[No Variations]"
Add component (AddParameter): Name = "Mouser Part Number"; Value = "700-DS18B20T&R"; VariantName = "[No Variations]"
Add component (AddParameter): Name = "Mouser Price/Stock"; Value = "https://www.mouser.co.uk/ProductDetail/Maxim-Integrated/DS18B20%2bTR?qs=7H2Jq%252ByxpJKpIDCbiq4lfg%3D%3D"; VariantName = "[No Variations]"
Added Component: Designator=IC9(DS18B20TR)
Add component (AddParameter): Name = "Arrow Part Number"; Value = ""; VariantName = "[No Variations]"
Add component (AddParameter): Name = "Arrow Price/Stock"; Value = ""; VariantName = "[No Variations]"
Add component (AddParameter): Name = "Datasheet Link"; Value = "https://componentsearchengine.com/Datasheets/1/DS18B20+T&R.pdf"; VariantName = "[No Variations]"
Add component (AddParameter): Name = "Height"; Value = "10.41mm"; VariantName = "[No Variations]"
Add component (AddParameter): Name = "Manufacturer_Name"; Value = "Maxim Integrated"; VariantName = "[No Variations]"
Add component (AddParameter): Name = "Manufacturer_Part_Number"; Value = "DS18B20+T&R"; VariantName = "[No Variations]"
Add component (AddParameter): Name = "Mouser Part Number"; Value = "700-DS18B20T&R"; VariantName = "[No Variations]"
Add component (AddParameter): Name = "Mouser Price/Stock"; Value = "https://www.mouser.co.uk/ProductDetail/Maxim-Integrated/DS18B20%2bTR?qs=7H2Jq%252ByxpJKpIDCbiq4lfg%3D%3D"; VariantName = "[No Variations]"
Added Component: Designator=J1(HR911105A)
Add component (AddParameter): Name = "Arrow Part Number"; Value = ""; VariantName = "[No Variations]"
Add component (AddParameter): Name = "Arrow Price/Stock"; Value = ""; VariantName = "[No Variations]"
Add component (AddParameter): Name = "Datasheet Link"; Value = "https://datasheet.lcsc.com/szlcsc/Zhongshan-HanRun-Elec-HR911105A_C12074.pdf"; VariantName = "[No Variations]"
Add component (AddParameter): Name = "Height"; Value = "13.75mm"; VariantName = "[No Variations]"
Add component (AddParameter): Name = "Manufacturer_Name"; Value = "HANRUN(Zhongshan HanRun Elec)"; VariantName = "[No Variations]"
Add component (AddParameter): Name = "Manufacturer_Part_Number"; Value = "HR911105A"; VariantName = "[No Variations]"
Add component (AddParameter): Name = "Mouser Part Number"; Value = ""; VariantName = "[No Variations]"
Add component (AddParameter): Name = "Mouser Price/Stock"; Value = ""; VariantName = "[No Variations]"
Added Component: Designator=P1(MHDR1X4)
Add component (AddParameter): Name = "LatestRevisionDate"; Value = "17-Jul-2002"; VariantName = "[No Variations]"
Add component (AddParameter): Name = "LatestRevisionNote"; Value = "Re-released for DXP Platform."; VariantName = "[No Variations]"
Add component (AddParameter): Name = "Publisher"; Value = "Altium Limited"; VariantName = "[No Variations]"
Added Component: Designator=P2(MHDR1X4)
Add component (AddParameter): Name = "LatestRevisionDate"; Value = "17-Jul-2002"; VariantName = "[No Variations]"
Add component (AddParameter): Name = "LatestRevisionNote"; Value = "Re-released for DXP Platform."; VariantName = "[No Variations]"
Add component (AddParameter): Name = "Publisher"; Value = "Altium Limited"; VariantName = "[No Variations]"
Added Component: Designator=P3(MHDR1X4)
Add component (AddParameter): Name = "LatestRevisionDate"; Value = "17-Jul-2002"; VariantName = "[No Variations]"
Add component (AddParameter): Name = "LatestRevisionNote"; Value = "Re-released for DXP Platform."; VariantName = "[No Variations]"
Add component (AddParameter): Name = "Publisher"; Value = "Altium Limited"; VariantName = "[No Variations]"
Added Component: Designator=P4(MHDR1X4)
Add component (AddParameter): Name = "LatestRevisionDate"; Value = "17-Jul-2002"; VariantName = "[No Variations]"
Add component (AddParameter): Name = "LatestRevisionNote"; Value = "Re-released for DXP Platform."; VariantName = "[No Variations]"
Add component (AddParameter): Name = "Publisher"; Value = "Altium Limited"; VariantName = "[No Variations]"
Added Component: Designator=P6(MHDR1X4)
Add component (AddParameter): Name = "LatestRevisionDate"; Value = "17-Jul-2002"; VariantName = "[No Variations]"
Add component (AddParameter): Name = "LatestRevisionNote"; Value = "Re-released for DXP Platform."; VariantName = "[No Variations]"
Add component (AddParameter): Name = "Publisher"; Value = "Altium Limited"; VariantName = "[No Variations]"
Added Component: Designator=P7(MHDR1X4)
Add component (AddParameter): Name = "LatestRevisionDate"; Value = "17-Jul-2002"; VariantName = "[No Variations]"
Add component (AddParameter): Name = "LatestRevisionNote"; Value = "Re-released for DXP Platform."; VariantName = "[No Variations]"
Add component (AddParameter): Name = "Publisher"; Value = "Altium Limited"; VariantName = "[No Variations]"
Added Component: Designator=P8(MHDR1X4)
Add component (AddParameter): Name = "LatestRevisionDate"; Value = "17-Jul-2002"; VariantName = "[No Variations]"
Add component (AddParameter): Name = "LatestRevisionNote"; Value = "Re-released for DXP Platform."; VariantName = "[No Variations]"
Add component (AddParameter): Name = "Publisher"; Value = "Altium Limited"; VariantName = "[No Variations]"
Added Component: Designator=P9(MHDR1X4)
Add component (AddParameter): Name = "LatestRevisionDate"; Value = "17-Jul-2002"; VariantName = "[No Variations]"
Add component (AddParameter): Name = "LatestRevisionNote"; Value = "Re-released for DXP Platform."; VariantName = "[No Variations]"
Add component (AddParameter): Name = "Publisher"; Value = "Altium Limited"; VariantName = "[No Variations]"
Added Component: Designator=R1(AXIAL-0.4)
Add component (AddParameter): Name = "LatestRevisionDate"; Value = "17-Jul-2002"; VariantName = "[No Variations]"
Add component (AddParameter): Name = "LatestRevisionNote"; Value = "Re-released for DXP Platform."; VariantName = "[No Variations]"
Add component (AddParameter): Name = "PackageDescription"; Value = "Axial Device, Thru-Hole; 2 Leads; 0.4 in Pin Spacing"; VariantName = "[No Variations]"
Add component (AddParameter): Name = "PackageReference"; Value = "AXIAL-0.4"; VariantName = "[No Variations]"
Add component (AddParameter): Name = "Published"; Value = "8-Jun-2000"; VariantName = "[No Variations]"
Add component (AddParameter): Name = "Publisher"; Value = "Altium Limited"; VariantName = "[No Variations]"
Add component (AddParameter): Name = "Value"; Value = "1K"; VariantName = "[No Variations]"
Added Component: Designator=R2(AXIAL-0.4)
Add component (AddParameter): Name = "LatestRevisionDate"; Value = "17-Jul-2002"; VariantName = "[No Variations]"
Add component (AddParameter): Name = "LatestRevisionNote"; Value = "Re-released for DXP Platform."; VariantName = "[No Variations]"
Add component (AddParameter): Name = "PackageDescription"; Value = "Axial Device, Thru-Hole; 2 Leads; 0.4 in Pin Spacing"; VariantName = "[No Variations]"
Add component (AddParameter): Name = "PackageReference"; Value = "AXIAL-0.4"; VariantName = "[No Variations]"
Add component (AddParameter): Name = "Published"; Value = "8-Jun-2000"; VariantName = "[No Variations]"
Add component (AddParameter): Name = "Publisher"; Value = "Altium Limited"; VariantName = "[No Variations]"
Add component (AddParameter): Name = "Value"; Value = "1K"; VariantName = "[No Variations]"
Added Component: Designator=R3(AXIAL-0.4)
Add component (AddParameter): Name = "LatestRevisionDate"; Value = "17-Jul-2002"; VariantName = "[No Variations]"
Add component (AddParameter): Name = "LatestRevisionNote"; Value = "Re-released for DXP Platform."; VariantName = "[No Variations]"
Add component (AddParameter): Name = "PackageDescription"; Value = "Axial Device, Thru-Hole; 2 Leads; 0.4 in Pin Spacing"; VariantName = "[No Variations]"
Add component (AddParameter): Name = "PackageReference"; Value = "AXIAL-0.4"; VariantName = "[No Variations]"
Add component (AddParameter): Name = "Published"; Value = "8-Jun-2000"; VariantName = "[No Variations]"
Add component (AddParameter): Name = "Publisher"; Value = "Altium Limited"; VariantName = "[No Variations]"
Add component (AddParameter): Name = "Value"; Value = "1K"; VariantName = "[No Variations]"
Added Component: Designator=R4(AXIAL-0.4)
Add component (AddParameter): Name = "LatestRevisionDate"; Value = "17-Jul-2002"; VariantName = "[No Variations]"
Add component (AddParameter): Name = "LatestRevisionNote"; Value = "Re-released for DXP Platform."; VariantName = "[No Variations]"
Add component (AddParameter): Name = "PackageDescription"; Value = "Axial Device, Thru-Hole; 2 Leads; 0.4 in Pin Spacing"; VariantName = "[No Variations]"
Add component (AddParameter): Name = "PackageReference"; Value = "AXIAL-0.4"; VariantName = "[No Variations]"
Add component (AddParameter): Name = "Published"; Value = "8-Jun-2000"; VariantName = "[No Variations]"
Add component (AddParameter): Name = "Publisher"; Value = "Altium Limited"; VariantName = "[No Variations]"
Add component (AddParameter): Name = "Value"; Value = "1K"; VariantName = "[No Variations]"
Added Component: Designator=R5(AXIAL-0.4)
Add component (AddParameter): Name = "LatestRevisionDate"; Value = "17-Jul-2002"; VariantName = "[No Variations]"
Add component (AddParameter): Name = "LatestRevisionNote"; Value = "Re-released for DXP Platform."; VariantName = "[No Variations]"
Add component (AddParameter): Name = "PackageDescription"; Value = "Axial Device, Thru-Hole; 2 Leads; 0.4 in Pin Spacing"; VariantName = "[No Variations]"
Add component (AddParameter): Name = "PackageReference"; Value = "AXIAL-0.4"; VariantName = "[No Variations]"
Add component (AddParameter): Name = "Published"; Value = "8-Jun-2000"; VariantName = "[No Variations]"
Add component (AddParameter): Name = "Publisher"; Value = "Altium Limited"; VariantName = "[No Variations]"
Add component (AddParameter): Name = "Value"; Value = "1K"; VariantName = "[No Variations]"
Added Component: Designator=R6(AXIAL-0.4)
Add component (AddParameter): Name = "LatestRevisionDate"; Value = "17-Jul-2002"; VariantName = "[No Variations]"
Add component (AddParameter): Name = "LatestRevisionNote"; Value = "Re-released for DXP Platform."; VariantName = "[No Variations]"
Add component (AddParameter): Name = "PackageDescription"; Value = "Axial Device, Thru-Hole; 2 Leads; 0.4 in Pin Spacing"; VariantName = "[No Variations]"
Add component (AddParameter): Name = "PackageReference"; Value = "AXIAL-0.4"; VariantName = "[No Variations]"
Add component (AddParameter): Name = "Published"; Value = "8-Jun-2000"; VariantName = "[No Variations]"
Add component (AddParameter): Name = "Publisher"; Value = "Altium Limited"; VariantName = "[No Variations]"
Add component (AddParameter): Name = "Value"; Value = "1K"; VariantName = "[No Variations]"
Added Component: Designator=R7(AXIAL-0.4)
Add component (AddParameter): Name = "LatestRevisionDate"; Value = "17-Jul-2002"; VariantName = "[No Variations]"
Add component (AddParameter): Name = "LatestRevisionNote"; Value = "Re-released for DXP Platform."; VariantName = "[No Variations]"
Add component (AddParameter): Name = "PackageDescription"; Value = "Axial Device, Thru-Hole; 2 Leads; 0.4 in Pin Spacing"; VariantName = "[No Variations]"
Add component (AddParameter): Name = "PackageReference"; Value = "AXIAL-0.4"; VariantName = "[No Variations]"
Add component (AddParameter): Name = "Published"; Value = "8-Jun-2000"; VariantName = "[No Variations]"
Add component (AddParameter): Name = "Publisher"; Value = "Altium Limited"; VariantName = "[No Variations]"
Add component (AddParameter): Name = "Value"; Value = "1K"; VariantName = "[No Variations]"
Added Component: Designator=R8(AXIAL-0.4)
Add component (AddParameter): Name = "LatestRevisionDate"; Value = "17-Jul-2002"; VariantName = "[No Variations]"
Add component (AddParameter): Name = "LatestRevisionNote"; Value = "Re-released for DXP Platform."; VariantName = "[No Variations]"
Add component (AddParameter): Name = "PackageDescription"; Value = "Axial Device, Thru-Hole; 2 Leads; 0.4 in Pin Spacing"; VariantName = "[No Variations]"
Add component (AddParameter): Name = "PackageReference"; Value = "AXIAL-0.4"; VariantName = "[No Variations]"
Add component (AddParameter): Name = "Published"; Value = "8-Jun-2000"; VariantName = "[No Variations]"
Add component (AddParameter): Name = "Publisher"; Value = "Altium Limited"; VariantName = "[No Variations]"
Add component (AddParameter): Name = "Value"; Value = "1K"; VariantName = "[No Variations]"
Added Component: Designator=R9(AXIAL-0.4)
Add component (AddParameter): Name = "LatestRevisionDate"; Value = "17-Jul-2002"; VariantName = "[No Variations]"
Add component (AddParameter): Name = "LatestRevisionNote"; Value = "Re-released for DXP Platform."; VariantName = "[No Variations]"
Add component (AddParameter): Name = "PackageDescription"; Value = "Axial Device, Thru-Hole; 2 Leads; 0.4 in Pin Spacing"; VariantName = "[No Variations]"
Add component (AddParameter): Name = "PackageReference"; Value = "AXIAL-0.4"; VariantName = "[No Variations]"
Add component (AddParameter): Name = "Published"; Value = "8-Jun-2000"; VariantName = "[No Variations]"
Add component (AddParameter): Name = "Publisher"; Value = "Altium Limited"; VariantName = "[No Variations]"
Add component (AddParameter): Name = "Value"; Value = "1K"; VariantName = "[No Variations]"
Added Component: Designator=R10(AXIAL-0.4)
Add component (AddParameter): Name = "LatestRevisionDate"; Value = "17-Jul-2002"; VariantName = "[No Variations]"
Add component (AddParameter): Name = "LatestRevisionNote"; Value = "Re-released for DXP Platform."; VariantName = "[No Variations]"
Add component (AddParameter): Name = "PackageDescription"; Value = "Axial Device, Thru-Hole; 2 Leads; 0.4 in Pin Spacing"; VariantName = "[No Variations]"
Add component (AddParameter): Name = "PackageReference"; Value = "AXIAL-0.4"; VariantName = "[No Variations]"
Add component (AddParameter): Name = "Published"; Value = "8-Jun-2000"; VariantName = "[No Variations]"
Add component (AddParameter): Name = "Publisher"; Value = "Altium Limited"; VariantName = "[No Variations]"
Add component (AddParameter): Name = "Value"; Value = "1K"; VariantName = "[No Variations]"
Added Component: Designator=R11(AXIAL-0.4)
Add component (AddParameter): Name = "LatestRevisionDate"; Value = "17-Jul-2002"; VariantName = "[No Variations]"
Add component (AddParameter): Name = "LatestRevisionNote"; Value = "Re-released for DXP Platform."; VariantName = "[No Variations]"
Add component (AddParameter): Name = "PackageDescription"; Value = "Axial Device, Thru-Hole; 2 Leads; 0.4 in Pin Spacing"; VariantName = "[No Variations]"
Add component (AddParameter): Name = "PackageReference"; Value = "AXIAL-0.4"; VariantName = "[No Variations]"
Add component (AddParameter): Name = "Published"; Value = "8-Jun-2000"; VariantName = "[No Variations]"
Add component (AddParameter): Name = "Publisher"; Value = "Altium Limited"; VariantName = "[No Variations]"
Add component (AddParameter): Name = "Value"; Value = "1K"; VariantName = "[No Variations]"
Added Component: Designator=R12(AXIAL-0.4)
Add component (AddParameter): Name = "LatestRevisionDate"; Value = "17-Jul-2002"; VariantName = "[No Variations]"
Add component (AddParameter): Name = "LatestRevisionNote"; Value = "Re-released for DXP Platform."; VariantName = "[No Variations]"
Add component (AddParameter): Name = "PackageDescription"; Value = "Axial Device, Thru-Hole; 2 Leads; 0.4 in Pin Spacing"; VariantName = "[No Variations]"
Add component (AddParameter): Name = "PackageReference"; Value = "AXIAL-0.4"; VariantName = "[No Variations]"
Add component (AddParameter): Name = "Published"; Value = "8-Jun-2000"; VariantName = "[No Variations]"
Add component (AddParameter): Name = "Publisher"; Value = "Altium Limited"; VariantName = "[No Variations]"
Add component (AddParameter): Name = "Value"; Value = "1K"; VariantName = "[No Variations]"
Added Component: Designator=R13(AXIAL-0.4)
Add component (AddParameter): Name = "LatestRevisionDate"; Value = "17-Jul-2002"; VariantName = "[No Variations]"
Add component (AddParameter): Name = "LatestRevisionNote"; Value = "Re-released for DXP Platform."; VariantName = "[No Variations]"
Add component (AddParameter): Name = "PackageDescription"; Value = "Axial Device, Thru-Hole; 2 Leads; 0.4 in Pin Spacing"; VariantName = "[No Variations]"
Add component (AddParameter): Name = "PackageReference"; Value = "AXIAL-0.4"; VariantName = "[No Variations]"
Add component (AddParameter): Name = "Published"; Value = "8-Jun-2000"; VariantName = "[No Variations]"
Add component (AddParameter): Name = "Publisher"; Value = "Altium Limited"; VariantName = "[No Variations]"
Add component (AddParameter): Name = "Value"; Value = "1K"; VariantName = "[No Variations]"
Added Component: Designator=R14(AXIAL-0.4)
Add component (AddParameter): Name = "LatestRevisionDate"; Value = "17-Jul-2002"; VariantName = "[No Variations]"
Add component (AddParameter): Name = "LatestRevisionNote"; Value = "Re-released for DXP Platform."; VariantName = "[No Variations]"
Add component (AddParameter): Name = "PackageDescription"; Value = "Axial Device, Thru-Hole; 2 Leads; 0.4 in Pin Spacing"; VariantName = "[No Variations]"
Add component (AddParameter): Name = "PackageReference"; Value = "AXIAL-0.4"; VariantName = "[No Variations]"
Add component (AddParameter): Name = "Published"; Value = "8-Jun-2000"; VariantName = "[No Variations]"
Add component (AddParameter): Name = "Publisher"; Value = "Altium Limited"; VariantName = "[No Variations]"
Add component (AddParameter): Name = "Value"; Value = "1K"; VariantName = "[No Variations]"
Added Component: Designator=R15(AXIAL-0.4)
Add component (AddParameter): Name = "LatestRevisionDate"; Value = "17-Jul-2002"; VariantName = "[No Variations]"
Add component (AddParameter): Name = "LatestRevisionNote"; Value = "Re-released for DXP Platform."; VariantName = "[No Variations]"
Add component (AddParameter): Name = "PackageDescription"; Value = "Axial Device, Thru-Hole; 2 Leads; 0.4 in Pin Spacing"; VariantName = "[No Variations]"
Add component (AddParameter): Name = "PackageReference"; Value = "AXIAL-0.4"; VariantName = "[No Variations]"
Add component (AddParameter): Name = "Published"; Value = "8-Jun-2000"; VariantName = "[No Variations]"
Add component (AddParameter): Name = "Publisher"; Value = "Altium Limited"; VariantName = "[No Variations]"
Add component (AddParameter): Name = "Value"; Value = "1K"; VariantName = "[No Variations]"
Added Component: Designator=R16(AXIAL-0.4)
Add component (AddParameter): Name = "LatestRevisionDate"; Value = "17-Jul-2002"; VariantName = "[No Variations]"
Add component (AddParameter): Name = "LatestRevisionNote"; Value = "Re-released for DXP Platform."; VariantName = "[No Variations]"
Add component (AddParameter): Name = "PackageDescription"; Value = "Axial Device, Thru-Hole; 2 Leads; 0.4 in Pin Spacing"; VariantName = "[No Variations]"
Add component (AddParameter): Name = "PackageReference"; Value = "AXIAL-0.4"; VariantName = "[No Variations]"
Add component (AddParameter): Name = "Published"; Value = "8-Jun-2000"; VariantName = "[No Variations]"
Add component (AddParameter): Name = "Publisher"; Value = "Altium Limited"; VariantName = "[No Variations]"
Add component (AddParameter): Name = "Value"; Value = "1K"; VariantName = "[No Variations]"
Added Component: Designator=R17(AXIAL-0.4)
Add component (AddParameter): Name = "LatestRevisionDate"; Value = "17-Jul-2002"; VariantName = "[No Variations]"
Add component (AddParameter): Name = "LatestRevisionNote"; Value = "Re-released for DXP Platform."; VariantName = "[No Variations]"
Add component (AddParameter): Name = "PackageDescription"; Value = "Axial Device, Thru-Hole; 2 Leads; 0.4 in Pin Spacing"; VariantName = "[No Variations]"
Add component (AddParameter): Name = "PackageReference"; Value = "AXIAL-0.4"; VariantName = "[No Variations]"
Add component (AddParameter): Name = "Published"; Value = "8-Jun-2000"; VariantName = "[No Variations]"
Add component (AddParameter): Name = "Publisher"; Value = "Altium Limited"; VariantName = "[No Variations]"
Add component (AddParameter): Name = "Value"; Value = "1K"; VariantName = "[No Variations]"
Added Component: Designator=R18(AXIAL-0.4)
Add component (AddParameter): Name = "LatestRevisionDate"; Value = "17-Jul-2002"; VariantName = "[No Variations]"
Add component (AddParameter): Name = "LatestRevisionNote"; Value = "Re-released for DXP Platform."; VariantName = "[No Variations]"
Add component (AddParameter): Name = "PackageDescription"; Value = "Axial Device, Thru-Hole; 2 Leads; 0.4 in Pin Spacing"; VariantName = "[No Variations]"
Add component (AddParameter): Name = "PackageReference"; Value = "AXIAL-0.4"; VariantName = "[No Variations]"
Add component (AddParameter): Name = "Published"; Value = "8-Jun-2000"; VariantName = "[No Variations]"
Add component (AddParameter): Name = "Publisher"; Value = "Altium Limited"; VariantName = "[No Variations]"
Add component (AddParameter): Name = "Value"; Value = "1K"; VariantName = "[No Variations]"
Added Component: Designator=R19(AXIAL-0.4)
Add component (AddParameter): Name = "LatestRevisionDate"; Value = "17-Jul-2002"; VariantName = "[No Variations]"
Add component (AddParameter): Name = "LatestRevisionNote"; Value = "Re-released for DXP Platform."; VariantName = "[No Variations]"
Add component (AddParameter): Name = "PackageDescription"; Value = "Axial Device, Thru-Hole; 2 Leads; 0.4 in Pin Spacing"; VariantName = "[No Variations]"
Add component (AddParameter): Name = "PackageReference"; Value = "AXIAL-0.4"; VariantName = "[No Variations]"
Add component (AddParameter): Name = "Published"; Value = "8-Jun-2000"; VariantName = "[No Variations]"
Add component (AddParameter): Name = "Publisher"; Value = "Altium Limited"; VariantName = "[No Variations]"
Add component (AddParameter): Name = "Value"; Value = "1K"; VariantName = "[No Variations]"
Added Component: Designator=R20(AXIAL-0.4)
Add component (AddParameter): Name = "LatestRevisionDate"; Value = "17-Jul-2002"; VariantName = "[No Variations]"
Add component (AddParameter): Name = "LatestRevisionNote"; Value = "Re-released for DXP Platform."; VariantName = "[No Variations]"
Add component (AddParameter): Name = "PackageDescription"; Value = "Axial Device, Thru-Hole; 2 Leads; 0.4 in Pin Spacing"; VariantName = "[No Variations]"
Add component (AddParameter): Name = "PackageReference"; Value = "AXIAL-0.4"; VariantName = "[No Variations]"
Add component (AddParameter): Name = "Published"; Value = "8-Jun-2000"; VariantName = "[No Variations]"
Add component (AddParameter): Name = "Publisher"; Value = "Altium Limited"; VariantName = "[No Variations]"
Add component (AddParameter): Name = "Value"; Value = "1K"; VariantName = "[No Variations]"
Added Component: Designator=R21(AXIAL-0.4)
Add component (AddParameter): Name = "LatestRevisionDate"; Value = "17-Jul-2002"; VariantName = "[No Variations]"
Add component (AddParameter): Name = "LatestRevisionNote"; Value = "Re-released for DXP Platform."; VariantName = "[No Variations]"
Add component (AddParameter): Name = "PackageDescription"; Value = "Axial Device, Thru-Hole; 2 Leads; 0.4 in Pin Spacing"; VariantName = "[No Variations]"
Add component (AddParameter): Name = "PackageReference"; Value = "AXIAL-0.4"; VariantName = "[No Variations]"
Add component (AddParameter): Name = "Published"; Value = "8-Jun-2000"; VariantName = "[No Variations]"
Add component (AddParameter): Name = "Publisher"; Value = "Altium Limited"; VariantName = "[No Variations]"
Add component (AddParameter): Name = "Value"; Value = "1K"; VariantName = "[No Variations]"
Added Component: Designator=R22(AXIAL-0.4)
Add component (AddParameter): Name = "LatestRevisionDate"; Value = "17-Jul-2002"; VariantName = "[No Variations]"
Add component (AddParameter): Name = "LatestRevisionNote"; Value = "Re-released for DXP Platform."; VariantName = "[No Variations]"
Add component (AddParameter): Name = "PackageDescription"; Value = "Axial Device, Thru-Hole; 2 Leads; 0.4 in Pin Spacing"; VariantName = "[No Variations]"
Add component (AddParameter): Name = "PackageReference"; Value = "AXIAL-0.4"; VariantName = "[No Variations]"
Add component (AddParameter): Name = "Published"; Value = "8-Jun-2000"; VariantName = "[No Variations]"
Add component (AddParameter): Name = "Publisher"; Value = "Altium Limited"; VariantName = "[No Variations]"
Add component (AddParameter): Name = "Value"; Value = "1K"; VariantName = "[No Variations]"
Added Component: Designator=R23(C0805)
Add component (AddParameter): Name = "Value"; Value = "100K"; VariantName = "[No Variations]"
Added Component: Designator=R24(C0805)
Add component (AddParameter): Name = "Value"; Value = "100K"; VariantName = "[No Variations]"
Added Component: Designator=R25(C0805)
Add component (AddParameter): Name = "Value"; Value = "100K"; VariantName = "[No Variations]"
Added Component: Designator=R26(C0805)
Add component (AddParameter): Name = "Value"; Value = "10K"; VariantName = "[No Variations]"
Added Component: Designator=R27(C0805)
Add component (AddParameter): Name = "Value"; Value = "10K"; VariantName = "[No Variations]"
Added Component: Designator=R28(C0805)
Add component (AddParameter): Name = "Value"; Value = "10K"; VariantName = "[No Variations]"
Added Component: Designator=R29(AXIAL-0.4)
Add component (AddParameter): Name = "LatestRevisionDate"; Value = "17-Jul-2002"; VariantName = "[No Variations]"
Add component (AddParameter): Name = "LatestRevisionNote"; Value = "Re-released for DXP Platform."; VariantName = "[No Variations]"
Add component (AddParameter): Name = "PackageDescription"; Value = "Axial Device, Thru-Hole; 2 Leads; 0.4 in Pin Spacing"; VariantName = "[No Variations]"
Add component (AddParameter): Name = "PackageReference"; Value = "AXIAL-0.4"; VariantName = "[No Variations]"
Add component (AddParameter): Name = "Published"; Value = "8-Jun-2000"; VariantName = "[No Variations]"
Add component (AddParameter): Name = "Publisher"; Value = "Altium Limited"; VariantName = "[No Variations]"
Add component (AddParameter): Name = "Value"; Value = "1K"; VariantName = "[No Variations]"
Added Component: Designator=R30(C0805)
Add component (AddParameter): Name = "Value"; Value = "10K"; VariantName = "[No Variations]"
Added Component: Designator=R31(C0805)
Add component (AddParameter): Name = "Value"; Value = "10k"; VariantName = "[No Variations]"
Added Component: Designator=R32(C0805)
Add component (AddParameter): Name = "Value"; Value = "10k"; VariantName = "[No Variations]"
Added Component: Designator=R33(C0805)
Add component (AddParameter): Name = "Value"; Value = "10K"; VariantName = "[No Variations]"
Added Component: Designator=R34(C0805)
Add component (AddParameter): Name = "Value"; Value = "100K"; VariantName = "[No Variations]"
Added Component: Designator=R35(C0805)
Add component (AddParameter): Name = "Value"; Value = "10K"; VariantName = "[No Variations]"
Added Component: Designator=R36(C0805)
Add component (AddParameter): Name = "Value"; Value = "10K"; VariantName = "[No Variations]"
Added Component: Designator=S1(B3F1025)
Add component (AddParameter): Name = "Arrow Part Number"; Value = ""; VariantName = "[No Variations]"
Add component (AddParameter): Name = "Arrow Price/Stock"; Value = ""; VariantName = "[No Variations]"
Add component (AddParameter): Name = "Datasheet Link"; Value = "http://uk.rs-online.com/web/p/products/6821140"; VariantName = "[No Variations]"
Add component (AddParameter): Name = "Height"; Value = "5.2mm"; VariantName = "[No Variations]"
Add component (AddParameter): Name = "Manufacturer_Name"; Value = "Omron Electronics"; VariantName = "[No Variations]"
Add component (AddParameter): Name = "Manufacturer_Part_Number"; Value = "B3F-1025"; VariantName = "[No Variations]"
Add component (AddParameter): Name = "Mouser Part Number"; Value = "653-B3F-1025"; VariantName = "[No Variations]"
Add component (AddParameter): Name = "Mouser Price/Stock"; Value = "https://www.mouser.co.uk/ProductDetail/Omron-Electronics/B3F-1025?qs=1tDaWCEHQQ7ZoQQuZXPfLw%3D%3D"; VariantName = "[No Variations]"
Added Component: Designator=S2(B3F1025)
Add component (AddParameter): Name = "Arrow Part Number"; Value = ""; VariantName = "[No Variations]"
Add component (AddParameter): Name = "Arrow Price/Stock"; Value = ""; VariantName = "[No Variations]"
Add component (AddParameter): Name = "Datasheet Link"; Value = "http://uk.rs-online.com/web/p/products/6821140"; VariantName = "[No Variations]"
Add component (AddParameter): Name = "Height"; Value = "5.2mm"; VariantName = "[No Variations]"
Add component (AddParameter): Name = "Manufacturer_Name"; Value = "Omron Electronics"; VariantName = "[No Variations]"
Add component (AddParameter): Name = "Manufacturer_Part_Number"; Value = "B3F-1025"; VariantName = "[No Variations]"
Add component (AddParameter): Name = "Mouser Part Number"; Value = "653-B3F-1025"; VariantName = "[No Variations]"
Add component (AddParameter): Name = "Mouser Price/Stock"; Value = "https://www.mouser.co.uk/ProductDetail/Omron-Electronics/B3F-1025?qs=1tDaWCEHQQ7ZoQQuZXPfLw%3D%3D"; VariantName = "[No Variations]"
Added Component: Designator=S3(B3F1025)
Add component (AddParameter): Name = "Arrow Part Number"; Value = ""; VariantName = "[No Variations]"
Add component (AddParameter): Name = "Arrow Price/Stock"; Value = ""; VariantName = "[No Variations]"
Add component (AddParameter): Name = "Datasheet Link"; Value = "http://uk.rs-online.com/web/p/products/6821140"; VariantName = "[No Variations]"
Add component (AddParameter): Name = "Height"; Value = "5.2mm"; VariantName = "[No Variations]"
Add component (AddParameter): Name = "Manufacturer_Name"; Value = "Omron Electronics"; VariantName = "[No Variations]"
Add component (AddParameter): Name = "Manufacturer_Part_Number"; Value = "B3F-1025"; VariantName = "[No Variations]"
Add component (AddParameter): Name = "Mouser Part Number"; Value = "653-B3F-1025"; VariantName = "[No Variations]"
Add component (AddParameter): Name = "Mouser Price/Stock"; Value = "https://www.mouser.co.uk/ProductDetail/Omron-Electronics/B3F-1025?qs=1tDaWCEHQQ7ZoQQuZXPfLw%3D%3D"; VariantName = "[No Variations]"
Added Component: Designator=Y1(ATS040SM1)
Add component (AddParameter): Name = "Arrow Part Number"; Value = "ATS08ASM-1E"; VariantName = "[No Variations]"
Add component (AddParameter): Name = "Arrow Price/Stock"; Value = "https://www.arrow.com/en/products/ats08asm-1e/cts"; VariantName = "[No Variations]"
Add component (AddParameter): Name = "Datasheet Link"; Value = "https://www.ctscorp.com/wp-content/uploads/ATS-ATSSM.pdf"; VariantName = "[No Variations]"
Add component (AddParameter): Name = "Height"; Value = "4.3mm"; VariantName = "[No Variations]"
Add component (AddParameter): Name = "Manufacturer_Name"; Value = "CTS"; VariantName = "[No Variations]"
Add component (AddParameter): Name = "Manufacturer_Part_Number"; Value = "ATS08ASM-1E"; VariantName = "[No Variations]"
Add component (AddParameter): Name = "Mouser Part Number"; Value = "774-ATS08ASM-1E"; VariantName = "[No Variations]"
Add component (AddParameter): Name = "Mouser Price/Stock"; Value = "https://www.mouser.co.uk/ProductDetail/CTS-Electronic-Components/ATS08ASM-1E/?qs=tjlMjqRIEYSoOC%2FyJ4%2Frjw%3D%3D"; VariantName = "[No Variations]"
Added Component: Designator=Y2(ATS040SM1)
Add component (AddParameter): Name = "Arrow Part Number"; Value = "ATS08ASM-1E"; VariantName = "[No Variations]"
Add component (AddParameter): Name = "Arrow Price/Stock"; Value = "https://www.arrow.com/en/products/ats08asm-1e/cts"; VariantName = "[No Variations]"
Add component (AddParameter): Name = "Datasheet Link"; Value = "https://www.ctscorp.com/wp-content/uploads/ATS-ATSSM.pdf"; VariantName = "[No Variations]"
Add component (AddParameter): Name = "Height"; Value = "4.3mm"; VariantName = "[No Variations]"
Add component (AddParameter): Name = "Manufacturer_Name"; Value = "CTS"; VariantName = "[No Variations]"
Add component (AddParameter): Name = "Manufacturer_Part_Number"; Value = "ATS08ASM-1E"; VariantName = "[No Variations]"
Add component (AddParameter): Name = "Mouser Part Number"; Value = "774-ATS08ASM-1E"; VariantName = "[No Variations]"
Add component (AddParameter): Name = "Mouser Price/Stock"; Value = "https://www.mouser.co.uk/ProductDetail/CTS-Electronic-Components/ATS08ASM-1E/?qs=tjlMjqRIEYSoOC%2FyJ4%2Frjw%3D%3D"; VariantName = "[No Variations]"
Added Component: Designator=Y3(ATS040SM1)
Add component (AddParameter): Name = "Arrow Part Number"; Value = "ATS08ASM-1E"; VariantName = "[No Variations]"
Add component (AddParameter): Name = "Arrow Price/Stock"; Value = "https://www.arrow.com/en/products/ats08asm-1e/cts"; VariantName = "[No Variations]"
Add component (AddParameter): Name = "Datasheet Link"; Value = "https://www.ctscorp.com/wp-content/uploads/ATS-ATSSM.pdf"; VariantName = "[No Variations]"
Add component (AddParameter): Name = "Height"; Value = "4.3mm"; VariantName = "[No Variations]"
Add component (AddParameter): Name = "Manufacturer_Name"; Value = "CTS"; VariantName = "[No Variations]"
Add component (AddParameter): Name = "Manufacturer_Part_Number"; Value = "ATS08ASM-1E"; VariantName = "[No Variations]"
Add component (AddParameter): Name = "Mouser Part Number"; Value = "774-ATS08ASM-1E"; VariantName = "[No Variations]"
Add component (AddParameter): Name = "Mouser Price/Stock"; Value = "https://www.mouser.co.uk/ProductDetail/CTS-Electronic-Components/ATS08ASM-1E/?qs=tjlMjqRIEYSoOC%2FyJ4%2Frjw%3D%3D"; VariantName = "[No Variations]"
Added Component: Designator=Y4(ATS040SM1)
Add component (AddParameter): Name = "Arrow Part Number"; Value = "ATS08ASM-1E"; VariantName = "[No Variations]"
Add component (AddParameter): Name = "Arrow Price/Stock"; Value = "https://www.arrow.com/en/products/ats08asm-1e/cts"; VariantName = "[No Variations]"
Add component (AddParameter): Name = "Datasheet Link"; Value = "https://www.ctscorp.com/wp-content/uploads/ATS-ATSSM.pdf"; VariantName = "[No Variations]"
Add component (AddParameter): Name = "Height"; Value = "4.3mm"; VariantName = "[No Variations]"
Add component (AddParameter): Name = "Manufacturer_Name"; Value = "CTS"; VariantName = "[No Variations]"
Add component (AddParameter): Name = "Manufacturer_Part_Number"; Value = "ATS08ASM-1E"; VariantName = "[No Variations]"
Add component (AddParameter): Name = "Mouser Part Number"; Value = "774-ATS08ASM-1E"; VariantName = "[No Variations]"
Add component (AddParameter): Name = "Mouser Price/Stock"; Value = "https://www.mouser.co.uk/ProductDetail/CTS-Electronic-Components/ATS08ASM-1E/?qs=tjlMjqRIEYSoOC%2FyJ4%2Frjw%3D%3D"; VariantName = "[No Variations]"
Added Component: Designator=Y5(ABM325000MHZB2T)
Add component (AddParameter): Name = "Arrow Part Number"; Value = "ABM3-25.000MHZ-B2-T"; VariantName = "[No Variations]"
Add component (AddParameter): Name = "Arrow Price/Stock"; Value = "https://www.arrow.com/en/products/abm3-25.000mhz-b2-t/abracon"; VariantName = "[No Variations]"
Add component (AddParameter): Name = "Datasheet Link"; Value = "https://datasheet.datasheetarchive.com/originals/distributors/SFDatasheet-0/sf-000246.pdf"; VariantName = "[No Variations]"
Add component (AddParameter): Name = "Height"; Value = "1.3mm"; VariantName = "[No Variations]"
Add component (AddParameter): Name = "Manufacturer_Name"; Value = "ABRACON"; VariantName = "[No Variations]"
Add component (AddParameter): Name = "Manufacturer_Part_Number"; Value = "ABM3-25.000MHZ-B2-T"; VariantName = "[No Variations]"
Add component (AddParameter): Name = "Mouser Part Number"; Value = "815-ABM3-25-B2-T"; VariantName = "[No Variations]"
Add component (AddParameter): Name = "Mouser Price/Stock"; Value = "https://www.mouser.co.uk/ProductDetail/ABRACON/ABM3-25000MHZ-B2-T?qs=GgB7MJ%2FTIsQBQ7HNZGW3Hg%3D%3D"; VariantName = "[No Variations]"
Added Pin To Net: NetName=3.3V Pin=C1-1
Added Pin To Net: NetName=3.3V Pin=C2-1
Added Pin To Net: NetName=3.3V Pin=C3-1
Added Pin To Net: NetName=3.3V Pin=C4-1
Added Pin To Net: NetName=3.3V Pin=C5-1
Added Pin To Net: NetName=3.3V Pin=C6-1
Added Pin To Net: NetName=3.3V Pin=C7-1
Added Pin To Net: NetName=3.3V Pin=C8-1
Added Pin To Net: NetName=3.3V Pin=C9-1
Added Pin To Net: NetName=3.3V Pin=C10-1
Added Pin To Net: NetName=3.3V Pin=C11-1
Added Pin To Net: NetName=3.3V Pin=C12-1
Added Pin To Net: NetName=3.3V Pin=C24-1
Added Pin To Net: NetName=3.3V Pin=C25-1
Added Pin To Net: NetName=3.3V Pin=C26-1
Added Pin To Net: NetName=3.3V Pin=C27-1
Added Pin To Net: NetName=3.3V Pin=C28-1
Added Pin To Net: NetName=3.3V Pin=C29-1
Added Pin To Net: NetName=3.3V Pin=C30-1
Added Pin To Net: NetName=3.3V Pin=C31-1
Added Pin To Net: NetName=3.3V Pin=C32-1
Added Pin To Net: NetName=3.3V Pin=C33-1
Added Pin To Net: NetName=3.3V Pin=C34-1
Added Pin To Net: NetName=3.3V Pin=C35-1
Added Pin To Net: NetName=3.3V Pin=C36-1
Added Pin To Net: NetName=3.3V Pin=C37-1
Added Pin To Net: NetName=3.3V Pin=C38-1
Added Pin To Net: NetName=3.3V Pin=C39-1
Added Pin To Net: NetName=3.3V Pin=C40-1
Added Pin To Net: NetName=3.3V Pin=C41-1
Added Pin To Net: NetName=3.3V Pin=C42-1
Added Pin To Net: NetName=3.3V Pin=C43-1
Added Pin To Net: NetName=3.3V Pin=C44-1
Added Pin To Net: NetName=3.3V Pin=C45-1
Added Pin To Net: NetName=3.3V Pin=C52-1
Added Pin To Net: NetName=3.3V Pin=C53-1
Added Pin To Net: NetName=3.3V Pin=C54-1
Added Pin To Net: NetName=3.3V Pin=C55-1
Added Pin To Net: NetName=3.3V Pin=C56-1
Added Pin To Net: NetName=3.3V Pin=C57-1
Added Pin To Net: NetName=3.3V Pin=C58-1
Added Pin To Net: NetName=3.3V Pin=C59-1
Added Pin To Net: NetName=3.3V Pin=C60-1
Added Pin To Net: NetName=3.3V Pin=C61-1
Added Pin To Net: NetName=3.3V Pin=C62-1
Added Pin To Net: NetName=3.3V Pin=IC1-17
Added Pin To Net: NetName=3.3V Pin=IC1-32
Added Pin To Net: NetName=3.3V Pin=IC1-33
Added Pin To Net: NetName=3.3V Pin=IC1-39
Added Pin To Net: NetName=3.3V Pin=IC1-52
Added Pin To Net: NetName=3.3V Pin=IC1-62
Added Pin To Net: NetName=3.3V Pin=IC1-72
Added Pin To Net: NetName=3.3V Pin=IC1-84
Added Pin To Net: NetName=3.3V Pin=IC1-95
Added Pin To Net: NetName=3.3V Pin=IC1-108
Added Pin To Net: NetName=3.3V Pin=IC1-121
Added Pin To Net: NetName=3.3V Pin=IC1-131
Added Pin To Net: NetName=3.3V Pin=IC1-144
Added Pin To Net: NetName=3.3V Pin=IC2-17
Added Pin To Net: NetName=3.3V Pin=IC2-32
Added Pin To Net: NetName=3.3V Pin=IC2-33
Added Pin To Net: NetName=3.3V Pin=IC2-39
Added Pin To Net: NetName=3.3V Pin=IC2-52
Added Pin To Net: NetName=3.3V Pin=IC2-62
Added Pin To Net: NetName=3.3V Pin=IC2-72
Added Pin To Net: NetName=3.3V Pin=IC2-84
Added Pin To Net: NetName=3.3V Pin=IC2-95
Added Pin To Net: NetName=3.3V Pin=IC2-108
Added Pin To Net: NetName=3.3V Pin=IC2-121
Added Pin To Net: NetName=3.3V Pin=IC2-131
Added Pin To Net: NetName=3.3V Pin=IC2-144
Added Pin To Net: NetName=3.3V Pin=IC3-17
Added Pin To Net: NetName=3.3V Pin=IC3-32
Added Pin To Net: NetName=3.3V Pin=IC3-33
Added Pin To Net: NetName=3.3V Pin=IC3-39
Added Pin To Net: NetName=3.3V Pin=IC3-52
Added Pin To Net: NetName=3.3V Pin=IC3-62
Added Pin To Net: NetName=3.3V Pin=IC3-72
Added Pin To Net: NetName=3.3V Pin=IC3-84
Added Pin To Net: NetName=3.3V Pin=IC3-95
Added Pin To Net: NetName=3.3V Pin=IC3-108
Added Pin To Net: NetName=3.3V Pin=IC3-121
Added Pin To Net: NetName=3.3V Pin=IC3-131
Added Pin To Net: NetName=3.3V Pin=IC3-144
Added Pin To Net: NetName=3.3V Pin=IC4-17
Added Pin To Net: NetName=3.3V Pin=IC4-32
Added Pin To Net: NetName=3.3V Pin=IC4-33
Added Pin To Net: NetName=3.3V Pin=IC4-39
Added Pin To Net: NetName=3.3V Pin=IC4-52
Added Pin To Net: NetName=3.3V Pin=IC4-62
Added Pin To Net: NetName=3.3V Pin=IC4-72
Added Pin To Net: NetName=3.3V Pin=IC4-84
Added Pin To Net: NetName=3.3V Pin=IC4-95
Added Pin To Net: NetName=3.3V Pin=IC4-108
Added Pin To Net: NetName=3.3V Pin=IC4-121
Added Pin To Net: NetName=3.3V Pin=IC4-131
Added Pin To Net: NetName=3.3V Pin=IC4-144
Added Pin To Net: NetName=3.3V Pin=IC5-4
Added Pin To Net: NetName=3.3V Pin=IC5-8
Added Pin To Net: NetName=3.3V Pin=IC5-11
Added Pin To Net: NetName=3.3V Pin=IC5-14
Added Pin To Net: NetName=3.3V Pin=IC5-16
Added Pin To Net: NetName=3.3V Pin=IC5-20
Added Pin To Net: NetName=3.3V Pin=IC5-28
Added Pin To Net: NetName=3.3V Pin=IC5-43
Added Pin To Net: NetName=3.3V Pin=IC5-44
Added Pin To Net: NetName=3.3V Pin=IC5-45
Added Pin To Net: NetName=3.3V Pin=IC6-3
Added Pin To Net: NetName=3.3V Pin=IC7-3
Added Pin To Net: NetName=3.3V Pin=IC8-3
Added Pin To Net: NetName=3.3V Pin=IC9-3
Added Pin To Net: NetName=3.3V Pin=P1-3
Added Pin To Net: NetName=3.3V Pin=P3-1
Added Pin To Net: NetName=3.3V Pin=P9-3
Added Pin To Net: NetName=3.3V Pin=R6-2
Added Pin To Net: NetName=3.3V Pin=R7-2
Added Pin To Net: NetName=3.3V Pin=R8-2
Added Pin To Net: NetName=3.3V Pin=R11-1
Added Pin To Net: NetName=3.3V Pin=R12-1
Added Pin To Net: NetName=3.3V Pin=R13-1
Added Pin To Net: NetName=3.3V Pin=R16-1
Added Pin To Net: NetName=3.3V Pin=R17-1
Added Pin To Net: NetName=3.3V Pin=R18-1
Added Pin To Net: NetName=3.3V Pin=R19-1
Added Pin To Net: NetName=3.3V Pin=R20-1
Added Pin To Net: NetName=3.3V Pin=R21-1
Added Pin To Net: NetName=3.3V Pin=R22-1
Added Pin To Net: NetName=3.3V Pin=R30-2
Added Pin To Net: NetName=3.3V Pin=R31-1
Added Pin To Net: NetName=3.3V Pin=R32-1
Added Pin To Net: NetName=3.3V Pin=R33-2
Added Pin To Net: NetName=3.3V Pin=S2-3
Added Pin To Net: NetName=3.3V Pin=S2-4
Added Net: Name=3.3V
Added Pin To Net: NetName=ACTLED Pin=IC5-27
Added Pin To Net: NetName=ACTLED Pin=J1-10
Added Net: Name=ACTLED
Added Pin To Net: NetName=DQ1 Pin=IC1-11
Added Pin To Net: NetName=DQ1 Pin=IC6-2
Added Net: Name=DQ1
Added Pin To Net: NetName=DQ2 Pin=IC1-12
Added Pin To Net: NetName=DQ2 Pin=IC7-2
Added Net: Name=DQ2
Added Pin To Net: NetName=DQ3 Pin=IC1-13
Added Pin To Net: NetName=DQ3 Pin=IC8-2
Added Net: Name=DQ3
Added Pin To Net: NetName=DQ4 Pin=IC1-14
Added Pin To Net: NetName=DQ4 Pin=IC9-2
Added Net: Name=DQ4
Added Pin To Net: NetName=GND Pin=C1-2
Added Pin To Net: NetName=GND Pin=C2-2
Added Pin To Net: NetName=GND Pin=C3-2
Added Pin To Net: NetName=GND Pin=C4-2
Added Pin To Net: NetName=GND Pin=C5-2
Added Pin To Net: NetName=GND Pin=C6-2
Added Pin To Net: NetName=GND Pin=C7-2
Added Pin To Net: NetName=GND Pin=C8-2
Added Pin To Net: NetName=GND Pin=C9-2
Added Pin To Net: NetName=GND Pin=C10-2
Added Pin To Net: NetName=GND Pin=C11-2
Added Pin To Net: NetName=GND Pin=C12-2
Added Pin To Net: NetName=GND Pin=C13-2
Added Pin To Net: NetName=GND Pin=C14-2
Added Pin To Net: NetName=GND Pin=C15-2
Added Pin To Net: NetName=GND Pin=C16-2
Added Pin To Net: NetName=GND Pin=C17-2
Added Pin To Net: NetName=GND Pin=C18-2
Added Pin To Net: NetName=GND Pin=C19-2
Added Pin To Net: NetName=GND Pin=C20-2
Added Pin To Net: NetName=GND Pin=C22-2
Added Pin To Net: NetName=GND Pin=C23-1
Added Pin To Net: NetName=GND Pin=C24-2
Added Pin To Net: NetName=GND Pin=C25-2
Added Pin To Net: NetName=GND Pin=C26-2
Added Pin To Net: NetName=GND Pin=C27-2
Added Pin To Net: NetName=GND Pin=C28-2
Added Pin To Net: NetName=GND Pin=C29-2
Added Pin To Net: NetName=GND Pin=C30-2
Added Pin To Net: NetName=GND Pin=C31-2
Added Pin To Net: NetName=GND Pin=C32-2
Added Pin To Net: NetName=GND Pin=C33-2
Added Pin To Net: NetName=GND Pin=C34-2
Added Pin To Net: NetName=GND Pin=C35-2
Added Pin To Net: NetName=GND Pin=C36-2
Added Pin To Net: NetName=GND Pin=C37-2
Added Pin To Net: NetName=GND Pin=C38-2
Added Pin To Net: NetName=GND Pin=C39-2
Added Pin To Net: NetName=GND Pin=C40-2
Added Pin To Net: NetName=GND Pin=C41-2
Added Pin To Net: NetName=GND Pin=C42-2
Added Pin To Net: NetName=GND Pin=C43-2
Added Pin To Net: NetName=GND Pin=C44-2
Added Pin To Net: NetName=GND Pin=C45-2
Added Pin To Net: NetName=GND Pin=C47-2
Added Pin To Net: NetName=GND Pin=C48-1
Added Pin To Net: NetName=GND Pin=C49-1
Added Pin To Net: NetName=GND Pin=C50-2
Added Pin To Net: NetName=GND Pin=C51-2
Added Pin To Net: NetName=GND Pin=C52-2
Added Pin To Net: NetName=GND Pin=C53-2
Added Pin To Net: NetName=GND Pin=C54-2
Added Pin To Net: NetName=GND Pin=C55-2
Added Pin To Net: NetName=GND Pin=C56-2
Added Pin To Net: NetName=GND Pin=C57-2
Added Pin To Net: NetName=GND Pin=C58-2
Added Pin To Net: NetName=GND Pin=C59-2
Added Pin To Net: NetName=GND Pin=C60-2
Added Pin To Net: NetName=GND Pin=C61-2
Added Pin To Net: NetName=GND Pin=C62-2
Added Pin To Net: NetName=GND Pin=C81-2
Added Pin To Net: NetName=GND Pin=C82-2
Added Pin To Net: NetName=GND Pin=IC1-16
Added Pin To Net: NetName=GND Pin=IC1-30
Added Pin To Net: NetName=GND Pin=IC1-31
Added Pin To Net: NetName=GND Pin=IC1-38
Added Pin To Net: NetName=GND Pin=IC1-51
Added Pin To Net: NetName=GND Pin=IC1-61
Added Pin To Net: NetName=GND Pin=IC1-71
Added Pin To Net: NetName=GND Pin=IC1-83
Added Pin To Net: NetName=GND Pin=IC1-94
Added Pin To Net: NetName=GND Pin=IC1-107
Added Pin To Net: NetName=GND Pin=IC1-120
Added Pin To Net: NetName=GND Pin=IC1-130
Added Pin To Net: NetName=GND Pin=IC1-143
Added Pin To Net: NetName=GND Pin=IC2-16
Added Pin To Net: NetName=GND Pin=IC2-30
Added Pin To Net: NetName=GND Pin=IC2-31
Added Pin To Net: NetName=GND Pin=IC2-38
Added Pin To Net: NetName=GND Pin=IC2-51
Added Pin To Net: NetName=GND Pin=IC2-61
Added Pin To Net: NetName=GND Pin=IC2-71
Added Pin To Net: NetName=GND Pin=IC2-83
Added Pin To Net: NetName=GND Pin=IC2-94
Added Pin To Net: NetName=GND Pin=IC2-107
Added Pin To Net: NetName=GND Pin=IC2-120
Added Pin To Net: NetName=GND Pin=IC2-130
Added Pin To Net: NetName=GND Pin=IC2-143
Added Pin To Net: NetName=GND Pin=IC3-16
Added Pin To Net: NetName=GND Pin=IC3-30
Added Pin To Net: NetName=GND Pin=IC3-31
Added Pin To Net: NetName=GND Pin=IC3-38
Added Pin To Net: NetName=GND Pin=IC3-51
Added Pin To Net: NetName=GND Pin=IC3-61
Added Pin To Net: NetName=GND Pin=IC3-71
Added Pin To Net: NetName=GND Pin=IC3-83
Added Pin To Net: NetName=GND Pin=IC3-94
Added Pin To Net: NetName=GND Pin=IC3-107
Added Pin To Net: NetName=GND Pin=IC3-120
Added Pin To Net: NetName=GND Pin=IC3-130
Added Pin To Net: NetName=GND Pin=IC3-143
Added Pin To Net: NetName=GND Pin=IC4-16
Added Pin To Net: NetName=GND Pin=IC4-30
Added Pin To Net: NetName=GND Pin=IC4-31
Added Pin To Net: NetName=GND Pin=IC4-38
Added Pin To Net: NetName=GND Pin=IC4-51
Added Pin To Net: NetName=GND Pin=IC4-61
Added Pin To Net: NetName=GND Pin=IC4-71
Added Pin To Net: NetName=GND Pin=IC4-83
Added Pin To Net: NetName=GND Pin=IC4-94
Added Pin To Net: NetName=GND Pin=IC4-107
Added Pin To Net: NetName=GND Pin=IC4-120
Added Pin To Net: NetName=GND Pin=IC4-130
Added Pin To Net: NetName=GND Pin=IC4-143
Added Pin To Net: NetName=GND Pin=IC5-3
Added Pin To Net: NetName=GND Pin=IC5-9
Added Pin To Net: NetName=GND Pin=IC5-13
Added Pin To Net: NetName=GND Pin=IC5-15
Added Pin To Net: NetName=GND Pin=IC5-18
Added Pin To Net: NetName=GND Pin=IC5-29
Added Pin To Net: NetName=GND Pin=IC5-48
Added Pin To Net: NetName=GND Pin=IC6-1
Added Pin To Net: NetName=GND Pin=IC7-1
Added Pin To Net: NetName=GND Pin=IC8-1
Added Pin To Net: NetName=GND Pin=IC9-1
Added Pin To Net: NetName=GND Pin=J1-MH1
Added Pin To Net: NetName=GND Pin=J1-MH2
Added Pin To Net: NetName=GND Pin=P1-4
Added Pin To Net: NetName=GND Pin=P3-4
Added Pin To Net: NetName=GND Pin=P4-4
Added Pin To Net: NetName=GND Pin=P6-4
Added Pin To Net: NetName=GND Pin=P7-4
Added Pin To Net: NetName=GND Pin=P8-4
Added Pin To Net: NetName=GND Pin=P9-4
Added Pin To Net: NetName=GND Pin=R9-1
Added Pin To Net: NetName=GND Pin=R10-1
Added Pin To Net: NetName=GND Pin=R23-1
Added Pin To Net: NetName=GND Pin=R24-1
Added Pin To Net: NetName=GND Pin=R25-1
Added Pin To Net: NetName=GND Pin=R26-2
Added Pin To Net: NetName=GND Pin=R27-2
Added Pin To Net: NetName=GND Pin=R28-2
Added Pin To Net: NetName=GND Pin=R35-1
Added Pin To Net: NetName=GND Pin=R36-2
Added Pin To Net: NetName=GND Pin=S1-1
Added Pin To Net: NetName=GND Pin=S1-2
Added Pin To Net: NetName=GND Pin=S3-1
Added Pin To Net: NetName=GND Pin=S3-2
Added Net: Name=GND
Added Pin To Net: NetName=LINKLED Pin=IC5-25
Added Pin To Net: NetName=LINKLED Pin=J1-11
Added Net: Name=LINKLED
Added Pin To Net: NetName=M_BOOT0 Pin=IC1-138
Added Pin To Net: NetName=M_BOOT0 Pin=R34-2
Added Net: Name=M_BOOT0
Added Pin To Net: NetName=M_BOOT1 Pin=IC1-48
Added Pin To Net: NetName=M_BOOT1 Pin=R36-1
Added Net: Name=M_BOOT1
Added Pin To Net: NetName=M_NRST Pin=C51-1
Added Pin To Net: NetName=M_NRST Pin=IC1-25
Added Pin To Net: NetName=M_NRST Pin=R33-1
Added Pin To Net: NetName=M_NRST Pin=S1-3
Added Pin To Net: NetName=M_NRST Pin=S1-4
Added Net: Name=M_NRST
Added Pin To Net: NetName=M_SPI1_MISO Pin=IC1-42
Added Pin To Net: NetName=M_SPI1_MISO Pin=IC2-42
Added Net: Name=M_SPI1_MISO
Added Pin To Net: NetName=M_SPI1_MOSI Pin=IC1-43
Added Pin To Net: NetName=M_SPI1_MOSI Pin=IC2-43
Added Net: Name=M_SPI1_MOSI
Added Pin To Net: NetName=M_SPI1_SCLK Pin=IC1-41
Added Pin To Net: NetName=M_SPI1_SCLK Pin=IC2-41
Added Net: Name=M_SPI1_SCLK
Added Pin To Net: NetName=M_SWCLK Pin=IC1-109
Added Pin To Net: NetName=M_SWCLK Pin=P1-1
Added Net: Name=M_SWCLK
Added Pin To Net: NetName=M_SWDIO Pin=IC1-105
Added Pin To Net: NetName=M_SWDIO Pin=P1-2
Added Pin To Net: NetName=M_SWDIO Pin=R32-2
Added Net: Name=M_SWDIO
Added Pin To Net: NetName=NetC13_1 Pin=C13-1
Added Pin To Net: NetName=NetC13_1 Pin=IC2-23
Added Pin To Net: NetName=NetC13_1 Pin=Y2-1
Added Net: Name=NetC13_1
Added Pin To Net: NetName=NetC14_1 Pin=C14-1
Added Pin To Net: NetName=NetC14_1 Pin=IC2-24
Added Pin To Net: NetName=NetC14_1 Pin=Y2-2
Added Net: Name=NetC14_1
Added Pin To Net: NetName=NetC15_1 Pin=C15-1
Added Pin To Net: NetName=NetC15_1 Pin=IC3-23
Added Pin To Net: NetName=NetC15_1 Pin=Y3-1
Added Net: Name=NetC15_1
Added Pin To Net: NetName=NetC16_1 Pin=C16-1
Added Pin To Net: NetName=NetC16_1 Pin=IC3-24
Added Pin To Net: NetName=NetC16_1 Pin=Y3-2
Added Net: Name=NetC16_1
Added Pin To Net: NetName=NetC17_1 Pin=C17-1
Added Pin To Net: NetName=NetC17_1 Pin=IC4-23
Added Pin To Net: NetName=NetC17_1 Pin=Y4-1
Added Net: Name=NetC17_1
Added Pin To Net: NetName=NetC18_1 Pin=C18-1
Added Pin To Net: NetName=NetC18_1 Pin=IC4-24
Added Pin To Net: NetName=NetC18_1 Pin=Y4-2
Added Net: Name=NetC18_1
Added Pin To Net: NetName=NetC19_1 Pin=C19-1
Added Pin To Net: NetName=NetC19_1 Pin=IC5-19
Added Net: Name=NetC19_1
Added Pin To Net: NetName=NetC81_1 Pin=C81-1
Added Pin To Net: NetName=NetC81_1 Pin=IC1-23
Added Pin To Net: NetName=NetC81_1 Pin=Y1-1
Added Net: Name=NetC81_1
Added Pin To Net: NetName=NetC82_1 Pin=C82-1
Added Pin To Net: NetName=NetC82_1 Pin=IC1-24
Added Pin To Net: NetName=NetC82_1 Pin=Y1-2
Added Net: Name=NetC82_1
Added Pin To Net: NetName=NetIC5_10 Pin=IC5-10
Added Pin To Net: NetName=NetIC5_10 Pin=R9-2
Added Net: Name=NetIC5_10
Added Pin To Net: NetName=NetIC5_22 Pin=IC5-22
Added Pin To Net: NetName=NetIC5_22 Pin=R10-2
Added Net: Name=NetIC5_22
Added Pin To Net: NetName=NetIC5_38 Pin=IC5-38
Added Pin To Net: NetName=NetIC5_38 Pin=R5-1
Added Net: Name=NetIC5_38
Added Pin To Net: NetName=NetIC5_39 Pin=IC5-39
Added Pin To Net: NetName=NetIC5_39 Pin=R4-1
Added Net: Name=NetIC5_39
Added Pin To Net: NetName=NetIC5_40 Pin=IC5-40
Added Pin To Net: NetName=NetIC5_40 Pin=R3-1
Added Net: Name=NetIC5_40
Added Pin To Net: NetName=NetIC5_41 Pin=IC5-41
Added Pin To Net: NetName=NetIC5_41 Pin=R2-1
Added Net: Name=NetIC5_41
Added Pin To Net: NetName=NetIC5_42 Pin=IC5-42
Added Pin To Net: NetName=NetIC5_42 Pin=R1-1
Added Net: Name=NetIC5_42
Added Pin To Net: NetName=NetJ1_9 Pin=J1-9
Added Pin To Net: NetName=NetJ1_9 Pin=R18-2
Added Net: Name=NetJ1_9
Added Pin To Net: NetName=NetJ1_12 Pin=J1-12
Added Pin To Net: NetName=NetJ1_12 Pin=R19-2
Added Net: Name=NetJ1_12
Added Pin To Net: NetName=NetP5_9 Pin=R16-2
Added Net: Name=NetP5_9
Added Pin To Net: NetName=NetP5_12 Pin=R17-2
Added Net: Name=NetP5_12
Added Pin To Net: NetName=NetR1_2 Pin=R1-2
Added Pin To Net: NetName=NetR1_2 Pin=R2-2
Added Pin To Net: NetName=NetR1_2 Pin=R3-2
Added Pin To Net: NetName=NetR1_2 Pin=R4-2
Added Pin To Net: NetName=NetR1_2 Pin=R5-2
Added Net: Name=NetR1_2
Added Pin To Net: NetName=NetR34_1 Pin=R34-1
Added Pin To Net: NetName=NetR34_1 Pin=R35-2
Added Pin To Net: NetName=NetR34_1 Pin=S2-1
Added Pin To Net: NetName=NetR34_1 Pin=S2-2
Added Net: Name=NetR34_1
Added Pin To Net: NetName=RCT Pin=C23-2
Added Pin To Net: NetName=RCT Pin=J1-5
Added Pin To Net: NetName=RCT Pin=R14-1
Added Pin To Net: NetName=RCT Pin=R15-2
Added Net: Name=RCT
Added Pin To Net: NetName=RXNNET Pin=C46-1
Added Pin To Net: NetName=RXNNET Pin=J1-6
Added Net: Name=RXNNET
Added Pin To Net: NetName=RXN Pin=C46-2
Added Pin To Net: NetName=RXN Pin=IC5-5
Added Pin To Net: NetName=RXN Pin=R15-1
Added Net: Name=RXN
Added Pin To Net: NetName=RXPNET Pin=C21-1
Added Pin To Net: NetName=RXPNET Pin=J1-3
Added Net: Name=RXPNET
Added Pin To Net: NetName=RXP Pin=C21-2
Added Pin To Net: NetName=RXP Pin=IC5-6
Added Pin To Net: NetName=RXP Pin=R14-2
Added Net: Name=RXP
Added Pin To Net: NetName=S2_BOOT0 Pin=IC2-138
Added Pin To Net: NetName=S2_BOOT0 Pin=R24-2
Added Net: Name=S2_BOOT0
Added Pin To Net: NetName=S2_BOOT1 Pin=IC2-48
Added Pin To Net: NetName=S2_BOOT1 Pin=R27-1
Added Net: Name=S2_BOOT1
Added Pin To Net: NetName=S2_NRST Pin=C50-1
Added Pin To Net: NetName=S2_NRST Pin=IC2-25
Added Pin To Net: NetName=S2_NRST Pin=IC3-25
Added Pin To Net: NetName=S2_NRST Pin=IC4-25
Added Pin To Net: NetName=S2_NRST Pin=R30-1
Added Pin To Net: NetName=S2_NRST Pin=S3-3
Added Pin To Net: NetName=S2_NRST Pin=S3-4
Added Net: Name=S2_NRST
Added Pin To Net: NetName=S2_SWCLK Pin=IC2-109
Added Pin To Net: NetName=S2_SWCLK Pin=IC3-109
Added Pin To Net: NetName=S2_SWCLK Pin=IC4-109
Added Pin To Net: NetName=S2_SWCLK Pin=P9-1
Added Net: Name=S2_SWCLK
Added Pin To Net: NetName=S2_SWDIO Pin=IC2-105
Added Pin To Net: NetName=S2_SWDIO Pin=IC3-105
Added Pin To Net: NetName=S2_SWDIO Pin=IC4-105
Added Pin To Net: NetName=S2_SWDIO Pin=P9-2
Added Pin To Net: NetName=S2_SWDIO Pin=R31-2
Added Net: Name=S2_SWDIO
Added Pin To Net: NetName=S2S3_MISO Pin=IC2-75
Added Pin To Net: NetName=S2S3_MISO Pin=IC3-42
Added Net: Name=S2S3_MISO
Added Pin To Net: NetName=S2S3_MOSI Pin=IC2-76
Added Pin To Net: NetName=S2S3_MOSI Pin=IC3-43
Added Net: Name=S2S3_MOSI
Added Pin To Net: NetName=S2S3_SCLK Pin=IC2-74
Added Pin To Net: NetName=S2S3_SCLK Pin=IC3-41
Added Net: Name=S2S3_SCLK
Added Pin To Net: NetName=S2S4_MISO Pin=IC2-134
Added Pin To Net: NetName=S2S4_MISO Pin=IC4-42
Added Net: Name=S2S4_MISO
Added Pin To Net: NetName=S2S4_MOSI Pin=IC2-135
Added Pin To Net: NetName=S2S4_MOSI Pin=IC4-43
Added Net: Name=S2S4_MOSI
Added Pin To Net: NetName=S2S4_SCLK Pin=IC2-133
Added Pin To Net: NetName=S2S4_SCLK Pin=IC4-41
Added Net: Name=S2S4_SCLK
Added Pin To Net: NetName=S3_BOOT0 Pin=IC3-138
Added Pin To Net: NetName=S3_BOOT0 Pin=R25-2
Added Net: Name=S3_BOOT0
Added Pin To Net: NetName=S3_BOOT1 Pin=IC3-48
Added Pin To Net: NetName=S3_BOOT1 Pin=R28-1
Added Net: Name=S3_BOOT1
Added Pin To Net: NetName=S3S5_MISO Pin=IC3-75
Added Pin To Net: NetName=S3S5_MISO Pin=P6-2
Added Net: Name=S3S5_MISO
Added Pin To Net: NetName=S3S5_MOSI Pin=IC3-76
Added Pin To Net: NetName=S3S5_MOSI Pin=P6-3
Added Net: Name=S3S5_MOSI
Added Pin To Net: NetName=S3S5_SCLK Pin=IC3-74
Added Pin To Net: NetName=S3S5_SCLK Pin=P6-1
Added Net: Name=S3S5_SCLK
Added Pin To Net: NetName=S3S6_MISO Pin=IC3-134
Added Pin To Net: NetName=S3S6_MISO Pin=P8-2
Added Net: Name=S3S6_MISO
Added Pin To Net: NetName=S3S6_MOSI Pin=IC3-135
Added Pin To Net: NetName=S3S6_MOSI Pin=P8-3
Added Net: Name=S3S6_MOSI
Added Pin To Net: NetName=S3S6_SCLK Pin=IC3-133
Added Pin To Net: NetName=S3S6_SCLK Pin=P8-1
Added Net: Name=S3S6_SCLK
Added Pin To Net: NetName=S4_BOOT0 Pin=IC4-138
Added Pin To Net: NetName=S4_BOOT0 Pin=R23-2
Added Net: Name=S4_BOOT0
Added Pin To Net: NetName=S4_BOOT1 Pin=IC4-48
Added Pin To Net: NetName=S4_BOOT1 Pin=R26-1
Added Net: Name=S4_BOOT1
Added Pin To Net: NetName=S4S7_MISO Pin=IC4-75
Added Pin To Net: NetName=S4S7_MISO Pin=P4-2
Added Net: Name=S4S7_MISO
Added Pin To Net: NetName=S4S7_MOSI Pin=IC4-76
Added Pin To Net: NetName=S4S7_MOSI Pin=P4-3
Added Net: Name=S4S7_MOSI
Added Pin To Net: NetName=S4S7_SCLK Pin=IC4-74
Added Pin To Net: NetName=S4S7_SCLK Pin=P4-1
Added Net: Name=S4S7_SCLK
Added Pin To Net: NetName=S4S8_MISO Pin=IC4-134
Added Pin To Net: NetName=S4S8_MISO Pin=P7-2
Added Net: Name=S4S8_MISO
Added Pin To Net: NetName=S4S8_MOSI Pin=IC4-135
Added Pin To Net: NetName=S4S8_MOSI Pin=P7-3
Added Net: Name=S4S8_MOSI
Added Pin To Net: NetName=S4S8_SCLK Pin=IC4-133
Added Pin To Net: NetName=S4S8_SCLK Pin=P7-1
Added Net: Name=S4S8_SCLK
Added Pin To Net: NetName=SW_MISO Pin=IC1-2
Added Pin To Net: NetName=SW_MISO Pin=P2-2
Added Pin To Net: NetName=SW_MISO Pin=P2-4
Added Net: Name=SW_MISO
Added Pin To Net: NetName=SW_MOSI Pin=IC1-3
Added Pin To Net: NetName=SW_MOSI Pin=P2-3
Added Net: Name=SW_MOSI
Added Pin To Net: NetName=SW_RESET Pin=IC1-4
Added Pin To Net: NetName=SW_RESET Pin=IC2-4
Added Pin To Net: NetName=SW_RESET Pin=IC3-4
Added Pin To Net: NetName=SW_RESET Pin=IC4-4
Added Net: Name=SW_RESET
Added Pin To Net: NetName=SW_SCLK Pin=IC1-1
Added Pin To Net: NetName=SW_SCLK Pin=P2-1
Added Net: Name=SW_SCLK
Added Pin To Net: NetName=TCT Pin=C22-1
Added Pin To Net: NetName=TCT Pin=C47-1
Added Pin To Net: NetName=TCT Pin=J1-4
Added Pin To Net: NetName=TCT Pin=R13-2
Added Pin To Net: NetName=TCT Pin=R22-2
Added Net: Name=TCT
Added Pin To Net: NetName=TXN Pin=IC5-1
Added Pin To Net: NetName=TXN Pin=J1-2
Added Pin To Net: NetName=TXN Pin=R12-2
Added Pin To Net: NetName=TXN Pin=R21-2
Added Net: Name=TXN
Added Pin To Net: NetName=TXP Pin=IC5-2
Added Pin To Net: NetName=TXP Pin=J1-1
Added Pin To Net: NetName=TXP Pin=R11-2
Added Pin To Net: NetName=TXP Pin=R20-2
Added Net: Name=TXP
Added Pin To Net: NetName=USART1_RX Pin=IC1-102
Added Pin To Net: NetName=USART1_RX Pin=P3-2
Added Net: Name=USART1_RX
Added Pin To Net: NetName=USART1_TX Pin=IC1-101
Added Pin To Net: NetName=USART1_TX Pin=P3-3
Added Net: Name=USART1_TX
Added Pin To Net: NetName=VCC-1V2 Pin=C20-1
Added Pin To Net: NetName=VCC-1V2 Pin=IC5-21
Added Net: Name=VCC-1V2
Added Pin To Net: NetName=W5500_INT Pin=IC1-96
Added Pin To Net: NetName=W5500_INT Pin=IC5-36
Added Pin To Net: NetName=W5500_INT Pin=R7-1
Added Net: Name=W5500_INT
Added Pin To Net: NetName=W5500_RST Pin=IC1-97
Added Pin To Net: NetName=W5500_RST Pin=IC5-37
Added Pin To Net: NetName=W5500_RST Pin=R6-1
Added Net: Name=W5500_RST
Added Pin To Net: NetName=W5500_SCS Pin=IC1-73
Added Pin To Net: NetName=W5500_SCS Pin=IC5-32
Added Pin To Net: NetName=W5500_SCS Pin=R8-1
Added Net: Name=W5500_SCS
Added Pin To Net: NetName=W5500_SPI2_MISO Pin=IC1-75
Added Pin To Net: NetName=W5500_SPI2_MISO Pin=IC5-34
Added Net: Name=W5500_SPI2_MISO
Added Pin To Net: NetName=W5500_SPI2_MOSI Pin=IC1-76
Added Pin To Net: NetName=W5500_SPI2_MOSI Pin=IC5-35
Added Net: Name=W5500_SPI2_MOSI
Added Pin To Net: NetName=W5500_SPI2_SCLK Pin=IC1-74
Added Pin To Net: NetName=W5500_SPI2_SCLK Pin=IC5-33
Added Net: Name=W5500_SPI2_SCLK
Added Pin To Net: NetName=XI Pin=C49-2
Added Pin To Net: NetName=XI Pin=IC5-30
Added Pin To Net: NetName=XI Pin=R29-1
Added Pin To Net: NetName=XI Pin=Y5-1
Added Net: Name=XI
Added Pin To Net: NetName=XO Pin=C48-2
Added Pin To Net: NetName=XO Pin=IC5-31
Added Pin To Net: NetName=XO Pin=R29-2
Added Pin To Net: NetName=XO Pin=Y5-2
Added Net: Name=XO
Added Class: Name=all_Masterboard_2020
Added Room: Name=all_Masterboard_2020
