Added Component: Designator=C1(0603)
Add component (AddParameter): Name = "Value"; Value = "30pF"; VariantName = "[No Variations]"
Added Component: Designator=C2(0603)
Add component (AddParameter): Name = "Value"; Value = "30pF"; VariantName = "[No Variations]"
Added Component: Designator=C3(0603)
Add component (AddParameter): Name = "Value"; Value = "30pF"; VariantName = "[No Variations]"
Added Component: Designator=C4(0603)
Add component (AddParameter): Name = "Value"; Value = "30pF"; VariantName = "[No Variations]"
Added Component: Designator=C5(0603)
Add component (AddParameter): Name = "Value"; Value = "30pF"; VariantName = "[No Variations]"
Added Component: Designator=C6(0603)
Add component (AddParameter): Name = "Value"; Value = "30pF"; VariantName = "[No Variations]"
Added Component: Designator=C7(0603)
Add component (AddParameter): Name = "Value"; Value = "30pF"; VariantName = "[No Variations]"
Added Component: Designator=C8(0603)
Add component (AddParameter): Name = "Value"; Value = "30pF"; VariantName = "[No Variations]"
Added Component: Designator=C9(0603)
Add component (AddParameter): Name = "Value"; Value = "30pF"; VariantName = "[No Variations]"
Added Component: Designator=C10(0603)
Add component (AddParameter): Name = "Value"; Value = "30pF"; VariantName = "[No Variations]"
Added Component: Designator=C11(0603)
Add component (AddParameter): Name = "Value"; Value = "30pF"; VariantName = "[No Variations]"
Added Component: Designator=C12(0603)
Add component (AddParameter): Name = "Value"; Value = "30pF"; VariantName = "[No Variations]"
Added Component: Designator=C13(0402)
Add component (AddParameter): Name = "LatestRevisionDate"; Value = "17-Jul-2002"; VariantName = "[No Variations]"
Add component (AddParameter): Name = "LatestRevisionNote"; Value = "Re-released for DXP Platform."; VariantName = "[No Variations]"
Add component (AddParameter): Name = "PackageDescription"; Value = "Radial Cap, Thru-Hole; 2 Leads; 0.3 in Pin Spacing"; VariantName = "[No Variations]"
Add component (AddParameter): Name = "PackageReference"; Value = "RAD-0.3"; VariantName = "[No Variations]"
Add component (AddParameter): Name = "Published"; Value = "8-Jun-2000"; VariantName = "[No Variations]"
Add component (AddParameter): Name = "Publisher"; Value = "Altium Limited"; VariantName = "[No Variations]"
Add component (AddParameter): Name = "Value"; Value = "100pF"; VariantName = "[No Variations]"
Added Component: Designator=C14(0402)
Add component (AddParameter): Name = "LatestRevisionDate"; Value = "17-Jul-2002"; VariantName = "[No Variations]"
Add component (AddParameter): Name = "LatestRevisionNote"; Value = "Re-released for DXP Platform."; VariantName = "[No Variations]"
Add component (AddParameter): Name = "PackageDescription"; Value = "Radial Cap, Thru-Hole; 2 Leads; 0.3 in Pin Spacing"; VariantName = "[No Variations]"
Add component (AddParameter): Name = "PackageReference"; Value = "RAD-0.3"; VariantName = "[No Variations]"
Add component (AddParameter): Name = "Published"; Value = "8-Jun-2000"; VariantName = "[No Variations]"
Add component (AddParameter): Name = "Publisher"; Value = "Altium Limited"; VariantName = "[No Variations]"
Add component (AddParameter): Name = "Value"; Value = "100pF"; VariantName = "[No Variations]"
Added Component: Designator=C15(0402)
Add component (AddParameter): Name = "LatestRevisionDate"; Value = "17-Jul-2002"; VariantName = "[No Variations]"
Add component (AddParameter): Name = "LatestRevisionNote"; Value = "Re-released for DXP Platform."; VariantName = "[No Variations]"
Add component (AddParameter): Name = "PackageDescription"; Value = "Radial Cap, Thru-Hole; 2 Leads; 0.3 in Pin Spacing"; VariantName = "[No Variations]"
Add component (AddParameter): Name = "PackageReference"; Value = "RAD-0.3"; VariantName = "[No Variations]"
Add component (AddParameter): Name = "Published"; Value = "8-Jun-2000"; VariantName = "[No Variations]"
Add component (AddParameter): Name = "Publisher"; Value = "Altium Limited"; VariantName = "[No Variations]"
Add component (AddParameter): Name = "Value"; Value = "100pF"; VariantName = "[No Variations]"
Added Component: Designator=C16(0402)
Add component (AddParameter): Name = "LatestRevisionDate"; Value = "17-Jul-2002"; VariantName = "[No Variations]"
Add component (AddParameter): Name = "LatestRevisionNote"; Value = "Re-released for DXP Platform."; VariantName = "[No Variations]"
Add component (AddParameter): Name = "PackageDescription"; Value = "Radial Cap, Thru-Hole; 2 Leads; 0.3 in Pin Spacing"; VariantName = "[No Variations]"
Add component (AddParameter): Name = "PackageReference"; Value = "RAD-0.3"; VariantName = "[No Variations]"
Add component (AddParameter): Name = "Published"; Value = "8-Jun-2000"; VariantName = "[No Variations]"
Add component (AddParameter): Name = "Publisher"; Value = "Altium Limited"; VariantName = "[No Variations]"
Add component (AddParameter): Name = "Value"; Value = "100pF"; VariantName = "[No Variations]"
Added Component: Designator=C17(0402)
Add component (AddParameter): Name = "LatestRevisionDate"; Value = "17-Jul-2002"; VariantName = "[No Variations]"
Add component (AddParameter): Name = "LatestRevisionNote"; Value = "Re-released for DXP Platform."; VariantName = "[No Variations]"
Add component (AddParameter): Name = "PackageDescription"; Value = "Radial Cap, Thru-Hole; 2 Leads; 0.3 in Pin Spacing"; VariantName = "[No Variations]"
Add component (AddParameter): Name = "PackageReference"; Value = "RAD-0.3"; VariantName = "[No Variations]"
Add component (AddParameter): Name = "Published"; Value = "8-Jun-2000"; VariantName = "[No Variations]"
Add component (AddParameter): Name = "Publisher"; Value = "Altium Limited"; VariantName = "[No Variations]"
Add component (AddParameter): Name = "Value"; Value = "100pF"; VariantName = "[No Variations]"
Added Component: Designator=C18(0402)
Add component (AddParameter): Name = "LatestRevisionDate"; Value = "17-Jul-2002"; VariantName = "[No Variations]"
Add component (AddParameter): Name = "LatestRevisionNote"; Value = "Re-released for DXP Platform."; VariantName = "[No Variations]"
Add component (AddParameter): Name = "PackageDescription"; Value = "Radial Cap, Thru-Hole; 2 Leads; 0.3 in Pin Spacing"; VariantName = "[No Variations]"
Add component (AddParameter): Name = "PackageReference"; Value = "RAD-0.3"; VariantName = "[No Variations]"
Add component (AddParameter): Name = "Published"; Value = "8-Jun-2000"; VariantName = "[No Variations]"
Add component (AddParameter): Name = "Publisher"; Value = "Altium Limited"; VariantName = "[No Variations]"
Add component (AddParameter): Name = "Value"; Value = "100pF"; VariantName = "[No Variations]"
Added Component: Designator=C19(0402)
Add component (AddParameter): Name = "LatestRevisionDate"; Value = "17-Jul-2002"; VariantName = "[No Variations]"
Add component (AddParameter): Name = "LatestRevisionNote"; Value = "Re-released for DXP Platform."; VariantName = "[No Variations]"
Add component (AddParameter): Name = "PackageDescription"; Value = "Radial Cap, Thru-Hole; 2 Leads; 0.3 in Pin Spacing"; VariantName = "[No Variations]"
Add component (AddParameter): Name = "PackageReference"; Value = "RAD-0.3"; VariantName = "[No Variations]"
Add component (AddParameter): Name = "Published"; Value = "8-Jun-2000"; VariantName = "[No Variations]"
Add component (AddParameter): Name = "Publisher"; Value = "Altium Limited"; VariantName = "[No Variations]"
Add component (AddParameter): Name = "Value"; Value = "100pF"; VariantName = "[No Variations]"
Added Component: Designator=C20(0402)
Add component (AddParameter): Name = "LatestRevisionDate"; Value = "17-Jul-2002"; VariantName = "[No Variations]"
Add component (AddParameter): Name = "LatestRevisionNote"; Value = "Re-released for DXP Platform."; VariantName = "[No Variations]"
Add component (AddParameter): Name = "PackageDescription"; Value = "Radial Cap, Thru-Hole; 2 Leads; 0.3 in Pin Spacing"; VariantName = "[No Variations]"
Add component (AddParameter): Name = "PackageReference"; Value = "RAD-0.3"; VariantName = "[No Variations]"
Add component (AddParameter): Name = "Published"; Value = "8-Jun-2000"; VariantName = "[No Variations]"
Add component (AddParameter): Name = "Publisher"; Value = "Altium Limited"; VariantName = "[No Variations]"
Add component (AddParameter): Name = "Value"; Value = "100pF"; VariantName = "[No Variations]"
Added Component: Designator=C21(0402)
Add component (AddParameter): Name = "LatestRevisionDate"; Value = "17-Jul-2002"; VariantName = "[No Variations]"
Add component (AddParameter): Name = "LatestRevisionNote"; Value = "Re-released for DXP Platform."; VariantName = "[No Variations]"
Add component (AddParameter): Name = "PackageDescription"; Value = "Radial Cap, Thru-Hole; 2 Leads; 0.3 in Pin Spacing"; VariantName = "[No Variations]"
Add component (AddParameter): Name = "PackageReference"; Value = "RAD-0.3"; VariantName = "[No Variations]"
Add component (AddParameter): Name = "Published"; Value = "8-Jun-2000"; VariantName = "[No Variations]"
Add component (AddParameter): Name = "Publisher"; Value = "Altium Limited"; VariantName = "[No Variations]"
Add component (AddParameter): Name = "Value"; Value = "100pF"; VariantName = "[No Variations]"
Added Component: Designator=C22(0603)
Add component (AddParameter): Name = "Value"; Value = "100nF"; VariantName = "[No Variations]"
Added Component: Designator=C23(C0805)
Add component (AddParameter): Name = "Value"; Value = "10uF"; VariantName = "[No Variations]"
Added Component: Designator=C24(C0805)
Add component (AddParameter): Name = "Value"; Value = "1nF"; VariantName = "[No Variations]"
Added Component: Designator=C25(C0805)
Add component (AddParameter): Name = "Value"; Value = "1nF"; VariantName = "[No Variations]"
Added Component: Designator=C26(0603)
Added Component: Designator=C27(0603)
Added Component: Designator=C28(0603)
Added Component: Designator=C29(0603)
Added Component: Designator=C30(0603)
Added Component: Designator=C31(0603)
Added Component: Designator=C32(0603)
Added Component: Designator=C33(0603)
Added Component: Designator=C34(0603)
Added Component: Designator=C35(0603)
Added Component: Designator=C36(0603)
Added Component: Designator=C37(0603)
Added Component: Designator=C38(0603)
Added Component: Designator=C39(0603)
Added Component: Designator=C40(0603)
Added Component: Designator=C41(0603)
Added Component: Designator=C42(0603)
Added Component: Designator=C43(0603)
Added Component: Designator=C44(0603)
Added Component: Designator=C45(0603)
Added Component: Designator=C46(0603)
Added Component: Designator=C47(0603)
Added Component: Designator=C48(0603)
Added Component: Designator=C49(0603)
Added Component: Designator=C50(0603)
Added Component: Designator=C51(0603)
Added Component: Designator=C52(0603)
Added Component: Designator=C53(0603)
Added Component: Designator=C54(0603)
Added Component: Designator=C55(0603)
Added Component: Designator=C56(0603)
Added Component: Designator=C57(0603)
Added Component: Designator=C58(0603)
Added Component: Designator=C59(0603)
Added Component: Designator=C60(0603)
Added Component: Designator=C61(0603)
Added Component: Designator=C62(0603)
Added Component: Designator=C63(0603)
Added Component: Designator=C64(0603)
Added Component: Designator=C65(0603)
Added Component: Designator=C66(0603)
Added Component: Designator=C67(0603)
Added Component: Designator=C68(0603)
Added Component: Designator=C69(0603)
Added Component: Designator=C70(0603)
Added Component: Designator=C71(0603)
Added Component: Designator=C72(0603)
Added Component: Designator=C73(0603)
Added Component: Designator=C74(0603)
Added Component: Designator=C75(0603)
Added Component: Designator=C76(0603)
Added Component: Designator=C77(0603)
Added Component: Designator=C78(0603)
Added Component: Designator=C79(0603)
Added Component: Designator=C80(0603)
Added Component: Designator=C81(0603)
Added Component: Designator=C82(0603)
Added Component: Designator=C83(0603)
Added Component: Designator=C84(0603)
Added Component: Designator=C85(0603)
Added Component: Designator=C86(0603)
Added Component: Designator=C87(0603)
Added Component: Designator=C88(0603)
Added Component: Designator=C89(0603)
Added Component: Designator=C90(0603)
Added Component: Designator=C91(0603)
Added Component: Designator=C94(C0805)
Add component (AddParameter): Name = "Value"; Value = "1nF"; VariantName = "[No Variations]"
Added Component: Designator=C95(0603)
Add component (AddParameter): Name = "Value"; Value = "100nF"; VariantName = "[No Variations]"
Added Component: Designator=IC1(QFP50P2200X2200X160-144N)
Add component (AddParameter): Name = "Arrow Part Number"; Value = "STM32F429ZGT6"; VariantName = "[No Variations]"
Add component (AddParameter): Name = "Arrow Price/Stock"; Value = "https://www.arrow.com/en/products/stm32f429zgt6/stmicroelectronics"; VariantName = "[No Variations]"
Add component (AddParameter): Name = "Datasheet Link"; Value = "http://www.st.com/web/en/resource/technical/document/datasheet/DM00071990.pdf"; VariantName = "[No Variations]"
Add component (AddParameter): Name = "Height"; Value = "1.6mm"; VariantName = "[No Variations]"
Add component (AddParameter): Name = "Manufacturer_Name"; Value = "STMicroelectronics"; VariantName = "[No Variations]"
Add component (AddParameter): Name = "Manufacturer_Part_Number"; Value = "STM32F429ZGT6"; VariantName = "[No Variations]"
Add component (AddParameter): Name = "Mouser Part Number"; Value = "511-STM32F429ZGT6"; VariantName = "[No Variations]"
Add component (AddParameter): Name = "Mouser Price/Stock"; Value = "https://www.mouser.co.uk/ProductDetail/STMicroelectronics/STM32F429ZGT6?qs=DqCdCwOw4%2F61O51evUvYMQ%3D%3D"; VariantName = "[No Variations]"
Added Component: Designator=IC2(QFP50P2200X2200X160-144N)
Add component (AddParameter): Name = "Arrow Part Number"; Value = "STM32F429ZGT6"; VariantName = "[No Variations]"
Add component (AddParameter): Name = "Arrow Price/Stock"; Value = "https://www.arrow.com/en/products/stm32f429zgt6/stmicroelectronics"; VariantName = "[No Variations]"
Add component (AddParameter): Name = "Datasheet Link"; Value = "http://www.st.com/web/en/resource/technical/document/datasheet/DM00071990.pdf"; VariantName = "[No Variations]"
Add component (AddParameter): Name = "Height"; Value = "1.6mm"; VariantName = "[No Variations]"
Add component (AddParameter): Name = "Manufacturer_Name"; Value = "STMicroelectronics"; VariantName = "[No Variations]"
Add component (AddParameter): Name = "Manufacturer_Part_Number"; Value = "STM32F429ZGT6"; VariantName = "[No Variations]"
Add component (AddParameter): Name = "Mouser Part Number"; Value = "511-STM32F429ZGT6"; VariantName = "[No Variations]"
Add component (AddParameter): Name = "Mouser Price/Stock"; Value = "https://www.mouser.co.uk/ProductDetail/STMicroelectronics/STM32F429ZGT6?qs=DqCdCwOw4%2F61O51evUvYMQ%3D%3D"; VariantName = "[No Variations]"
Added Component: Designator=IC3(QFP50P2200X2200X160-144N)
Add component (AddParameter): Name = "Arrow Part Number"; Value = "STM32F429ZGT6"; VariantName = "[No Variations]"
Add component (AddParameter): Name = "Arrow Price/Stock"; Value = "https://www.arrow.com/en/products/stm32f429zgt6/stmicroelectronics"; VariantName = "[No Variations]"
Add component (AddParameter): Name = "Datasheet Link"; Value = "http://www.st.com/web/en/resource/technical/document/datasheet/DM00071990.pdf"; VariantName = "[No Variations]"
Add component (AddParameter): Name = "Height"; Value = "1.6mm"; VariantName = "[No Variations]"
Add component (AddParameter): Name = "Manufacturer_Name"; Value = "STMicroelectronics"; VariantName = "[No Variations]"
Add component (AddParameter): Name = "Manufacturer_Part_Number"; Value = "STM32F429ZGT6"; VariantName = "[No Variations]"
Add component (AddParameter): Name = "Mouser Part Number"; Value = "511-STM32F429ZGT6"; VariantName = "[No Variations]"
Add component (AddParameter): Name = "Mouser Price/Stock"; Value = "https://www.mouser.co.uk/ProductDetail/STMicroelectronics/STM32F429ZGT6?qs=DqCdCwOw4%2F61O51evUvYMQ%3D%3D"; VariantName = "[No Variations]"
Added Component: Designator=IC4(QFP50P2200X2200X160-144N)
Add component (AddParameter): Name = "Arrow Part Number"; Value = "STM32F429ZGT6"; VariantName = "[No Variations]"
Add component (AddParameter): Name = "Arrow Price/Stock"; Value = "https://www.arrow.com/en/products/stm32f429zgt6/stmicroelectronics"; VariantName = "[No Variations]"
Add component (AddParameter): Name = "Datasheet Link"; Value = "http://www.st.com/web/en/resource/technical/document/datasheet/DM00071990.pdf"; VariantName = "[No Variations]"
Add component (AddParameter): Name = "Height"; Value = "1.6mm"; VariantName = "[No Variations]"
Add component (AddParameter): Name = "Manufacturer_Name"; Value = "STMicroelectronics"; VariantName = "[No Variations]"
Add component (AddParameter): Name = "Manufacturer_Part_Number"; Value = "STM32F429ZGT6"; VariantName = "[No Variations]"
Add component (AddParameter): Name = "Mouser Part Number"; Value = "511-STM32F429ZGT6"; VariantName = "[No Variations]"
Add component (AddParameter): Name = "Mouser Price/Stock"; Value = "https://www.mouser.co.uk/ProductDetail/STMicroelectronics/STM32F429ZGT6?qs=DqCdCwOw4%2F61O51evUvYMQ%3D%3D"; VariantName = "[No Variations]"
Added Component: Designator=IC5(QFP50P2200X2200X160-144N)
Add component (AddParameter): Name = "Arrow Part Number"; Value = "STM32F429ZGT6"; VariantName = "[No Variations]"
Add component (AddParameter): Name = "Arrow Price/Stock"; Value = "https://www.arrow.com/en/products/stm32f429zgt6/stmicroelectronics"; VariantName = "[No Variations]"
Add component (AddParameter): Name = "Datasheet Link"; Value = "http://www.st.com/web/en/resource/technical/document/datasheet/DM00071990.pdf"; VariantName = "[No Variations]"
Add component (AddParameter): Name = "Height"; Value = "1.6mm"; VariantName = "[No Variations]"
Add component (AddParameter): Name = "Manufacturer_Name"; Value = "STMicroelectronics"; VariantName = "[No Variations]"
Add component (AddParameter): Name = "Manufacturer_Part_Number"; Value = "STM32F429ZGT6"; VariantName = "[No Variations]"
Add component (AddParameter): Name = "Mouser Part Number"; Value = "511-STM32F429ZGT6"; VariantName = "[No Variations]"
Add component (AddParameter): Name = "Mouser Price/Stock"; Value = "https://www.mouser.co.uk/ProductDetail/STMicroelectronics/STM32F429ZGT6?qs=DqCdCwOw4%2F61O51evUvYMQ%3D%3D"; VariantName = "[No Variations]"
Added Component: Designator=IC6(QFP50P2200X2200X160-144N)
Add component (AddParameter): Name = "Arrow Part Number"; Value = "STM32F429ZGT6"; VariantName = "[No Variations]"
Add component (AddParameter): Name = "Arrow Price/Stock"; Value = "https://www.arrow.com/en/products/stm32f429zgt6/stmicroelectronics"; VariantName = "[No Variations]"
Add component (AddParameter): Name = "Datasheet Link"; Value = "http://www.st.com/web/en/resource/technical/document/datasheet/DM00071990.pdf"; VariantName = "[No Variations]"
Add component (AddParameter): Name = "Height"; Value = "1.6mm"; VariantName = "[No Variations]"
Add component (AddParameter): Name = "Manufacturer_Name"; Value = "STMicroelectronics"; VariantName = "[No Variations]"
Add component (AddParameter): Name = "Manufacturer_Part_Number"; Value = "STM32F429ZGT6"; VariantName = "[No Variations]"
Add component (AddParameter): Name = "Mouser Part Number"; Value = "511-STM32F429ZGT6"; VariantName = "[No Variations]"
Add component (AddParameter): Name = "Mouser Price/Stock"; Value = "https://www.mouser.co.uk/ProductDetail/STMicroelectronics/STM32F429ZGT6?qs=DqCdCwOw4%2F61O51evUvYMQ%3D%3D"; VariantName = "[No Variations]"
Added Component: Designator=IC7(DS18B20TR)
Add component (AddParameter): Name = "Arrow Part Number"; Value = ""; VariantName = "[No Variations]"
Add component (AddParameter): Name = "Arrow Price/Stock"; Value = ""; VariantName = "[No Variations]"
Add component (AddParameter): Name = "Datasheet Link"; Value = "https://componentsearchengine.com/Datasheets/1/DS18B20+T&R.pdf"; VariantName = "[No Variations]"
Add component (AddParameter): Name = "Height"; Value = "10.41mm"; VariantName = "[No Variations]"
Add component (AddParameter): Name = "Manufacturer_Name"; Value = "Maxim Integrated"; VariantName = "[No Variations]"
Add component (AddParameter): Name = "Manufacturer_Part_Number"; Value = "DS18B20+T&R"; VariantName = "[No Variations]"
Add component (AddParameter): Name = "Mouser Part Number"; Value = "700-DS18B20T&R"; VariantName = "[No Variations]"
Add component (AddParameter): Name = "Mouser Price/Stock"; Value = "https://www.mouser.co.uk/ProductDetail/Maxim-Integrated/DS18B20%2bTR?qs=7H2Jq%252ByxpJKpIDCbiq4lfg%3D%3D"; VariantName = "[No Variations]"
Added Component: Designator=IC8(DS18B20TR)
Add component (AddParameter): Name = "Arrow Part Number"; Value = ""; VariantName = "[No Variations]"
Add component (AddParameter): Name = "Arrow Price/Stock"; Value = ""; VariantName = "[No Variations]"
Add component (AddParameter): Name = "Datasheet Link"; Value = "https://componentsearchengine.com/Datasheets/1/DS18B20+T&R.pdf"; VariantName = "[No Variations]"
Add component (AddParameter): Name = "Height"; Value = "10.41mm"; VariantName = "[No Variations]"
Add component (AddParameter): Name = "Manufacturer_Name"; Value = "Maxim Integrated"; VariantName = "[No Variations]"
Add component (AddParameter): Name = "Manufacturer_Part_Number"; Value = "DS18B20+T&R"; VariantName = "[No Variations]"
Add component (AddParameter): Name = "Mouser Part Number"; Value = "700-DS18B20T&R"; VariantName = "[No Variations]"
Add component (AddParameter): Name = "Mouser Price/Stock"; Value = "https://www.mouser.co.uk/ProductDetail/Maxim-Integrated/DS18B20%2bTR?qs=7H2Jq%252ByxpJKpIDCbiq4lfg%3D%3D"; VariantName = "[No Variations]"
Added Component: Designator=IC9(DS18B20TR)
Add component (AddParameter): Name = "Arrow Part Number"; Value = ""; VariantName = "[No Variations]"
Add component (AddParameter): Name = "Arrow Price/Stock"; Value = ""; VariantName = "[No Variations]"
Add component (AddParameter): Name = "Datasheet Link"; Value = "https://componentsearchengine.com/Datasheets/1/DS18B20+T&R.pdf"; VariantName = "[No Variations]"
Add component (AddParameter): Name = "Height"; Value = "10.41mm"; VariantName = "[No Variations]"
Add component (AddParameter): Name = "Manufacturer_Name"; Value = "Maxim Integrated"; VariantName = "[No Variations]"
Add component (AddParameter): Name = "Manufacturer_Part_Number"; Value = "DS18B20+T&R"; VariantName = "[No Variations]"
Add component (AddParameter): Name = "Mouser Part Number"; Value = "700-DS18B20T&R"; VariantName = "[No Variations]"
Add component (AddParameter): Name = "Mouser Price/Stock"; Value = "https://www.mouser.co.uk/ProductDetail/Maxim-Integrated/DS18B20%2bTR?qs=7H2Jq%252ByxpJKpIDCbiq4lfg%3D%3D"; VariantName = "[No Variations]"
Added Component: Designator=IC10(DS18B20TR)
Add component (AddParameter): Name = "Arrow Part Number"; Value = ""; VariantName = "[No Variations]"
Add component (AddParameter): Name = "Arrow Price/Stock"; Value = ""; VariantName = "[No Variations]"
Add component (AddParameter): Name = "Datasheet Link"; Value = "https://componentsearchengine.com/Datasheets/1/DS18B20+T&R.pdf"; VariantName = "[No Variations]"
Add component (AddParameter): Name = "Height"; Value = "10.41mm"; VariantName = "[No Variations]"
Add component (AddParameter): Name = "Manufacturer_Name"; Value = "Maxim Integrated"; VariantName = "[No Variations]"
Add component (AddParameter): Name = "Manufacturer_Part_Number"; Value = "DS18B20+T&R"; VariantName = "[No Variations]"
Add component (AddParameter): Name = "Mouser Part Number"; Value = "700-DS18B20T&R"; VariantName = "[No Variations]"
Add component (AddParameter): Name = "Mouser Price/Stock"; Value = "https://www.mouser.co.uk/ProductDetail/Maxim-Integrated/DS18B20%2bTR?qs=7H2Jq%252ByxpJKpIDCbiq4lfg%3D%3D"; VariantName = "[No Variations]"
Added Component: Designator=IC11(QFP50P900X900X160-48N)
Add component (AddParameter): Name = "Arrow Part Number"; Value = "W5500"; VariantName = "[No Variations]"
Add component (AddParameter): Name = "Arrow Price/Stock"; Value = "https://www.arrow.com/en/products/w5500/wiznet"; VariantName = "[No Variations]"
Add component (AddParameter): Name = "Datasheet Link"; Value = "https://www.arrow.com/en/products/w5500/wiznet"; VariantName = "[No Variations]"
Add component (AddParameter): Name = "Height"; Value = "1.6mm"; VariantName = "[No Variations]"
Add component (AddParameter): Name = "Manufacturer_Name"; Value = "Wiznet Technology"; VariantName = "[No Variations]"
Add component (AddParameter): Name = "Manufacturer_Part_Number"; Value = "W5500"; VariantName = "[No Variations]"
Add component (AddParameter): Name = "Mouser Part Number"; Value = ""; VariantName = "[No Variations]"
Add component (AddParameter): Name = "Mouser Price/Stock"; Value = ""; VariantName = "[No Variations]"
Added Component: Designator=J1(HR911105A)
Add component (AddParameter): Name = "Arrow Part Number"; Value = ""; VariantName = "[No Variations]"
Add component (AddParameter): Name = "Arrow Price/Stock"; Value = ""; VariantName = "[No Variations]"
Add component (AddParameter): Name = "Datasheet Link"; Value = "https://datasheet.lcsc.com/szlcsc/Zhongshan-HanRun-Elec-HR911105A_C12074.pdf"; VariantName = "[No Variations]"
Add component (AddParameter): Name = "Height"; Value = "13.75mm"; VariantName = "[No Variations]"
Add component (AddParameter): Name = "Manufacturer_Name"; Value = "HANRUN(Zhongshan HanRun Elec)"; VariantName = "[No Variations]"
Add component (AddParameter): Name = "Manufacturer_Part_Number"; Value = "HR911105A"; VariantName = "[No Variations]"
Add component (AddParameter): Name = "Mouser Part Number"; Value = ""; VariantName = "[No Variations]"
Add component (AddParameter): Name = "Mouser Price/Stock"; Value = ""; VariantName = "[No Variations]"
Added Component: Designator=L1(FP-IHLP-6767GZ-FP_3_825x1-MFG)
Add component (AddParameter): Name = "Case/Package"; Value = "6767"; VariantName = "[No Variations]"
Add component (AddParameter): Name = "Core Material"; Value = "Metal"; VariantName = "[No Variations]"
Add component (AddParameter): Name = "Current Rating"; Value = "11A"; VariantName = "[No Variations]"
Add component (AddParameter): Name = "DC Resistance (DCR)"; Value = "26.5mR"; VariantName = "[No Variations]"
Add component (AddParameter): Name = "Depth"; Value = "17.15mm"; VariantName = "[No Variations]"
Add component (AddParameter): Name = "Height"; Value = "7mm"; VariantName = "[No Variations]"
Add component (AddParameter): Name = "Height - Seated (Max)"; Value = "0.157inch"; VariantName = "[No Variations]"
Add component (AddParameter): Name = "Inductance"; Value = "22uH"; VariantName = "[No Variations]"
Add component (AddParameter): Name = "Inductance Tolerance"; Value = "20%"; VariantName = "[No Variations]"
Add component (AddParameter): Name = "Lead Free"; Value = "Lead Free"; VariantName = "[No Variations]"
Add component (AddParameter): Name = "Length"; Value = "17.15mm"; VariantName = "[No Variations]"
Add component (AddParameter): Name = "Max DC Current"; Value = "23A"; VariantName = "[No Variations]"
Add component (AddParameter): Name = "Max Operating Temperature"; Value = "125°„C"; VariantName = "[No Variations]"
Add component (AddParameter): Name = "Military Standard"; Value = "Not"; VariantName = "[No Variations]"
Add component (AddParameter): Name = "Min Operating Temperature"; Value = "-55°„C"; VariantName = "[No Variations]"
Add component (AddParameter): Name = "Mount"; Value = "Surface Mount"; VariantName = "[No Variations]"
Add component (AddParameter): Name = "Package Quantity"; Value = "200"; VariantName = "[No Variations]"
Add component (AddParameter): Name = "Packaging"; Value = "Tape and Reel"; VariantName = "[No Variations]"
Add component (AddParameter): Name = "Radiation Hardening"; Value = "No"; VariantName = "[No Variations]"
Add component (AddParameter): Name = "RMS Current (Irms)"; Value = "11A"; VariantName = "[No Variations]"
Add component (AddParameter): Name = "Saturation Current"; Value = "23A"; VariantName = "[No Variations]"
Add component (AddParameter): Name = "Self Resonant Frequency"; Value = "2MHz"; VariantName = "[No Variations]"
Add component (AddParameter): Name = "Shielding"; Value = "Shielded"; VariantName = "[No Variations]"
Add component (AddParameter): Name = "Termination"; Value = "SMD/SMT"; VariantName = "[No Variations]"
Add component (AddParameter): Name = "Test Frequency"; Value = "100kHz"; VariantName = "[No Variations]"
Add component (AddParameter): Name = "Tolerance"; Value = "20%"; VariantName = "[No Variations]"
Add component (AddParameter): Name = "Width"; Value = "0.675inch"; VariantName = "[No Variations]"
Added Component: Designator=P1(MHDR1X4)
Add component (AddParameter): Name = "LatestRevisionDate"; Value = "17-Jul-2002"; VariantName = "[No Variations]"
Add component (AddParameter): Name = "LatestRevisionNote"; Value = "Re-released for DXP Platform."; VariantName = "[No Variations]"
Add component (AddParameter): Name = "Publisher"; Value = "Altium Limited"; VariantName = "[No Variations]"
Added Component: Designator=P2(MHDR1X4)
Add component (AddParameter): Name = "LatestRevisionDate"; Value = "17-Jul-2002"; VariantName = "[No Variations]"
Add component (AddParameter): Name = "LatestRevisionNote"; Value = "Re-released for DXP Platform."; VariantName = "[No Variations]"
Add component (AddParameter): Name = "Publisher"; Value = "Altium Limited"; VariantName = "[No Variations]"
Added Component: Designator=P3(MHDR1X4)
Add component (AddParameter): Name = "LatestRevisionDate"; Value = "17-Jul-2002"; VariantName = "[No Variations]"
Add component (AddParameter): Name = "LatestRevisionNote"; Value = "Re-released for DXP Platform."; VariantName = "[No Variations]"
Add component (AddParameter): Name = "Publisher"; Value = "Altium Limited"; VariantName = "[No Variations]"
Added Component: Designator=P4(MHDR1X15)
Add component (AddParameter): Name = "LatestRevisionDate"; Value = "17-Jul-2002"; VariantName = "[No Variations]"
Add component (AddParameter): Name = "LatestRevisionNote"; Value = "Re-released for DXP Platform."; VariantName = "[No Variations]"
Add component (AddParameter): Name = "Publisher"; Value = "Altium Limited"; VariantName = "[No Variations]"
Added Component: Designator=P5(MHDR1X15)
Add component (AddParameter): Name = "LatestRevisionDate"; Value = "17-Jul-2002"; VariantName = "[No Variations]"
Add component (AddParameter): Name = "LatestRevisionNote"; Value = "Re-released for DXP Platform."; VariantName = "[No Variations]"
Add component (AddParameter): Name = "Publisher"; Value = "Altium Limited"; VariantName = "[No Variations]"
Added Component: Designator=P6(MHDR1X15)
Add component (AddParameter): Name = "LatestRevisionDate"; Value = "17-Jul-2002"; VariantName = "[No Variations]"
Add component (AddParameter): Name = "LatestRevisionNote"; Value = "Re-released for DXP Platform."; VariantName = "[No Variations]"
Add component (AddParameter): Name = "Publisher"; Value = "Altium Limited"; VariantName = "[No Variations]"
Added Component: Designator=P7(MHDR1X15)
Add component (AddParameter): Name = "LatestRevisionDate"; Value = "17-Jul-2002"; VariantName = "[No Variations]"
Add component (AddParameter): Name = "LatestRevisionNote"; Value = "Re-released for DXP Platform."; VariantName = "[No Variations]"
Add component (AddParameter): Name = "Publisher"; Value = "Altium Limited"; VariantName = "[No Variations]"
Added Component: Designator=P8(MHDR1X15)
Add component (AddParameter): Name = "LatestRevisionDate"; Value = "17-Jul-2002"; VariantName = "[No Variations]"
Add component (AddParameter): Name = "LatestRevisionNote"; Value = "Re-released for DXP Platform."; VariantName = "[No Variations]"
Add component (AddParameter): Name = "Publisher"; Value = "Altium Limited"; VariantName = "[No Variations]"
Added Component: Designator=P9(MHDR1X4)
Add component (AddParameter): Name = "LatestRevisionDate"; Value = "17-Jul-2002"; VariantName = "[No Variations]"
Add component (AddParameter): Name = "LatestRevisionNote"; Value = "Re-released for DXP Platform."; VariantName = "[No Variations]"
Add component (AddParameter): Name = "Publisher"; Value = "Altium Limited"; VariantName = "[No Variations]"
Added Component: Designator=P10(MHDR1X2)
Add component (AddParameter): Name = "LatestRevisionDate"; Value = "17-Jul-2002"; VariantName = "[No Variations]"
Add component (AddParameter): Name = "LatestRevisionNote"; Value = "Re-released for DXP Platform."; VariantName = "[No Variations]"
Add component (AddParameter): Name = "Publisher"; Value = "Altium Limited"; VariantName = "[No Variations]"
Added Component: Designator=PS2(TMR62415WIR)
Add component (AddParameter): Name = "Arrow Part Number"; Value = ""; VariantName = "[No Variations]"
Add component (AddParameter): Name = "Arrow Price/Stock"; Value = ""; VariantName = "[No Variations]"
Add component (AddParameter): Name = "Datasheet Link"; Value = "https://componentsearchengine.com/Datasheets/2/TMR 6-2415WIR.pdf"; VariantName = "[No Variations]"
Add component (AddParameter): Name = "Height"; Value = "11.7mm"; VariantName = "[No Variations]"
Add component (AddParameter): Name = "Manufacturer_Name"; Value = "Traco Power"; VariantName = "[No Variations]"
Add component (AddParameter): Name = "Manufacturer_Part_Number"; Value = "TMR 6-2415WIR"; VariantName = "[No Variations]"
Add component (AddParameter): Name = "Mouser Part Number"; Value = "495-TMR6-2415WIR"; VariantName = "[No Variations]"
Add component (AddParameter): Name = "Mouser Price/Stock"; Value = "https://www.mouser.co.uk/ProductDetail/TRACO-Power/TMR-6-2415WIR?qs=y6ZabgHbY%252ByrRGfp%2FzTT2Q%3D%3D"; VariantName = "[No Variations]"
Added Component: Designator=R1(AXIAL-0.4)
Add component (AddParameter): Name = "LatestRevisionDate"; Value = "17-Jul-2002"; VariantName = "[No Variations]"
Add component (AddParameter): Name = "LatestRevisionNote"; Value = "Re-released for DXP Platform."; VariantName = "[No Variations]"
Add component (AddParameter): Name = "PackageDescription"; Value = "Axial Device, Thru-Hole; 2 Leads; 0.4 in Pin Spacing"; VariantName = "[No Variations]"
Add component (AddParameter): Name = "PackageReference"; Value = "AXIAL-0.4"; VariantName = "[No Variations]"
Add component (AddParameter): Name = "Published"; Value = "8-Jun-2000"; VariantName = "[No Variations]"
Add component (AddParameter): Name = "Publisher"; Value = "Altium Limited"; VariantName = "[No Variations]"
Add component (AddParameter): Name = "Value"; Value = "1K"; VariantName = "[No Variations]"
Added Component: Designator=R2(AXIAL-0.4)
Add component (AddParameter): Name = "LatestRevisionDate"; Value = "17-Jul-2002"; VariantName = "[No Variations]"
Add component (AddParameter): Name = "LatestRevisionNote"; Value = "Re-released for DXP Platform."; VariantName = "[No Variations]"
Add component (AddParameter): Name = "PackageDescription"; Value = "Axial Device, Thru-Hole; 2 Leads; 0.4 in Pin Spacing"; VariantName = "[No Variations]"
Add component (AddParameter): Name = "PackageReference"; Value = "AXIAL-0.4"; VariantName = "[No Variations]"
Add component (AddParameter): Name = "Published"; Value = "8-Jun-2000"; VariantName = "[No Variations]"
Add component (AddParameter): Name = "Publisher"; Value = "Altium Limited"; VariantName = "[No Variations]"
Add component (AddParameter): Name = "Value"; Value = "1K"; VariantName = "[No Variations]"
Added Component: Designator=R3(AXIAL-0.4)
Add component (AddParameter): Name = "LatestRevisionDate"; Value = "17-Jul-2002"; VariantName = "[No Variations]"
Add component (AddParameter): Name = "LatestRevisionNote"; Value = "Re-released for DXP Platform."; VariantName = "[No Variations]"
Add component (AddParameter): Name = "PackageDescription"; Value = "Axial Device, Thru-Hole; 2 Leads; 0.4 in Pin Spacing"; VariantName = "[No Variations]"
Add component (AddParameter): Name = "PackageReference"; Value = "AXIAL-0.4"; VariantName = "[No Variations]"
Add component (AddParameter): Name = "Published"; Value = "8-Jun-2000"; VariantName = "[No Variations]"
Add component (AddParameter): Name = "Publisher"; Value = "Altium Limited"; VariantName = "[No Variations]"
Add component (AddParameter): Name = "Value"; Value = "1K"; VariantName = "[No Variations]"
Added Component: Designator=R4(AXIAL-0.4)
Add component (AddParameter): Name = "LatestRevisionDate"; Value = "17-Jul-2002"; VariantName = "[No Variations]"
Add component (AddParameter): Name = "LatestRevisionNote"; Value = "Re-released for DXP Platform."; VariantName = "[No Variations]"
Add component (AddParameter): Name = "PackageDescription"; Value = "Axial Device, Thru-Hole; 2 Leads; 0.4 in Pin Spacing"; VariantName = "[No Variations]"
Add component (AddParameter): Name = "PackageReference"; Value = "AXIAL-0.4"; VariantName = "[No Variations]"
Add component (AddParameter): Name = "Published"; Value = "8-Jun-2000"; VariantName = "[No Variations]"
Add component (AddParameter): Name = "Publisher"; Value = "Altium Limited"; VariantName = "[No Variations]"
Add component (AddParameter): Name = "Value"; Value = "1K"; VariantName = "[No Variations]"
Added Component: Designator=R5(AXIAL-0.4)
Add component (AddParameter): Name = "LatestRevisionDate"; Value = "17-Jul-2002"; VariantName = "[No Variations]"
Add component (AddParameter): Name = "LatestRevisionNote"; Value = "Re-released for DXP Platform."; VariantName = "[No Variations]"
Add component (AddParameter): Name = "PackageDescription"; Value = "Axial Device, Thru-Hole; 2 Leads; 0.4 in Pin Spacing"; VariantName = "[No Variations]"
Add component (AddParameter): Name = "PackageReference"; Value = "AXIAL-0.4"; VariantName = "[No Variations]"
Add component (AddParameter): Name = "Published"; Value = "8-Jun-2000"; VariantName = "[No Variations]"
Add component (AddParameter): Name = "Publisher"; Value = "Altium Limited"; VariantName = "[No Variations]"
Add component (AddParameter): Name = "Value"; Value = "1K"; VariantName = "[No Variations]"
Added Component: Designator=R6(AXIAL-0.4)
Add component (AddParameter): Name = "LatestRevisionDate"; Value = "17-Jul-2002"; VariantName = "[No Variations]"
Add component (AddParameter): Name = "LatestRevisionNote"; Value = "Re-released for DXP Platform."; VariantName = "[No Variations]"
Add component (AddParameter): Name = "PackageDescription"; Value = "Axial Device, Thru-Hole; 2 Leads; 0.4 in Pin Spacing"; VariantName = "[No Variations]"
Add component (AddParameter): Name = "PackageReference"; Value = "AXIAL-0.4"; VariantName = "[No Variations]"
Add component (AddParameter): Name = "Published"; Value = "8-Jun-2000"; VariantName = "[No Variations]"
Add component (AddParameter): Name = "Publisher"; Value = "Altium Limited"; VariantName = "[No Variations]"
Add component (AddParameter): Name = "Value"; Value = "1K"; VariantName = "[No Variations]"
Added Component: Designator=R7(AXIAL-0.4)
Add component (AddParameter): Name = "LatestRevisionDate"; Value = "17-Jul-2002"; VariantName = "[No Variations]"
Add component (AddParameter): Name = "LatestRevisionNote"; Value = "Re-released for DXP Platform."; VariantName = "[No Variations]"
Add component (AddParameter): Name = "PackageDescription"; Value = "Axial Device, Thru-Hole; 2 Leads; 0.4 in Pin Spacing"; VariantName = "[No Variations]"
Add component (AddParameter): Name = "PackageReference"; Value = "AXIAL-0.4"; VariantName = "[No Variations]"
Add component (AddParameter): Name = "Published"; Value = "8-Jun-2000"; VariantName = "[No Variations]"
Add component (AddParameter): Name = "Publisher"; Value = "Altium Limited"; VariantName = "[No Variations]"
Add component (AddParameter): Name = "Value"; Value = "1K"; VariantName = "[No Variations]"
Added Component: Designator=R8(AXIAL-0.4)
Add component (AddParameter): Name = "LatestRevisionDate"; Value = "17-Jul-2002"; VariantName = "[No Variations]"
Add component (AddParameter): Name = "LatestRevisionNote"; Value = "Re-released for DXP Platform."; VariantName = "[No Variations]"
Add component (AddParameter): Name = "PackageDescription"; Value = "Axial Device, Thru-Hole; 2 Leads; 0.4 in Pin Spacing"; VariantName = "[No Variations]"
Add component (AddParameter): Name = "PackageReference"; Value = "AXIAL-0.4"; VariantName = "[No Variations]"
Add component (AddParameter): Name = "Published"; Value = "8-Jun-2000"; VariantName = "[No Variations]"
Add component (AddParameter): Name = "Publisher"; Value = "Altium Limited"; VariantName = "[No Variations]"
Add component (AddParameter): Name = "Value"; Value = "1K"; VariantName = "[No Variations]"
Added Component: Designator=R9(AXIAL-0.4)
Add component (AddParameter): Name = "LatestRevisionDate"; Value = "17-Jul-2002"; VariantName = "[No Variations]"
Add component (AddParameter): Name = "LatestRevisionNote"; Value = "Re-released for DXP Platform."; VariantName = "[No Variations]"
Add component (AddParameter): Name = "PackageDescription"; Value = "Axial Device, Thru-Hole; 2 Leads; 0.4 in Pin Spacing"; VariantName = "[No Variations]"
Add component (AddParameter): Name = "PackageReference"; Value = "AXIAL-0.4"; VariantName = "[No Variations]"
Add component (AddParameter): Name = "Published"; Value = "8-Jun-2000"; VariantName = "[No Variations]"
Add component (AddParameter): Name = "Publisher"; Value = "Altium Limited"; VariantName = "[No Variations]"
Add component (AddParameter): Name = "Value"; Value = "1K"; VariantName = "[No Variations]"
Added Component: Designator=R10(AXIAL-0.4)
Add component (AddParameter): Name = "LatestRevisionDate"; Value = "17-Jul-2002"; VariantName = "[No Variations]"
Add component (AddParameter): Name = "LatestRevisionNote"; Value = "Re-released for DXP Platform."; VariantName = "[No Variations]"
Add component (AddParameter): Name = "PackageDescription"; Value = "Axial Device, Thru-Hole; 2 Leads; 0.4 in Pin Spacing"; VariantName = "[No Variations]"
Add component (AddParameter): Name = "PackageReference"; Value = "AXIAL-0.4"; VariantName = "[No Variations]"
Add component (AddParameter): Name = "Published"; Value = "8-Jun-2000"; VariantName = "[No Variations]"
Add component (AddParameter): Name = "Publisher"; Value = "Altium Limited"; VariantName = "[No Variations]"
Add component (AddParameter): Name = "Value"; Value = "1K"; VariantName = "[No Variations]"
Added Component: Designator=R11(C0805)
Add component (AddParameter): Name = "Value"; Value = "100K"; VariantName = "[No Variations]"
Added Component: Designator=R12(C0805)
Add component (AddParameter): Name = "Value"; Value = "100K"; VariantName = "[No Variations]"
Added Component: Designator=R13(C0805)
Add component (AddParameter): Name = "Value"; Value = "100K"; VariantName = "[No Variations]"
Added Component: Designator=R14(AXIAL-0.4)
Add component (AddParameter): Name = "LatestRevisionDate"; Value = "17-Jul-2002"; VariantName = "[No Variations]"
Add component (AddParameter): Name = "LatestRevisionNote"; Value = "Re-released for DXP Platform."; VariantName = "[No Variations]"
Add component (AddParameter): Name = "PackageDescription"; Value = "Axial Device, Thru-Hole; 2 Leads; 0.4 in Pin Spacing"; VariantName = "[No Variations]"
Add component (AddParameter): Name = "PackageReference"; Value = "AXIAL-0.4"; VariantName = "[No Variations]"
Add component (AddParameter): Name = "Published"; Value = "8-Jun-2000"; VariantName = "[No Variations]"
Add component (AddParameter): Name = "Publisher"; Value = "Altium Limited"; VariantName = "[No Variations]"
Add component (AddParameter): Name = "Value"; Value = "1K"; VariantName = "[No Variations]"
Added Component: Designator=R15(AXIAL-0.4)
Add component (AddParameter): Name = "LatestRevisionDate"; Value = "17-Jul-2002"; VariantName = "[No Variations]"
Add component (AddParameter): Name = "LatestRevisionNote"; Value = "Re-released for DXP Platform."; VariantName = "[No Variations]"
Add component (AddParameter): Name = "PackageDescription"; Value = "Axial Device, Thru-Hole; 2 Leads; 0.4 in Pin Spacing"; VariantName = "[No Variations]"
Add component (AddParameter): Name = "PackageReference"; Value = "AXIAL-0.4"; VariantName = "[No Variations]"
Add component (AddParameter): Name = "Published"; Value = "8-Jun-2000"; VariantName = "[No Variations]"
Add component (AddParameter): Name = "Publisher"; Value = "Altium Limited"; VariantName = "[No Variations]"
Add component (AddParameter): Name = "Value"; Value = "1K"; VariantName = "[No Variations]"
Added Component: Designator=R16(C0805)
Add component (AddParameter): Name = "Value"; Value = "100K"; VariantName = "[No Variations]"
Added Component: Designator=R17(C0805)
Add component (AddParameter): Name = "Value"; Value = "10K"; VariantName = "[No Variations]"
Added Component: Designator=R18(AXIAL-0.4)
Add component (AddParameter): Name = "LatestRevisionDate"; Value = "17-Jul-2002"; VariantName = "[No Variations]"
Add component (AddParameter): Name = "LatestRevisionNote"; Value = "Re-released for DXP Platform."; VariantName = "[No Variations]"
Add component (AddParameter): Name = "PackageDescription"; Value = "Axial Device, Thru-Hole; 2 Leads; 0.4 in Pin Spacing"; VariantName = "[No Variations]"
Add component (AddParameter): Name = "PackageReference"; Value = "AXIAL-0.4"; VariantName = "[No Variations]"
Add component (AddParameter): Name = "Published"; Value = "8-Jun-2000"; VariantName = "[No Variations]"
Add component (AddParameter): Name = "Publisher"; Value = "Altium Limited"; VariantName = "[No Variations]"
Add component (AddParameter): Name = "Value"; Value = "1K"; VariantName = "[No Variations]"
Added Component: Designator=R19(AXIAL-0.4)
Add component (AddParameter): Name = "LatestRevisionDate"; Value = "17-Jul-2002"; VariantName = "[No Variations]"
Add component (AddParameter): Name = "LatestRevisionNote"; Value = "Re-released for DXP Platform."; VariantName = "[No Variations]"
Add component (AddParameter): Name = "PackageDescription"; Value = "Axial Device, Thru-Hole; 2 Leads; 0.4 in Pin Spacing"; VariantName = "[No Variations]"
Add component (AddParameter): Name = "PackageReference"; Value = "AXIAL-0.4"; VariantName = "[No Variations]"
Add component (AddParameter): Name = "Published"; Value = "8-Jun-2000"; VariantName = "[No Variations]"
Add component (AddParameter): Name = "Publisher"; Value = "Altium Limited"; VariantName = "[No Variations]"
Add component (AddParameter): Name = "Value"; Value = "1K"; VariantName = "[No Variations]"
Added Component: Designator=R20(AXIAL-0.4)
Add component (AddParameter): Name = "LatestRevisionDate"; Value = "17-Jul-2002"; VariantName = "[No Variations]"
Add component (AddParameter): Name = "LatestRevisionNote"; Value = "Re-released for DXP Platform."; VariantName = "[No Variations]"
Add component (AddParameter): Name = "PackageDescription"; Value = "Axial Device, Thru-Hole; 2 Leads; 0.4 in Pin Spacing"; VariantName = "[No Variations]"
Add component (AddParameter): Name = "PackageReference"; Value = "AXIAL-0.4"; VariantName = "[No Variations]"
Add component (AddParameter): Name = "Published"; Value = "8-Jun-2000"; VariantName = "[No Variations]"
Add component (AddParameter): Name = "Publisher"; Value = "Altium Limited"; VariantName = "[No Variations]"
Add component (AddParameter): Name = "Value"; Value = "1K"; VariantName = "[No Variations]"
Added Component: Designator=R21(AXIAL-0.4)
Add component (AddParameter): Name = "LatestRevisionDate"; Value = "17-Jul-2002"; VariantName = "[No Variations]"
Add component (AddParameter): Name = "LatestRevisionNote"; Value = "Re-released for DXP Platform."; VariantName = "[No Variations]"
Add component (AddParameter): Name = "PackageDescription"; Value = "Axial Device, Thru-Hole; 2 Leads; 0.4 in Pin Spacing"; VariantName = "[No Variations]"
Add component (AddParameter): Name = "PackageReference"; Value = "AXIAL-0.4"; VariantName = "[No Variations]"
Add component (AddParameter): Name = "Published"; Value = "8-Jun-2000"; VariantName = "[No Variations]"
Add component (AddParameter): Name = "Publisher"; Value = "Altium Limited"; VariantName = "[No Variations]"
Add component (AddParameter): Name = "Value"; Value = "1K"; VariantName = "[No Variations]"
Added Component: Designator=R22(AXIAL-0.4)
Add component (AddParameter): Name = "LatestRevisionDate"; Value = "17-Jul-2002"; VariantName = "[No Variations]"
Add component (AddParameter): Name = "LatestRevisionNote"; Value = "Re-released for DXP Platform."; VariantName = "[No Variations]"
Add component (AddParameter): Name = "PackageDescription"; Value = "Axial Device, Thru-Hole; 2 Leads; 0.4 in Pin Spacing"; VariantName = "[No Variations]"
Add component (AddParameter): Name = "PackageReference"; Value = "AXIAL-0.4"; VariantName = "[No Variations]"
Add component (AddParameter): Name = "Published"; Value = "8-Jun-2000"; VariantName = "[No Variations]"
Add component (AddParameter): Name = "Publisher"; Value = "Altium Limited"; VariantName = "[No Variations]"
Add component (AddParameter): Name = "Value"; Value = "1K"; VariantName = "[No Variations]"
Added Component: Designator=R23(C0805)
Add component (AddParameter): Name = "Value"; Value = "10K"; VariantName = "[No Variations]"
Added Component: Designator=R24(C0805)
Add component (AddParameter): Name = "Value"; Value = "100K"; VariantName = "[No Variations]"
Added Component: Designator=R25(C0805)
Add component (AddParameter): Name = "Value"; Value = "10K"; VariantName = "[No Variations]"
Added Component: Designator=R26(C0805)
Add component (AddParameter): Name = "Value"; Value = "10K"; VariantName = "[No Variations]"
Added Component: Designator=R27(C0805)
Add component (AddParameter): Name = "Value"; Value = "10K"; VariantName = "[No Variations]"
Added Component: Designator=R29(AXIAL-0.4)
Add component (AddParameter): Name = "LatestRevisionDate"; Value = "17-Jul-2002"; VariantName = "[No Variations]"
Add component (AddParameter): Name = "LatestRevisionNote"; Value = "Re-released for DXP Platform."; VariantName = "[No Variations]"
Add component (AddParameter): Name = "PackageDescription"; Value = "Axial Device, Thru-Hole; 2 Leads; 0.4 in Pin Spacing"; VariantName = "[No Variations]"
Add component (AddParameter): Name = "PackageReference"; Value = "AXIAL-0.4"; VariantName = "[No Variations]"
Add component (AddParameter): Name = "Published"; Value = "8-Jun-2000"; VariantName = "[No Variations]"
Add component (AddParameter): Name = "Publisher"; Value = "Altium Limited"; VariantName = "[No Variations]"
Add component (AddParameter): Name = "Value"; Value = "1K"; VariantName = "[No Variations]"
Added Component: Designator=R30(C0805)
Add component (AddParameter): Name = "Value"; Value = "10K"; VariantName = "[No Variations]"
Added Component: Designator=R31(C0805)
Add component (AddParameter): Name = "Value"; Value = "10k"; VariantName = "[No Variations]"
Added Component: Designator=R32(C0805)
Add component (AddParameter): Name = "Value"; Value = "10k"; VariantName = "[No Variations]"
Added Component: Designator=R33(C0805)
Add component (AddParameter): Name = "Value"; Value = "10K"; VariantName = "[No Variations]"
Added Component: Designator=R34(C0805)
Add component (AddParameter): Name = "Value"; Value = "100K"; VariantName = "[No Variations]"
Added Component: Designator=R35(C0805)
Add component (AddParameter): Name = "Value"; Value = "10K"; VariantName = "[No Variations]"
Added Component: Designator=R36(C0805)
Add component (AddParameter): Name = "Value"; Value = "10K"; VariantName = "[No Variations]"
Added Pin To Net: NetName=3.3V Pin=C13-1
Added Pin To Net: NetName=3.3V Pin=C24-2
Added Pin To Net: NetName=3.3V Pin=C25-2
Added Pin To Net: NetName=3.3V Pin=C26-1
Added Pin To Net: NetName=3.3V Pin=C27-1
Added Pin To Net: NetName=3.3V Pin=C28-1
Added Pin To Net: NetName=3.3V Pin=C29-1
Added Pin To Net: NetName=3.3V Pin=C30-1
Added Pin To Net: NetName=3.3V Pin=C31-1
Added Pin To Net: NetName=3.3V Pin=C32-1
Added Pin To Net: NetName=3.3V Pin=C33-1
Added Pin To Net: NetName=3.3V Pin=C34-1
Added Pin To Net: NetName=3.3V Pin=C35-1
Added Pin To Net: NetName=3.3V Pin=C36-1
Added Pin To Net: NetName=3.3V Pin=C37-1
Added Pin To Net: NetName=3.3V Pin=C38-1
Added Pin To Net: NetName=3.3V Pin=C39-1
Added Pin To Net: NetName=3.3V Pin=C40-1
Added Pin To Net: NetName=3.3V Pin=C41-1
Added Pin To Net: NetName=3.3V Pin=C42-1
Added Pin To Net: NetName=3.3V Pin=C43-1
Added Pin To Net: NetName=3.3V Pin=C44-1
Added Pin To Net: NetName=3.3V Pin=C45-1
Added Pin To Net: NetName=3.3V Pin=C46-1
Added Pin To Net: NetName=3.3V Pin=C47-1
Added Pin To Net: NetName=3.3V Pin=C48-1
Added Pin To Net: NetName=3.3V Pin=C49-1
Added Pin To Net: NetName=3.3V Pin=C50-1
Added Pin To Net: NetName=3.3V Pin=C51-1
Added Pin To Net: NetName=3.3V Pin=C52-1
Added Pin To Net: NetName=3.3V Pin=C53-1
Added Pin To Net: NetName=3.3V Pin=C54-1
Added Pin To Net: NetName=3.3V Pin=C55-1
Added Pin To Net: NetName=3.3V Pin=C56-1
Added Pin To Net: NetName=3.3V Pin=C57-1
Added Pin To Net: NetName=3.3V Pin=C58-1
Added Pin To Net: NetName=3.3V Pin=C59-1
Added Pin To Net: NetName=3.3V Pin=C60-1
Added Pin To Net: NetName=3.3V Pin=C61-1
Added Pin To Net: NetName=3.3V Pin=C62-1
Added Pin To Net: NetName=3.3V Pin=C63-1
Added Pin To Net: NetName=3.3V Pin=C64-1
Added Pin To Net: NetName=3.3V Pin=C65-1
Added Pin To Net: NetName=3.3V Pin=C66-1
Added Pin To Net: NetName=3.3V Pin=C67-1
Added Pin To Net: NetName=3.3V Pin=C68-1
Added Pin To Net: NetName=3.3V Pin=C69-1
Added Pin To Net: NetName=3.3V Pin=C70-1
Added Pin To Net: NetName=3.3V Pin=C71-1
Added Pin To Net: NetName=3.3V Pin=C72-1
Added Pin To Net: NetName=3.3V Pin=C73-1
Added Pin To Net: NetName=3.3V Pin=C74-1
Added Pin To Net: NetName=3.3V Pin=C75-1
Added Pin To Net: NetName=3.3V Pin=C76-1
Added Pin To Net: NetName=3.3V Pin=C77-1
Added Pin To Net: NetName=3.3V Pin=C78-1
Added Pin To Net: NetName=3.3V Pin=C79-1
Added Pin To Net: NetName=3.3V Pin=C80-1
Added Pin To Net: NetName=3.3V Pin=C81-1
Added Pin To Net: NetName=3.3V Pin=C82-1
Added Pin To Net: NetName=3.3V Pin=C83-1
Added Pin To Net: NetName=3.3V Pin=C84-1
Added Pin To Net: NetName=3.3V Pin=C85-1
Added Pin To Net: NetName=3.3V Pin=C86-1
Added Pin To Net: NetName=3.3V Pin=C87-1
Added Pin To Net: NetName=3.3V Pin=C88-1
Added Pin To Net: NetName=3.3V Pin=C89-1
Added Pin To Net: NetName=3.3V Pin=C90-1
Added Pin To Net: NetName=3.3V Pin=C91-1
Added Pin To Net: NetName=3.3V Pin=IC1-17
Added Pin To Net: NetName=3.3V Pin=IC1-30
Added Pin To Net: NetName=3.3V Pin=IC1-32
Added Pin To Net: NetName=3.3V Pin=IC1-33
Added Pin To Net: NetName=3.3V Pin=IC1-39
Added Pin To Net: NetName=3.3V Pin=IC1-52
Added Pin To Net: NetName=3.3V Pin=IC1-62
Added Pin To Net: NetName=3.3V Pin=IC1-72
Added Pin To Net: NetName=3.3V Pin=IC1-121
Added Pin To Net: NetName=3.3V Pin=IC1-131
Added Pin To Net: NetName=3.3V Pin=IC1-144
Added Pin To Net: NetName=3.3V Pin=IC2-17
Added Pin To Net: NetName=3.3V Pin=IC2-30
Added Pin To Net: NetName=3.3V Pin=IC2-32
Added Pin To Net: NetName=3.3V Pin=IC2-33
Added Pin To Net: NetName=3.3V Pin=IC2-39
Added Pin To Net: NetName=3.3V Pin=IC2-52
Added Pin To Net: NetName=3.3V Pin=IC2-62
Added Pin To Net: NetName=3.3V Pin=IC2-72
Added Pin To Net: NetName=3.3V Pin=IC2-121
Added Pin To Net: NetName=3.3V Pin=IC2-131
Added Pin To Net: NetName=3.3V Pin=IC2-144
Added Pin To Net: NetName=3.3V Pin=IC3-17
Added Pin To Net: NetName=3.3V Pin=IC3-30
Added Pin To Net: NetName=3.3V Pin=IC3-32
Added Pin To Net: NetName=3.3V Pin=IC3-33
Added Pin To Net: NetName=3.3V Pin=IC3-39
Added Pin To Net: NetName=3.3V Pin=IC3-52
Added Pin To Net: NetName=3.3V Pin=IC3-62
Added Pin To Net: NetName=3.3V Pin=IC3-72
Added Pin To Net: NetName=3.3V Pin=IC3-121
Added Pin To Net: NetName=3.3V Pin=IC3-131
Added Pin To Net: NetName=3.3V Pin=IC3-144
Added Pin To Net: NetName=3.3V Pin=IC4-17
Added Pin To Net: NetName=3.3V Pin=IC4-30
Added Pin To Net: NetName=3.3V Pin=IC4-32
Added Pin To Net: NetName=3.3V Pin=IC4-33
Added Pin To Net: NetName=3.3V Pin=IC4-39
Added Pin To Net: NetName=3.3V Pin=IC4-52
Added Pin To Net: NetName=3.3V Pin=IC4-62
Added Pin To Net: NetName=3.3V Pin=IC4-72
Added Pin To Net: NetName=3.3V Pin=IC4-121
Added Pin To Net: NetName=3.3V Pin=IC4-131
Added Pin To Net: NetName=3.3V Pin=IC4-144
Added Pin To Net: NetName=3.3V Pin=IC5-17
Added Pin To Net: NetName=3.3V Pin=IC5-30
Added Pin To Net: NetName=3.3V Pin=IC5-32
Added Pin To Net: NetName=3.3V Pin=IC5-33
Added Pin To Net: NetName=3.3V Pin=IC5-39
Added Pin To Net: NetName=3.3V Pin=IC5-52
Added Pin To Net: NetName=3.3V Pin=IC5-62
Added Pin To Net: NetName=3.3V Pin=IC5-72
Added Pin To Net: NetName=3.3V Pin=IC5-121
Added Pin To Net: NetName=3.3V Pin=IC5-131
Added Pin To Net: NetName=3.3V Pin=IC5-144
Added Pin To Net: NetName=3.3V Pin=IC6-17
Added Pin To Net: NetName=3.3V Pin=IC6-30
Added Pin To Net: NetName=3.3V Pin=IC6-32
Added Pin To Net: NetName=3.3V Pin=IC6-33
Added Pin To Net: NetName=3.3V Pin=IC6-39
Added Pin To Net: NetName=3.3V Pin=IC6-52
Added Pin To Net: NetName=3.3V Pin=IC6-62
Added Pin To Net: NetName=3.3V Pin=IC6-72
Added Pin To Net: NetName=3.3V Pin=IC6-121
Added Pin To Net: NetName=3.3V Pin=IC6-131
Added Pin To Net: NetName=3.3V Pin=IC6-144
Added Pin To Net: NetName=3.3V Pin=IC7-3
Added Pin To Net: NetName=3.3V Pin=IC8-3
Added Pin To Net: NetName=3.3V Pin=IC9-3
Added Pin To Net: NetName=3.3V Pin=IC10-3
Added Pin To Net: NetName=3.3V Pin=IC11-4
Added Pin To Net: NetName=3.3V Pin=IC11-8
Added Pin To Net: NetName=3.3V Pin=IC11-11
Added Pin To Net: NetName=3.3V Pin=IC11-14
Added Pin To Net: NetName=3.3V Pin=IC11-16
Added Pin To Net: NetName=3.3V Pin=IC11-20
Added Pin To Net: NetName=3.3V Pin=IC11-28
Added Pin To Net: NetName=3.3V Pin=IC11-43
Added Pin To Net: NetName=3.3V Pin=IC11-44
Added Pin To Net: NetName=3.3V Pin=IC11-45
Added Pin To Net: NetName=3.3V Pin=P1-3
Added Pin To Net: NetName=3.3V Pin=P3-1
Added Pin To Net: NetName=3.3V Pin=P9-3
Added Pin To Net: NetName=3.3V Pin=PS2-6
Added Pin To Net: NetName=3.3V Pin=R6-2
Added Pin To Net: NetName=3.3V Pin=R7-2
Added Pin To Net: NetName=3.3V Pin=R8-2
Added Pin To Net: NetName=3.3V Pin=R18-1
Added Pin To Net: NetName=3.3V Pin=R19-1
Added Pin To Net: NetName=3.3V Pin=R20-1
Added Pin To Net: NetName=3.3V Pin=R21-1
Added Pin To Net: NetName=3.3V Pin=R22-1
Added Pin To Net: NetName=3.3V Pin=R30-2
Added Pin To Net: NetName=3.3V Pin=R31-1
Added Pin To Net: NetName=3.3V Pin=R32-1
Added Pin To Net: NetName=3.3V Pin=R33-2
Added Net: Name=3.3V
Added Pin To Net: NetName=ACTLED Pin=IC11-27
Added Pin To Net: NetName=ACTLED Pin=J1-10
Added Net: Name=ACTLED
Added Pin To Net: NetName=DQ1 Pin=IC1-10
Added Pin To Net: NetName=DQ1 Pin=IC7-2
Added Net: Name=DQ1
Added Pin To Net: NetName=DQ2 Pin=IC1-11
Added Pin To Net: NetName=DQ2 Pin=IC8-2
Added Net: Name=DQ2
Added Pin To Net: NetName=DQ3 Pin=IC1-12
Added Pin To Net: NetName=DQ3 Pin=IC9-2
Added Net: Name=DQ3
Added Pin To Net: NetName=DQ4 Pin=IC1-13
Added Pin To Net: NetName=DQ4 Pin=IC10-2
Added Net: Name=DQ4
Added Pin To Net: NetName=GND Pin=C1-2
Added Pin To Net: NetName=GND Pin=C2-2
Added Pin To Net: NetName=GND Pin=C3-2
Added Pin To Net: NetName=GND Pin=C4-2
Added Pin To Net: NetName=GND Pin=C5-2
Added Pin To Net: NetName=GND Pin=C6-2
Added Pin To Net: NetName=GND Pin=C7-2
Added Pin To Net: NetName=GND Pin=C8-2
Added Pin To Net: NetName=GND Pin=C9-2
Added Pin To Net: NetName=GND Pin=C10-2
Added Pin To Net: NetName=GND Pin=C11-2
Added Pin To Net: NetName=GND Pin=C12-2
Added Pin To Net: NetName=GND Pin=C13-2
Added Pin To Net: NetName=GND Pin=C14-2
Added Pin To Net: NetName=GND Pin=C15-2
Added Pin To Net: NetName=GND Pin=C17-1
Added Pin To Net: NetName=GND Pin=C19-2
Added Pin To Net: NetName=GND Pin=C20-1
Added Pin To Net: NetName=GND Pin=C21-1
Added Pin To Net: NetName=GND Pin=C22-2
Added Pin To Net: NetName=GND Pin=C26-2
Added Pin To Net: NetName=GND Pin=C27-2
Added Pin To Net: NetName=GND Pin=C28-2
Added Pin To Net: NetName=GND Pin=C29-2
Added Pin To Net: NetName=GND Pin=C30-2
Added Pin To Net: NetName=GND Pin=C31-2
Added Pin To Net: NetName=GND Pin=C32-2
Added Pin To Net: NetName=GND Pin=C33-2
Added Pin To Net: NetName=GND Pin=C34-2
Added Pin To Net: NetName=GND Pin=C35-2
Added Pin To Net: NetName=GND Pin=C36-2
Added Pin To Net: NetName=GND Pin=C37-2
Added Pin To Net: NetName=GND Pin=C38-2
Added Pin To Net: NetName=GND Pin=C39-2
Added Pin To Net: NetName=GND Pin=C40-2
Added Pin To Net: NetName=GND Pin=C41-2
Added Pin To Net: NetName=GND Pin=C42-2
Added Pin To Net: NetName=GND Pin=C43-2
Added Pin To Net: NetName=GND Pin=C44-2
Added Pin To Net: NetName=GND Pin=C45-2
Added Pin To Net: NetName=GND Pin=C46-2
Added Pin To Net: NetName=GND Pin=C47-2
Added Pin To Net: NetName=GND Pin=C48-2
Added Pin To Net: NetName=GND Pin=C49-2
Added Pin To Net: NetName=GND Pin=C50-2
Added Pin To Net: NetName=GND Pin=C51-2
Added Pin To Net: NetName=GND Pin=C52-2
Added Pin To Net: NetName=GND Pin=C53-2
Added Pin To Net: NetName=GND Pin=C54-2
Added Pin To Net: NetName=GND Pin=C55-2
Added Pin To Net: NetName=GND Pin=C56-2
Added Pin To Net: NetName=GND Pin=C57-2
Added Pin To Net: NetName=GND Pin=C58-2
Added Pin To Net: NetName=GND Pin=C59-2
Added Pin To Net: NetName=GND Pin=C60-2
Added Pin To Net: NetName=GND Pin=C61-2
Added Pin To Net: NetName=GND Pin=C62-2
Added Pin To Net: NetName=GND Pin=C63-2
Added Pin To Net: NetName=GND Pin=C64-2
Added Pin To Net: NetName=GND Pin=C65-2
Added Pin To Net: NetName=GND Pin=C66-2
Added Pin To Net: NetName=GND Pin=C67-2
Added Pin To Net: NetName=GND Pin=C68-2
Added Pin To Net: NetName=GND Pin=C69-2
Added Pin To Net: NetName=GND Pin=C70-2
Added Pin To Net: NetName=GND Pin=C71-2
Added Pin To Net: NetName=GND Pin=C72-2
Added Pin To Net: NetName=GND Pin=C73-2
Added Pin To Net: NetName=GND Pin=C74-2
Added Pin To Net: NetName=GND Pin=C75-2
Added Pin To Net: NetName=GND Pin=C76-2
Added Pin To Net: NetName=GND Pin=C77-2
Added Pin To Net: NetName=GND Pin=C78-2
Added Pin To Net: NetName=GND Pin=C79-2
Added Pin To Net: NetName=GND Pin=C80-2
Added Pin To Net: NetName=GND Pin=C81-2
Added Pin To Net: NetName=GND Pin=C82-2
Added Pin To Net: NetName=GND Pin=C83-2
Added Pin To Net: NetName=GND Pin=C84-2
Added Pin To Net: NetName=GND Pin=C85-2
Added Pin To Net: NetName=GND Pin=C86-2
Added Pin To Net: NetName=GND Pin=C87-2
Added Pin To Net: NetName=GND Pin=C88-2
Added Pin To Net: NetName=GND Pin=C89-2
Added Pin To Net: NetName=GND Pin=C90-2
Added Pin To Net: NetName=GND Pin=C91-2
Added Pin To Net: NetName=GND Pin=C95-2
Added Pin To Net: NetName=GND Pin=IC1-16
Added Pin To Net: NetName=GND Pin=IC1-31
Added Pin To Net: NetName=GND Pin=IC1-38
Added Pin To Net: NetName=GND Pin=IC1-51
Added Pin To Net: NetName=GND Pin=IC1-61
Added Pin To Net: NetName=GND Pin=IC1-120
Added Pin To Net: NetName=GND Pin=IC1-130
Added Pin To Net: NetName=GND Pin=IC2-16
Added Pin To Net: NetName=GND Pin=IC2-31
Added Pin To Net: NetName=GND Pin=IC2-38
Added Pin To Net: NetName=GND Pin=IC2-51
Added Pin To Net: NetName=GND Pin=IC2-61
Added Pin To Net: NetName=GND Pin=IC2-120
Added Pin To Net: NetName=GND Pin=IC2-130
Added Pin To Net: NetName=GND Pin=IC3-16
Added Pin To Net: NetName=GND Pin=IC3-31
Added Pin To Net: NetName=GND Pin=IC3-38
Added Pin To Net: NetName=GND Pin=IC3-51
Added Pin To Net: NetName=GND Pin=IC3-61
Added Pin To Net: NetName=GND Pin=IC3-120
Added Pin To Net: NetName=GND Pin=IC3-130
Added Pin To Net: NetName=GND Pin=IC4-16
Added Pin To Net: NetName=GND Pin=IC4-31
Added Pin To Net: NetName=GND Pin=IC4-38
Added Pin To Net: NetName=GND Pin=IC4-51
Added Pin To Net: NetName=GND Pin=IC4-61
Added Pin To Net: NetName=GND Pin=IC4-120
Added Pin To Net: NetName=GND Pin=IC4-130
Added Pin To Net: NetName=GND Pin=IC5-16
Added Pin To Net: NetName=GND Pin=IC5-31
Added Pin To Net: NetName=GND Pin=IC5-38
Added Pin To Net: NetName=GND Pin=IC5-51
Added Pin To Net: NetName=GND Pin=IC5-61
Added Pin To Net: NetName=GND Pin=IC5-120
Added Pin To Net: NetName=GND Pin=IC5-130
Added Pin To Net: NetName=GND Pin=IC6-16
Added Pin To Net: NetName=GND Pin=IC6-31
Added Pin To Net: NetName=GND Pin=IC6-38
Added Pin To Net: NetName=GND Pin=IC6-51
Added Pin To Net: NetName=GND Pin=IC6-61
Added Pin To Net: NetName=GND Pin=IC6-120
Added Pin To Net: NetName=GND Pin=IC6-130
Added Pin To Net: NetName=GND Pin=IC7-1
Added Pin To Net: NetName=GND Pin=IC8-1
Added Pin To Net: NetName=GND Pin=IC9-1
Added Pin To Net: NetName=GND Pin=IC10-1
Added Pin To Net: NetName=GND Pin=IC11-3
Added Pin To Net: NetName=GND Pin=IC11-9
Added Pin To Net: NetName=GND Pin=IC11-13
Added Pin To Net: NetName=GND Pin=IC11-15
Added Pin To Net: NetName=GND Pin=IC11-18
Added Pin To Net: NetName=GND Pin=IC11-29
Added Pin To Net: NetName=GND Pin=IC11-48
Added Pin To Net: NetName=GND Pin=J1-MH1
Added Pin To Net: NetName=GND Pin=J1-MH2
Added Pin To Net: NetName=GND Pin=P1-4
Added Pin To Net: NetName=GND Pin=P3-4
Added Pin To Net: NetName=GND Pin=P9-4
Added Pin To Net: NetName=GND Pin=R9-1
Added Pin To Net: NetName=GND Pin=R10-1
Added Pin To Net: NetName=GND Pin=R11-1
Added Pin To Net: NetName=GND Pin=R12-1
Added Pin To Net: NetName=GND Pin=R13-1
Added Pin To Net: NetName=GND Pin=R16-1
Added Pin To Net: NetName=GND Pin=R17-2
Added Pin To Net: NetName=GND Pin=R23-2
Added Pin To Net: NetName=GND Pin=R24-1
Added Pin To Net: NetName=GND Pin=R25-2
Added Pin To Net: NetName=GND Pin=R26-2
Added Pin To Net: NetName=GND Pin=R27-2
Added Pin To Net: NetName=GND Pin=R35-1
Added Pin To Net: NetName=GND Pin=R36-2
Added Net: Name=GND
Added Pin To Net: NetName=LINKLED Pin=IC11-25
Added Pin To Net: NetName=LINKLED Pin=J1-11
Added Net: Name=LINKLED
Added Pin To Net: NetName=M_BOOT0 Pin=IC1-138
Added Pin To Net: NetName=M_BOOT0 Pin=R34-2
Added Net: Name=M_BOOT0
Added Pin To Net: NetName=M_BOOT1 Pin=IC1-48
Added Pin To Net: NetName=M_BOOT1 Pin=R36-1
Added Net: Name=M_BOOT1
Added Pin To Net: NetName=M_NRST Pin=C95-1
Added Pin To Net: NetName=M_NRST Pin=IC1-25
Added Pin To Net: NetName=M_NRST Pin=R33-1
Added Net: Name=M_NRST
Added Pin To Net: NetName=M_SPI1_MISO Pin=IC1-42
Added Pin To Net: NetName=M_SPI1_MISO Pin=IC2-42
Added Net: Name=M_SPI1_MISO
Added Pin To Net: NetName=M_SPI1_MOSI Pin=IC1-43
Added Pin To Net: NetName=M_SPI1_MOSI Pin=IC2-43
Added Net: Name=M_SPI1_MOSI
Added Pin To Net: NetName=M_SPI1_SCLK Pin=IC1-41
Added Pin To Net: NetName=M_SPI1_SCLK Pin=IC2-41
Added Net: Name=M_SPI1_SCLK
Added Pin To Net: NetName=M_SPI3_MISO Pin=IC1-112
Added Pin To Net: NetName=M_SPI3_MISO Pin=IC3-42
Added Net: Name=M_SPI3_MISO
Added Pin To Net: NetName=M_SPI3_MOSI Pin=IC1-113
Added Pin To Net: NetName=M_SPI3_MOSI Pin=IC3-43
Added Net: Name=M_SPI3_MOSI
Added Pin To Net: NetName=M_SPI3_SCLK Pin=IC1-111
Added Pin To Net: NetName=M_SPI3_SCLK Pin=IC3-41
Added Net: Name=M_SPI3_SCLK
Added Pin To Net: NetName=M_SPI4_MISO Pin=IC1-4
Added Pin To Net: NetName=M_SPI4_MISO Pin=IC4-42
Added Net: Name=M_SPI4_MISO
Added Pin To Net: NetName=M_SPI4_MOSI Pin=IC1-5
Added Pin To Net: NetName=M_SPI4_MOSI Pin=IC4-43
Added Net: Name=M_SPI4_MOSI
Added Pin To Net: NetName=M_SPI4_SCLK Pin=IC1-1
Added Pin To Net: NetName=M_SPI4_SCLK Pin=IC4-41
Added Net: Name=M_SPI4_SCLK
Added Pin To Net: NetName=M_SPI5_MISO Pin=IC1-20
Added Pin To Net: NetName=M_SPI5_MISO Pin=IC5-42
Added Net: Name=M_SPI5_MISO
Added Pin To Net: NetName=M_SPI5_MOSI Pin=IC1-21
Added Pin To Net: NetName=M_SPI5_MOSI Pin=IC5-43
Added Net: Name=M_SPI5_MOSI
Added Pin To Net: NetName=M_SPI5_SCLK Pin=IC1-19
Added Pin To Net: NetName=M_SPI5_SCLK Pin=IC5-41
Added Net: Name=M_SPI5_SCLK
Added Pin To Net: NetName=M_SPI6_MISO Pin=IC1-127
Added Pin To Net: NetName=M_SPI6_MISO Pin=IC6-42
Added Net: Name=M_SPI6_MISO
Added Pin To Net: NetName=M_SPI6_MOSI Pin=IC1-129
Added Pin To Net: NetName=M_SPI6_MOSI Pin=IC6-43
Added Net: Name=M_SPI6_MOSI
Added Pin To Net: NetName=M_SPI6_SCLK Pin=IC1-128
Added Pin To Net: NetName=M_SPI6_SCLK Pin=IC6-41
Added Net: Name=M_SPI6_SCLK
Added Pin To Net: NetName=M_SWCLK Pin=IC1-109
Added Pin To Net: NetName=M_SWCLK Pin=P1-1
Added Net: Name=M_SWCLK
Added Pin To Net: NetName=M_SWDIO Pin=P1-2
Added Pin To Net: NetName=M_SWDIO Pin=R32-2
Added Net: Name=M_SWDIO
Added Pin To Net: NetName=NetC1_1 Pin=C1-1
Added Pin To Net: NetName=NetC1_1 Pin=IC1-23
Added Net: Name=NetC1_1
Added Pin To Net: NetName=NetC2_1 Pin=C2-1
Added Pin To Net: NetName=NetC2_1 Pin=IC1-24
Added Net: Name=NetC2_1
Added Pin To Net: NetName=NetC3_1 Pin=C3-1
Added Pin To Net: NetName=NetC3_1 Pin=IC2-23
Added Net: Name=NetC3_1
Added Pin To Net: NetName=NetC4_1 Pin=C4-1
Added Pin To Net: NetName=NetC4_1 Pin=IC2-24
Added Net: Name=NetC4_1
Added Pin To Net: NetName=NetC5_1 Pin=C5-1
Added Pin To Net: NetName=NetC5_1 Pin=IC3-23
Added Net: Name=NetC5_1
Added Pin To Net: NetName=NetC6_1 Pin=C6-1
Added Pin To Net: NetName=NetC6_1 Pin=IC3-24
Added Net: Name=NetC6_1
Added Pin To Net: NetName=NetC7_1 Pin=C7-1
Added Pin To Net: NetName=NetC7_1 Pin=IC4-23
Added Net: Name=NetC7_1
Added Pin To Net: NetName=NetC8_1 Pin=C8-1
Added Pin To Net: NetName=NetC8_1 Pin=IC4-24
Added Net: Name=NetC8_1
Added Pin To Net: NetName=NetC9_1 Pin=C9-1
Added Pin To Net: NetName=NetC9_1 Pin=IC5-23
Added Net: Name=NetC9_1
Added Pin To Net: NetName=NetC10_1 Pin=C10-1
Added Pin To Net: NetName=NetC10_1 Pin=IC5-24
Added Net: Name=NetC10_1
Added Pin To Net: NetName=NetC11_1 Pin=C11-1
Added Pin To Net: NetName=NetC11_1 Pin=IC6-23
Added Net: Name=NetC11_1
Added Pin To Net: NetName=NetC12_1 Pin=C12-1
Added Pin To Net: NetName=NetC12_1 Pin=IC6-24
Added Net: Name=NetC12_1
Added Pin To Net: NetName=NetC14_1 Pin=C14-1
Added Pin To Net: NetName=NetC14_1 Pin=IC11-19
Added Net: Name=NetC14_1
Added Pin To Net: NetName=NetC23_1 Pin=C23-1
Added Pin To Net: NetName=NetC23_1 Pin=C24-1
Added Pin To Net: NetName=NetC23_1 Pin=C94-1
Added Pin To Net: NetName=NetC23_1 Pin=L1-2
Added Pin To Net: NetName=NetC23_1 Pin=PS2-1
Added Net: Name=NetC23_1
Added Pin To Net: NetName=NetC23_2 Pin=C23-2
Added Pin To Net: NetName=NetC23_2 Pin=C25-1
Added Pin To Net: NetName=NetC23_2 Pin=P10-1
Added Pin To Net: NetName=NetC23_2 Pin=PS2-2
Added Net: Name=NetC23_2
Added Pin To Net: NetName=NetC94_2 Pin=C94-2
Added Pin To Net: NetName=NetC94_2 Pin=PS2-7
Added Net: Name=NetC94_2
Added Pin To Net: NetName=NetIC11_10 Pin=IC11-10
Added Pin To Net: NetName=NetIC11_10 Pin=R9-2
Added Net: Name=NetIC11_10
Added Pin To Net: NetName=NetIC11_22 Pin=IC11-22
Added Pin To Net: NetName=NetIC11_22 Pin=R10-2
Added Net: Name=NetIC11_22
Added Pin To Net: NetName=NetIC11_38 Pin=IC11-38
Added Pin To Net: NetName=NetIC11_38 Pin=R5-1
Added Net: Name=NetIC11_38
Added Pin To Net: NetName=NetIC11_39 Pin=IC11-39
Added Pin To Net: NetName=NetIC11_39 Pin=R4-1
Added Net: Name=NetIC11_39
Added Pin To Net: NetName=NetIC11_40 Pin=IC11-40
Added Pin To Net: NetName=NetIC11_40 Pin=R3-1
Added Net: Name=NetIC11_40
Added Pin To Net: NetName=NetIC11_41 Pin=IC11-41
Added Pin To Net: NetName=NetIC11_41 Pin=R2-1
Added Net: Name=NetIC11_41
Added Pin To Net: NetName=NetIC11_42 Pin=IC11-42
Added Pin To Net: NetName=NetIC11_42 Pin=R1-1
Added Net: Name=NetIC11_42
Added Pin To Net: NetName=NetJ1_9 Pin=J1-9
Added Pin To Net: NetName=NetJ1_9 Pin=R18-2
Added Net: Name=NetJ1_9
Added Pin To Net: NetName=NetJ1_12 Pin=J1-12
Added Pin To Net: NetName=NetJ1_12 Pin=R19-2
Added Net: Name=NetJ1_12
Added Pin To Net: NetName=NetL1_1 Pin=L1-1
Added Pin To Net: NetName=NetL1_1 Pin=P10-2
Added Net: Name=NetL1_1
Added Pin To Net: NetName=NetR1_2 Pin=R1-2
Added Pin To Net: NetName=NetR1_2 Pin=R2-2
Added Pin To Net: NetName=NetR1_2 Pin=R3-2
Added Pin To Net: NetName=NetR1_2 Pin=R4-2
Added Pin To Net: NetName=NetR1_2 Pin=R5-2
Added Net: Name=NetR1_2
Added Pin To Net: NetName=NetR34_1 Pin=R34-1
Added Pin To Net: NetName=NetR34_1 Pin=R35-2
Added Net: Name=NetR34_1
Added Pin To Net: NetName=RCT Pin=C17-2
Added Pin To Net: NetName=RCT Pin=J1-5
Added Pin To Net: NetName=RCT Pin=R14-1
Added Pin To Net: NetName=RCT Pin=R15-2
Added Net: Name=RCT
Added Pin To Net: NetName=RXNNET Pin=C18-1
Added Pin To Net: NetName=RXNNET Pin=J1-6
Added Net: Name=RXNNET
Added Pin To Net: NetName=RXN Pin=C18-2
Added Pin To Net: NetName=RXN Pin=IC11-5
Added Pin To Net: NetName=RXN Pin=R15-1
Added Net: Name=RXN
Added Pin To Net: NetName=RXPNET Pin=C16-1
Added Pin To Net: NetName=RXPNET Pin=J1-3
Added Net: Name=RXPNET
Added Pin To Net: NetName=RXP Pin=C16-2
Added Pin To Net: NetName=RXP Pin=IC11-6
Added Pin To Net: NetName=RXP Pin=R14-2
Added Net: Name=RXP
Added Pin To Net: NetName=S2_BOOT0 Pin=IC2-138
Added Pin To Net: NetName=S2_BOOT0 Pin=R24-2
Added Net: Name=S2_BOOT0
Added Pin To Net: NetName=S2_BOOT1 Pin=IC2-48
Added Pin To Net: NetName=S2_BOOT1 Pin=R27-1
Added Net: Name=S2_BOOT1
Added Pin To Net: NetName=S2_NRST Pin=C22-1
Added Pin To Net: NetName=S2_NRST Pin=IC2-25
Added Pin To Net: NetName=S2_NRST Pin=IC3-25
Added Pin To Net: NetName=S2_NRST Pin=IC4-25
Added Pin To Net: NetName=S2_NRST Pin=IC5-25
Added Pin To Net: NetName=S2_NRST Pin=IC6-25
Added Pin To Net: NetName=S2_NRST Pin=R30-1
Added Net: Name=S2_NRST
Added Pin To Net: NetName=S2_SPI2_MISO Pin=IC2-28
Added Pin To Net: NetName=S2_SPI2_MISO Pin=P4-2
Added Net: Name=S2_SPI2_MISO
Added Pin To Net: NetName=S2_SPI2_MOSI Pin=IC2-29
Added Pin To Net: NetName=S2_SPI2_MOSI Pin=P4-3
Added Net: Name=S2_SPI2_MOSI
Added Pin To Net: NetName=S2_SPI2_SCLK Pin=IC2-69
Added Pin To Net: NetName=S2_SPI2_SCLK Pin=P4-1
Added Net: Name=S2_SPI2_SCLK
Added Pin To Net: NetName=S2_SPI3_MISO Pin=IC2-112
Added Pin To Net: NetName=S2_SPI3_MISO Pin=P4-5
Added Net: Name=S2_SPI3_MISO
Added Pin To Net: NetName=S2_SPI3_MOSI Pin=IC2-113
Added Pin To Net: NetName=S2_SPI3_MOSI Pin=P4-6
Added Net: Name=S2_SPI3_MOSI
Added Pin To Net: NetName=S2_SPI3_SCLK Pin=IC2-111
Added Pin To Net: NetName=S2_SPI3_SCLK Pin=P4-4
Added Net: Name=S2_SPI3_SCLK
Added Pin To Net: NetName=S2_SPI4_MISO Pin=IC2-4
Added Pin To Net: NetName=S2_SPI4_MISO Pin=P4-8
Added Net: Name=S2_SPI4_MISO
Added Pin To Net: NetName=S2_SPI4_MOSI Pin=IC2-5
Added Pin To Net: NetName=S2_SPI4_MOSI Pin=P4-9
Added Net: Name=S2_SPI4_MOSI
Added Pin To Net: NetName=S2_SPI4_SCLK Pin=IC2-1
Added Pin To Net: NetName=S2_SPI4_SCLK Pin=P4-7
Added Net: Name=S2_SPI4_SCLK
Added Pin To Net: NetName=S2_SPI5_MISO Pin=IC2-20
Added Pin To Net: NetName=S2_SPI5_MISO Pin=P4-11
Added Net: Name=S2_SPI5_MISO
Added Pin To Net: NetName=S2_SPI5_MOSI Pin=IC2-21
Added Pin To Net: NetName=S2_SPI5_MOSI Pin=P4-12
Added Net: Name=S2_SPI5_MOSI
Added Pin To Net: NetName=S2_SPI5_SCLK Pin=IC2-19
Added Pin To Net: NetName=S2_SPI5_SCLK Pin=P4-10
Added Net: Name=S2_SPI5_SCLK
Added Pin To Net: NetName=S2_SPI6_MISO Pin=IC2-127
Added Pin To Net: NetName=S2_SPI6_MISO Pin=P4-14
Added Net: Name=S2_SPI6_MISO
Added Pin To Net: NetName=S2_SPI6_MOSI Pin=IC2-129
Added Pin To Net: NetName=S2_SPI6_MOSI Pin=P4-15
Added Net: Name=S2_SPI6_MOSI
Added Pin To Net: NetName=S2_SPI6_SCLK Pin=IC2-128
Added Pin To Net: NetName=S2_SPI6_SCLK Pin=P4-13
Added Net: Name=S2_SPI6_SCLK
Added Pin To Net: NetName=S2_SWCLK Pin=IC2-109
Added Pin To Net: NetName=S2_SWCLK Pin=IC3-109
Added Pin To Net: NetName=S2_SWCLK Pin=IC4-109
Added Pin To Net: NetName=S2_SWCLK Pin=IC5-109
Added Pin To Net: NetName=S2_SWCLK Pin=IC6-109
Added Pin To Net: NetName=S2_SWCLK Pin=P9-1
Added Net: Name=S2_SWCLK
Added Pin To Net: NetName=S2_SWDIO Pin=P9-2
Added Pin To Net: NetName=S2_SWDIO Pin=R31-2
Added Net: Name=S2_SWDIO
Added Pin To Net: NetName=S3_BOOT0 Pin=IC3-138
Added Pin To Net: NetName=S3_BOOT0 Pin=R11-2
Added Net: Name=S3_BOOT0
Added Pin To Net: NetName=S3_BOOT1 Pin=IC3-48
Added Pin To Net: NetName=S3_BOOT1 Pin=R17-1
Added Net: Name=S3_BOOT1
Added Pin To Net: NetName=S3_SPI2_MISO Pin=IC3-28
Added Pin To Net: NetName=S3_SPI2_MISO Pin=P5-2
Added Net: Name=S3_SPI2_MISO
Added Pin To Net: NetName=S3_SPI2_MOSI Pin=IC3-29
Added Pin To Net: NetName=S3_SPI2_MOSI Pin=P5-3
Added Net: Name=S3_SPI2_MOSI
Added Pin To Net: NetName=S3_SPI2_SCLK Pin=IC3-69
Added Pin To Net: NetName=S3_SPI2_SCLK Pin=P5-1
Added Net: Name=S3_SPI2_SCLK
Added Pin To Net: NetName=S3_SPI3_MISO Pin=IC3-112
Added Pin To Net: NetName=S3_SPI3_MISO Pin=P5-5
Added Net: Name=S3_SPI3_MISO
Added Pin To Net: NetName=S3_SPI3_MOSI Pin=IC3-113
Added Pin To Net: NetName=S3_SPI3_MOSI Pin=P5-6
Added Net: Name=S3_SPI3_MOSI
Added Pin To Net: NetName=S3_SPI3_SCLK Pin=IC3-111
Added Pin To Net: NetName=S3_SPI3_SCLK Pin=P5-4
Added Net: Name=S3_SPI3_SCLK
Added Pin To Net: NetName=S3_SPI4_MISO Pin=IC3-4
Added Pin To Net: NetName=S3_SPI4_MISO Pin=P5-8
Added Net: Name=S3_SPI4_MISO
Added Pin To Net: NetName=S3_SPI4_MOSI Pin=IC3-5
Added Pin To Net: NetName=S3_SPI4_MOSI Pin=P5-9
Added Net: Name=S3_SPI4_MOSI
Added Pin To Net: NetName=S3_SPI4_SCLK Pin=IC3-1
Added Pin To Net: NetName=S3_SPI4_SCLK Pin=P5-7
Added Net: Name=S3_SPI4_SCLK
Added Pin To Net: NetName=S3_SPI5_MISO Pin=IC3-20
Added Pin To Net: NetName=S3_SPI5_MISO Pin=P5-11
Added Net: Name=S3_SPI5_MISO
Added Pin To Net: NetName=S3_SPI5_MOSI Pin=IC3-21
Added Pin To Net: NetName=S3_SPI5_MOSI Pin=P5-12
Added Net: Name=S3_SPI5_MOSI
Added Pin To Net: NetName=S3_SPI5_SCLK Pin=IC3-19
Added Pin To Net: NetName=S3_SPI5_SCLK Pin=P5-10
Added Net: Name=S3_SPI5_SCLK
Added Pin To Net: NetName=S3_SPI6_MISO Pin=IC3-127
Added Pin To Net: NetName=S3_SPI6_MISO Pin=P5-14
Added Net: Name=S3_SPI6_MISO
Added Pin To Net: NetName=S3_SPI6_MOSI Pin=IC3-129
Added Pin To Net: NetName=S3_SPI6_MOSI Pin=P5-15
Added Net: Name=S3_SPI6_MOSI
Added Pin To Net: NetName=S3_SPI6_SCLK Pin=IC3-128
Added Pin To Net: NetName=S3_SPI6_SCLK Pin=P5-13
Added Net: Name=S3_SPI6_SCLK
Added Pin To Net: NetName=S4_BOOT0 Pin=IC4-138
Added Pin To Net: NetName=S4_BOOT0 Pin=R12-2
Added Net: Name=S4_BOOT0
Added Pin To Net: NetName=S4_BOOT1 Pin=IC4-48
Added Pin To Net: NetName=S4_BOOT1 Pin=R23-1
Added Net: Name=S4_BOOT1
Added Pin To Net: NetName=S4_SPI2_MISO Pin=IC4-28
Added Pin To Net: NetName=S4_SPI2_MISO Pin=P6-2
Added Net: Name=S4_SPI2_MISO
Added Pin To Net: NetName=S4_SPI2_MOSI Pin=IC4-29
Added Pin To Net: NetName=S4_SPI2_MOSI Pin=P6-3
Added Net: Name=S4_SPI2_MOSI
Added Pin To Net: NetName=S4_SPI2_SCLK Pin=IC4-69
Added Pin To Net: NetName=S4_SPI2_SCLK Pin=P6-1
Added Net: Name=S4_SPI2_SCLK
Added Pin To Net: NetName=S4_SPI3_MISO Pin=IC4-112
Added Pin To Net: NetName=S4_SPI3_MISO Pin=P6-5
Added Net: Name=S4_SPI3_MISO
Added Pin To Net: NetName=S4_SPI3_MOSI Pin=IC4-113
Added Pin To Net: NetName=S4_SPI3_MOSI Pin=P6-6
Added Net: Name=S4_SPI3_MOSI
Added Pin To Net: NetName=S4_SPI3_SCLK Pin=IC4-111
Added Pin To Net: NetName=S4_SPI3_SCLK Pin=P6-4
Added Net: Name=S4_SPI3_SCLK
Added Pin To Net: NetName=S4_SPI4_MISO Pin=IC4-4
Added Pin To Net: NetName=S4_SPI4_MISO Pin=P6-8
Added Net: Name=S4_SPI4_MISO
Added Pin To Net: NetName=S4_SPI4_MOSI Pin=IC4-5
Added Pin To Net: NetName=S4_SPI4_MOSI Pin=P6-9
Added Net: Name=S4_SPI4_MOSI
Added Pin To Net: NetName=S4_SPI4_SCLK Pin=IC4-1
Added Pin To Net: NetName=S4_SPI4_SCLK Pin=P6-7
Added Net: Name=S4_SPI4_SCLK
Added Pin To Net: NetName=S4_SPI5_MISO Pin=IC4-20
Added Pin To Net: NetName=S4_SPI5_MISO Pin=P6-11
Added Net: Name=S4_SPI5_MISO
Added Pin To Net: NetName=S4_SPI5_MOSI Pin=IC4-21
Added Pin To Net: NetName=S4_SPI5_MOSI Pin=P6-12
Added Net: Name=S4_SPI5_MOSI
Added Pin To Net: NetName=S4_SPI5_SCLK Pin=IC4-19
Added Pin To Net: NetName=S4_SPI5_SCLK Pin=P6-10
Added Net: Name=S4_SPI5_SCLK
Added Pin To Net: NetName=S4_SPI6_MISO Pin=IC4-127
Added Pin To Net: NetName=S4_SPI6_MISO Pin=P6-14
Added Net: Name=S4_SPI6_MISO
Added Pin To Net: NetName=S4_SPI6_MOSI Pin=IC4-129
Added Pin To Net: NetName=S4_SPI6_MOSI Pin=P6-15
Added Net: Name=S4_SPI6_MOSI
Added Pin To Net: NetName=S4_SPI6_SCLK Pin=IC4-128
Added Pin To Net: NetName=S4_SPI6_SCLK Pin=P6-13
Added Net: Name=S4_SPI6_SCLK
Added Pin To Net: NetName=S5_BOOT0 Pin=IC5-138
Added Pin To Net: NetName=S5_BOOT0 Pin=R13-2
Added Net: Name=S5_BOOT0
Added Pin To Net: NetName=S5_BOOT1 Pin=IC5-48
Added Pin To Net: NetName=S5_BOOT1 Pin=R25-1
Added Net: Name=S5_BOOT1
Added Pin To Net: NetName=S5_SPI2_MISO Pin=IC5-28
Added Pin To Net: NetName=S5_SPI2_MISO Pin=P7-2
Added Net: Name=S5_SPI2_MISO
Added Pin To Net: NetName=S5_SPI2_MOSI Pin=IC5-29
Added Pin To Net: NetName=S5_SPI2_MOSI Pin=P7-3
Added Net: Name=S5_SPI2_MOSI
Added Pin To Net: NetName=S5_SPI2_SCLK Pin=IC5-69
Added Pin To Net: NetName=S5_SPI2_SCLK Pin=P7-1
Added Net: Name=S5_SPI2_SCLK
Added Pin To Net: NetName=S5_SPI3_MISO Pin=IC5-112
Added Pin To Net: NetName=S5_SPI3_MISO Pin=P7-5
Added Net: Name=S5_SPI3_MISO
Added Pin To Net: NetName=S5_SPI3_MOSI Pin=IC5-113
Added Pin To Net: NetName=S5_SPI3_MOSI Pin=P7-6
Added Net: Name=S5_SPI3_MOSI
Added Pin To Net: NetName=S5_SPI3_SCLK Pin=IC5-111
Added Pin To Net: NetName=S5_SPI3_SCLK Pin=P7-4
Added Net: Name=S5_SPI3_SCLK
Added Pin To Net: NetName=S5_SPI4_MISO Pin=IC5-4
Added Pin To Net: NetName=S5_SPI4_MISO Pin=P7-8
Added Net: Name=S5_SPI4_MISO
Added Pin To Net: NetName=S5_SPI4_MOSI Pin=IC5-5
Added Pin To Net: NetName=S5_SPI4_MOSI Pin=P7-9
Added Net: Name=S5_SPI4_MOSI
Added Pin To Net: NetName=S5_SPI4_SCLK Pin=IC5-1
Added Pin To Net: NetName=S5_SPI4_SCLK Pin=P7-7
Added Net: Name=S5_SPI4_SCLK
Added Pin To Net: NetName=S5_SPI5_MISO Pin=IC5-20
Added Pin To Net: NetName=S5_SPI5_MISO Pin=P7-11
Added Net: Name=S5_SPI5_MISO
Added Pin To Net: NetName=S5_SPI5_MOSI Pin=IC5-21
Added Pin To Net: NetName=S5_SPI5_MOSI Pin=P7-12
Added Net: Name=S5_SPI5_MOSI
Added Pin To Net: NetName=S5_SPI5_SCLK Pin=IC5-19
Added Pin To Net: NetName=S5_SPI5_SCLK Pin=P7-10
Added Net: Name=S5_SPI5_SCLK
Added Pin To Net: NetName=S5_SPI6_MISO Pin=IC5-127
Added Pin To Net: NetName=S5_SPI6_MISO Pin=P7-14
Added Net: Name=S5_SPI6_MISO
Added Pin To Net: NetName=S5_SPI6_MOSI Pin=IC5-129
Added Pin To Net: NetName=S5_SPI6_MOSI Pin=P7-15
Added Net: Name=S5_SPI6_MOSI
Added Pin To Net: NetName=S5_SPI6_SCLK Pin=IC5-128
Added Pin To Net: NetName=S5_SPI6_SCLK Pin=P7-13
Added Net: Name=S5_SPI6_SCLK
Added Pin To Net: NetName=S6_BOOT0 Pin=IC6-138
Added Pin To Net: NetName=S6_BOOT0 Pin=R16-2
Added Net: Name=S6_BOOT0
Added Pin To Net: NetName=S6_BOOT1 Pin=IC6-48
Added Pin To Net: NetName=S6_BOOT1 Pin=R26-1
Added Net: Name=S6_BOOT1
Added Pin To Net: NetName=S6_SPI2_MISO Pin=IC6-28
Added Pin To Net: NetName=S6_SPI2_MISO Pin=P8-2
Added Net: Name=S6_SPI2_MISO
Added Pin To Net: NetName=S6_SPI2_MOSI Pin=IC6-29
Added Pin To Net: NetName=S6_SPI2_MOSI Pin=P8-3
Added Net: Name=S6_SPI2_MOSI
Added Pin To Net: NetName=S6_SPI2_SCLK Pin=IC6-69
Added Pin To Net: NetName=S6_SPI2_SCLK Pin=P8-1
Added Net: Name=S6_SPI2_SCLK
Added Pin To Net: NetName=S6_SPI3_MISO Pin=IC6-112
Added Pin To Net: NetName=S6_SPI3_MISO Pin=P8-5
Added Net: Name=S6_SPI3_MISO
Added Pin To Net: NetName=S6_SPI3_MOSI Pin=IC6-113
Added Pin To Net: NetName=S6_SPI3_MOSI Pin=P8-6
Added Net: Name=S6_SPI3_MOSI
Added Pin To Net: NetName=S6_SPI3_SCLK Pin=IC6-111
Added Pin To Net: NetName=S6_SPI3_SCLK Pin=P8-4
Added Net: Name=S6_SPI3_SCLK
Added Pin To Net: NetName=S6_SPI4_MISO Pin=IC6-4
Added Pin To Net: NetName=S6_SPI4_MISO Pin=P8-8
Added Net: Name=S6_SPI4_MISO
Added Pin To Net: NetName=S6_SPI4_MOSI Pin=IC6-5
Added Pin To Net: NetName=S6_SPI4_MOSI Pin=P8-9
Added Net: Name=S6_SPI4_MOSI
Added Pin To Net: NetName=S6_SPI4_SCLK Pin=IC6-1
Added Pin To Net: NetName=S6_SPI4_SCLK Pin=P8-7
Added Net: Name=S6_SPI4_SCLK
Added Pin To Net: NetName=S6_SPI5_MISO Pin=IC6-20
Added Pin To Net: NetName=S6_SPI5_MISO Pin=P8-11
Added Net: Name=S6_SPI5_MISO
Added Pin To Net: NetName=S6_SPI5_MOSI Pin=IC6-21
Added Pin To Net: NetName=S6_SPI5_MOSI Pin=P8-12
Added Net: Name=S6_SPI5_MOSI
Added Pin To Net: NetName=S6_SPI5_SCLK Pin=IC6-19
Added Pin To Net: NetName=S6_SPI5_SCLK Pin=P8-10
Added Net: Name=S6_SPI5_SCLK
Added Pin To Net: NetName=S6_SPI6_MISO Pin=IC6-127
Added Pin To Net: NetName=S6_SPI6_MISO Pin=P8-14
Added Net: Name=S6_SPI6_MISO
Added Pin To Net: NetName=S6_SPI6_MOSI Pin=IC6-129
Added Pin To Net: NetName=S6_SPI6_MOSI Pin=P8-15
Added Net: Name=S6_SPI6_MOSI
Added Pin To Net: NetName=S6_SPI6_SCLK Pin=IC6-128
Added Pin To Net: NetName=S6_SPI6_SCLK Pin=P8-13
Added Net: Name=S6_SPI6_SCLK
Added Pin To Net: NetName=SW_MISO Pin=IC1-8
Added Pin To Net: NetName=SW_MISO Pin=P2-2
Added Net: Name=SW_MISO
Added Pin To Net: NetName=SW_MOSI Pin=IC1-9
Added Pin To Net: NetName=SW_MOSI Pin=P2-3
Added Net: Name=SW_MOSI
Added Pin To Net: NetName=SW_RESET Pin=IC1-2
Added Pin To Net: NetName=SW_RESET Pin=IC2-2
Added Pin To Net: NetName=SW_RESET Pin=IC3-2
Added Pin To Net: NetName=SW_RESET Pin=IC4-2
Added Pin To Net: NetName=SW_RESET Pin=IC5-2
Added Pin To Net: NetName=SW_RESET Pin=IC6-2
Added Pin To Net: NetName=SW_RESET Pin=P2-4
Added Net: Name=SW_RESET
Added Pin To Net: NetName=SW_SCLK Pin=IC1-7
Added Pin To Net: NetName=SW_SCLK Pin=P2-1
Added Net: Name=SW_SCLK
Added Pin To Net: NetName=TCT Pin=C19-1
Added Pin To Net: NetName=TCT Pin=J1-4
Added Pin To Net: NetName=TCT Pin=R22-2
Added Net: Name=TCT
Added Pin To Net: NetName=TXN Pin=IC11-1
Added Pin To Net: NetName=TXN Pin=J1-2
Added Pin To Net: NetName=TXN Pin=R21-2
Added Net: Name=TXN
Added Pin To Net: NetName=TXP Pin=IC11-2
Added Pin To Net: NetName=TXP Pin=J1-1
Added Pin To Net: NetName=TXP Pin=R20-2
Added Net: Name=TXP
Added Pin To Net: NetName=USART1_RX Pin=IC1-102
Added Pin To Net: NetName=USART1_RX Pin=P3-2
Added Net: Name=USART1_RX
Added Pin To Net: NetName=USART1_TX Pin=IC1-101
Added Pin To Net: NetName=USART1_TX Pin=P3-3
Added Net: Name=USART1_TX
Added Pin To Net: NetName=VCC-1V2 Pin=C15-1
Added Pin To Net: NetName=VCC-1V2 Pin=IC11-21
Added Net: Name=VCC-1V2
Added Pin To Net: NetName=W5500_INT Pin=IC1-47
Added Pin To Net: NetName=W5500_INT Pin=IC11-36
Added Pin To Net: NetName=W5500_INT Pin=R7-1
Added Net: Name=W5500_INT
Added Pin To Net: NetName=W5500_RST Pin=IC1-46
Added Pin To Net: NetName=W5500_RST Pin=IC11-37
Added Pin To Net: NetName=W5500_RST Pin=R6-1
Added Net: Name=W5500_RST
Added Pin To Net: NetName=W5500_SCS Pin=IC1-70
Added Pin To Net: NetName=W5500_SCS Pin=IC11-32
Added Pin To Net: NetName=W5500_SCS Pin=R8-1
Added Net: Name=W5500_SCS
Added Pin To Net: NetName=W5500_SPI2_MISO Pin=IC1-28
Added Pin To Net: NetName=W5500_SPI2_MISO Pin=IC11-34
Added Net: Name=W5500_SPI2_MISO
Added Pin To Net: NetName=W5500_SPI2_MOSI Pin=IC1-29
Added Pin To Net: NetName=W5500_SPI2_MOSI Pin=IC11-35
Added Net: Name=W5500_SPI2_MOSI
Added Pin To Net: NetName=W5500_SPI2_SCLK Pin=IC1-69
Added Pin To Net: NetName=W5500_SPI2_SCLK Pin=IC11-33
Added Net: Name=W5500_SPI2_SCLK
Added Pin To Net: NetName=XI Pin=C21-2
Added Pin To Net: NetName=XI Pin=IC11-30
Added Pin To Net: NetName=XI Pin=R29-1
Added Net: Name=XI
Added Pin To Net: NetName=XO Pin=C20-2
Added Pin To Net: NetName=XO Pin=IC11-31
Added Pin To Net: NetName=XO Pin=R29-2
Added Net: Name=XO
Added Class: Name=all_Masterboard_2020
Added Room: Name=all_Masterboard_2020
