Added Component: Designator=C1(c0805)
Add component (AddParameter): Name = "Value"; Value = "30pF"; VariantName = "[No Variations]"
Added Component: Designator=C2(c0805)
Add component (AddParameter): Name = "Value"; Value = "30pF"; VariantName = "[No Variations]"
Added Component: Designator=C3(c0805)
Add component (AddParameter): Name = "Value"; Value = "30pF"; VariantName = "[No Variations]"
Added Component: Designator=C4(c0805)
Add component (AddParameter): Name = "Value"; Value = "30pF"; VariantName = "[No Variations]"
Added Component: Designator=C5(c0805)
Add component (AddParameter): Name = "Value"; Value = "30pF"; VariantName = "[No Variations]"
Added Component: Designator=C6(c0805)
Add component (AddParameter): Name = "Value"; Value = "30pF"; VariantName = "[No Variations]"
Added Component: Designator=C7(c0805)
Add component (AddParameter): Name = "Value"; Value = "30pF"; VariantName = "[No Variations]"
Added Component: Designator=C8(c0805)
Add component (AddParameter): Name = "Value"; Value = "30pF"; VariantName = "[No Variations]"
Added Component: Designator=C9(c0805)
Add component (AddParameter): Name = "Value"; Value = "30pF"; VariantName = "[No Variations]"
Added Component: Designator=C10(c0805)
Add component (AddParameter): Name = "Value"; Value = "30pF"; VariantName = "[No Variations]"
Added Component: Designator=C11(c0805)
Added Component: Designator=C12(c0805)
Added Component: Designator=C13(c0805)
Added Component: Designator=C14(c0805)
Added Component: Designator=C15(c0805)
Added Component: Designator=C16(c0805)
Added Component: Designator=C17(c0805)
Added Component: Designator=C18(c0805)
Added Component: Designator=C19(c0805)
Added Component: Designator=C20(c0805)
Added Component: Designator=C21(c0805)
Added Component: Designator=C22(c0805)
Added Component: Designator=C23(c0805)
Added Component: Designator=C24(c0805)
Added Component: Designator=C25(c0805)
Added Component: Designator=C26(c0805)
Added Component: Designator=C27(c0805)
Added Component: Designator=C28(c0805)
Added Component: Designator=C29(c0805)
Added Component: Designator=C30(c0805)
Added Component: Designator=C31(c0805)
Added Component: Designator=C32(c0805)
Added Component: Designator=C33(c0805)
Added Component: Designator=C34(c0805)
Added Component: Designator=C35(c0805)
Added Component: Designator=C36(c0805)
Added Component: Designator=C37(c0805)
Added Component: Designator=C38(c0805)
Added Component: Designator=C39(c0805)
Added Component: Designator=C40(c0805)
Added Component: Designator=C41(c0805)
Added Component: Designator=C42(c0805)
Added Component: Designator=C43(c0805)
Added Component: Designator=C44(c0805)
Added Component: Designator=C45(c0805)
Added Component: Designator=C46(c0805)
Added Component: Designator=C47(c0805)
Added Component: Designator=C48(c0805)
Added Component: Designator=C49(c0805)
Added Component: Designator=C50(c0805)
Added Component: Designator=C51(c0805)
Added Component: Designator=C52(c0805)
Added Component: Designator=C53(c0805)
Added Component: Designator=C54(c0805)
Added Component: Designator=C55(c0805)
Added Component: Designator=C56(c0805)
Added Component: Designator=C57(c0805)
Added Component: Designator=C58(c0805)
Added Component: Designator=C59(c0805)
Added Component: Designator=C60(c0805)
Added Component: Designator=C61(c0805)
Added Component: Designator=C62(c0805)
Added Component: Designator=C63(c0805)
Added Component: Designator=C64(c0805)
Added Component: Designator=C65(c0805)
Added Component: Designator=C66(c0805)
Add component (AddParameter): Name = "Value"; Value = "100nF"; VariantName = "[No Variations]"
Added Component: Designator=C?(0603)
Add component (AddParameter): Name = "Value"; Value = "10uF"; VariantName = "[No Variations]"
Added Component: Designator=P1(MHDR2X10)
Add component (AddParameter): Name = "LatestRevisionDate"; Value = "17-Jul-2002"; VariantName = "[No Variations]"
Add component (AddParameter): Name = "LatestRevisionNote"; Value = "Re-released for DXP Platform."; VariantName = "[No Variations]"
Add component (AddParameter): Name = "Publisher"; Value = "Altium Limited"; VariantName = "[No Variations]"
Added Component: Designator=P2(MHDR1X4)
Add component (AddParameter): Name = "LatestRevisionDate"; Value = "17-Jul-2002"; VariantName = "[No Variations]"
Add component (AddParameter): Name = "LatestRevisionNote"; Value = "Re-released for DXP Platform."; VariantName = "[No Variations]"
Add component (AddParameter): Name = "Publisher"; Value = "Altium Limited"; VariantName = "[No Variations]"
Added Component: Designator=P4(MHDR2X20)
Add component (AddParameter): Name = "LatestRevisionDate"; Value = "17-Jul-2002"; VariantName = "[No Variations]"
Add component (AddParameter): Name = "LatestRevisionNote"; Value = "Re-released for DXP Platform."; VariantName = "[No Variations]"
Add component (AddParameter): Name = "Publisher"; Value = "Altium Limited"; VariantName = "[No Variations]"
Added Component: Designator=P5(MHDR2X20)
Add component (AddParameter): Name = "LatestRevisionDate"; Value = "17-Jul-2002"; VariantName = "[No Variations]"
Add component (AddParameter): Name = "LatestRevisionNote"; Value = "Re-released for DXP Platform."; VariantName = "[No Variations]"
Add component (AddParameter): Name = "Publisher"; Value = "Altium Limited"; VariantName = "[No Variations]"
Added Component: Designator=P6(MHDR2X20)
Add component (AddParameter): Name = "LatestRevisionDate"; Value = "17-Jul-2002"; VariantName = "[No Variations]"
Add component (AddParameter): Name = "LatestRevisionNote"; Value = "Re-released for DXP Platform."; VariantName = "[No Variations]"
Add component (AddParameter): Name = "Publisher"; Value = "Altium Limited"; VariantName = "[No Variations]"
Added Component: Designator=P7(MHDR2X20)
Add component (AddParameter): Name = "LatestRevisionDate"; Value = "17-Jul-2002"; VariantName = "[No Variations]"
Add component (AddParameter): Name = "LatestRevisionNote"; Value = "Re-released for DXP Platform."; VariantName = "[No Variations]"
Add component (AddParameter): Name = "Publisher"; Value = "Altium Limited"; VariantName = "[No Variations]"
Added Component: Designator=P8(MHDR2X20)
Add component (AddParameter): Name = "LatestRevisionDate"; Value = "17-Jul-2002"; VariantName = "[No Variations]"
Add component (AddParameter): Name = "LatestRevisionNote"; Value = "Re-released for DXP Platform."; VariantName = "[No Variations]"
Add component (AddParameter): Name = "Publisher"; Value = "Altium Limited"; VariantName = "[No Variations]"
Added Component: Designator=R1(6-0805_N)
Add component (AddParameter): Name = "Value"; Value = "100K"; VariantName = "[No Variations]"
Added Component: Designator=R2(6-0805_N)
Add component (AddParameter): Name = "Value"; Value = "10K"; VariantName = "[No Variations]"
Added Component: Designator=R3(6-0805_N)
Add component (AddParameter): Name = "Value"; Value = "10k"; VariantName = "[No Variations]"
Added Pin To Net: NetName=1_AD1_IN1 Pin=P4-1
Added Net: Name=1_AD1_IN1
Added Pin To Net: NetName=1_AD1_IN2 Pin=P4-3
Added Net: Name=1_AD1_IN2
Added Pin To Net: NetName=1_AD1_IN3 Pin=P4-5
Added Net: Name=1_AD1_IN3
Added Pin To Net: NetName=1_AD1_IN4 Pin=P4-7
Added Net: Name=1_AD1_IN4
Added Pin To Net: NetName=1_AD1_IN5 Pin=P4-9
Added Net: Name=1_AD1_IN5
Added Pin To Net: NetName=1_AD1_IN6 Pin=P4-11
Added Net: Name=1_AD1_IN6
Added Pin To Net: NetName=1_AD1_IN7 Pin=P4-13
Added Net: Name=1_AD1_IN7
Added Pin To Net: NetName=1_AD1_IN8 Pin=P4-15
Added Net: Name=1_AD1_IN8
Added Pin To Net: NetName=1_AD1_IN9 Pin=P4-17
Added Net: Name=1_AD1_IN9
Added Pin To Net: NetName=1_AD1_IN10 Pin=P4-19
Added Net: Name=1_AD1_IN10
Added Pin To Net: NetName=1_AD1_IN14 Pin=P4-21
Added Net: Name=1_AD1_IN14
Added Pin To Net: NetName=1_AD2_IN1 Pin=P4-23
Added Net: Name=1_AD2_IN1
Added Pin To Net: NetName=1_AD2_IN2 Pin=P4-25
Added Net: Name=1_AD2_IN2
Added Pin To Net: NetName=1_AD2_IN3 Pin=P4-27
Added Net: Name=1_AD2_IN3
Added Pin To Net: NetName=1_AD2_IN4 Pin=P4-29
Added Net: Name=1_AD2_IN4
Added Pin To Net: NetName=1_AD2_IN5 Pin=P4-31
Added Net: Name=1_AD2_IN5
Added Pin To Net: NetName=1_AD2_IN11 Pin=P4-33
Added Net: Name=1_AD2_IN11
Added Pin To Net: NetName=1_AD2_IN12 Pin=P4-35
Added Net: Name=1_AD2_IN12
Added Pin To Net: NetName=1_AD3_IN1 Pin=P4-37
Added Net: Name=1_AD3_IN1
Added Pin To Net: NetName=1_AD3_IN2 Pin=P4-39
Added Net: Name=1_AD3_IN2
Added Pin To Net: NetName=1_AD3_IN3 Pin=P4-2
Added Net: Name=1_AD3_IN3
Added Pin To Net: NetName=1_AD3_IN5 Pin=P4-4
Added Net: Name=1_AD3_IN5
Added Pin To Net: NetName=1_AD3_IN6 Pin=P4-6
Added Net: Name=1_AD3_IN6
Added Pin To Net: NetName=1_AD3_IN7 Pin=P4-8
Added Net: Name=1_AD3_IN7
Added Pin To Net: NetName=1_AD3_IN8 Pin=P4-10
Added Net: Name=1_AD3_IN8
Added Pin To Net: NetName=1_AD3_IN9 Pin=P4-12
Added Net: Name=1_AD3_IN9
Added Pin To Net: NetName=1_AD3_IN10 Pin=P4-14
Added Net: Name=1_AD3_IN10
Added Pin To Net: NetName=1_AD3_IN11 Pin=P4-16
Added Net: Name=1_AD3_IN11
Added Pin To Net: NetName=1_AD3_IN12 Pin=P4-18
Added Net: Name=1_AD3_IN12
Added Pin To Net: NetName=1_AD3_IN13 Pin=P4-20
Added Net: Name=1_AD3_IN13
Added Pin To Net: NetName=1_AD3_IN14 Pin=P4-22
Added Net: Name=1_AD3_IN14
Added Pin To Net: NetName=1_AD3_IN15 Pin=P4-24
Added Net: Name=1_AD3_IN15
Added Pin To Net: NetName=1_AD3_IN16 Pin=P4-26
Added Net: Name=1_AD3_IN16
Added Pin To Net: NetName=1_AD4_IN1 Pin=P4-28
Added Net: Name=1_AD4_IN1
Added Pin To Net: NetName=1_AD4_IN2 Pin=P4-30
Added Net: Name=1_AD4_IN2
Added Pin To Net: NetName=1_AD4_IN3 Pin=P4-32
Added Net: Name=1_AD4_IN3
Added Pin To Net: NetName=1_AD4_IN4 Pin=P4-34
Added Net: Name=1_AD4_IN4
Added Pin To Net: NetName=1_AD4_IN5 Pin=P4-36
Added Net: Name=1_AD4_IN5
Added Pin To Net: NetName=1_AD4_IN12 Pin=P4-38
Added Net: Name=1_AD4_IN12
Added Pin To Net: NetName=1_AD4_IN13 Pin=P4-40
Added Net: Name=1_AD4_IN13
Added Pin To Net: NetName=1_BOOT0 Pin=R1-2
Added Net: Name=1_BOOT0
Added Pin To Net: NetName=1_NRST Pin=C66-1
Added Pin To Net: NetName=1_NRST Pin=R2-1
Added Net: Name=1_NRST
Added Pin To Net: NetName=1_SPI_MISO Pin=P1-3
Added Net: Name=1_SPI_MISO
Added Pin To Net: NetName=1_SPI_MOSI Pin=P1-5
Added Net: Name=1_SPI_MOSI
Added Pin To Net: NetName=1_SPI_SCK Pin=P1-1
Added Net: Name=1_SPI_SCK
Added Pin To Net: NetName=1_SWCLK Pin=P2-1
Added Net: Name=1_SWCLK
Added Pin To Net: NetName=1_SWDIO Pin=P2-2
Added Pin To Net: NetName=1_SWDIO Pin=R3-2
Added Net: Name=1_SWDIO
Added Pin To Net: NetName=2_AD1_IN1 Pin=P5-1
Added Net: Name=2_AD1_IN1
Added Pin To Net: NetName=2_AD1_IN2 Pin=P5-3
Added Net: Name=2_AD1_IN2
Added Pin To Net: NetName=2_AD1_IN3 Pin=P5-5
Added Net: Name=2_AD1_IN3
Added Pin To Net: NetName=2_AD1_IN4 Pin=P5-7
Added Net: Name=2_AD1_IN4
Added Pin To Net: NetName=2_AD1_IN5 Pin=P5-9
Added Net: Name=2_AD1_IN5
Added Pin To Net: NetName=2_AD1_IN6 Pin=P5-11
Added Net: Name=2_AD1_IN6
Added Pin To Net: NetName=2_AD1_IN7 Pin=P5-13
Added Net: Name=2_AD1_IN7
Added Pin To Net: NetName=2_AD1_IN8 Pin=P5-15
Added Net: Name=2_AD1_IN8
Added Pin To Net: NetName=2_AD1_IN9 Pin=P5-17
Added Net: Name=2_AD1_IN9
Added Pin To Net: NetName=2_AD1_IN10 Pin=P5-19
Added Net: Name=2_AD1_IN10
Added Pin To Net: NetName=2_AD1_IN14 Pin=P5-21
Added Net: Name=2_AD1_IN14
Added Pin To Net: NetName=2_AD2_IN1 Pin=P5-23
Added Net: Name=2_AD2_IN1
Added Pin To Net: NetName=2_AD2_IN2 Pin=P5-25
Added Net: Name=2_AD2_IN2
Added Pin To Net: NetName=2_AD2_IN3 Pin=P5-27
Added Net: Name=2_AD2_IN3
Added Pin To Net: NetName=2_AD2_IN4 Pin=P5-29
Added Net: Name=2_AD2_IN4
Added Pin To Net: NetName=2_AD2_IN5 Pin=P5-31
Added Net: Name=2_AD2_IN5
Added Pin To Net: NetName=2_AD2_IN11 Pin=P5-33
Added Net: Name=2_AD2_IN11
Added Pin To Net: NetName=2_AD2_IN12 Pin=P5-35
Added Net: Name=2_AD2_IN12
Added Pin To Net: NetName=2_AD3_IN1 Pin=P5-37
Added Net: Name=2_AD3_IN1
Added Pin To Net: NetName=2_AD3_IN2 Pin=P5-39
Added Net: Name=2_AD3_IN2
Added Pin To Net: NetName=2_AD3_IN3 Pin=P5-2
Added Net: Name=2_AD3_IN3
Added Pin To Net: NetName=2_AD3_IN5 Pin=P5-4
Added Net: Name=2_AD3_IN5
Added Pin To Net: NetName=2_AD3_IN6 Pin=P5-6
Added Net: Name=2_AD3_IN6
Added Pin To Net: NetName=2_AD3_IN7 Pin=P5-8
Added Net: Name=2_AD3_IN7
Added Pin To Net: NetName=2_AD3_IN8 Pin=P5-10
Added Net: Name=2_AD3_IN8
Added Pin To Net: NetName=2_AD3_IN9 Pin=P5-12
Added Net: Name=2_AD3_IN9
Added Pin To Net: NetName=2_AD3_IN10 Pin=P5-14
Added Net: Name=2_AD3_IN10
Added Pin To Net: NetName=2_AD3_IN11 Pin=P5-16
Added Net: Name=2_AD3_IN11
Added Pin To Net: NetName=2_AD3_IN12 Pin=P5-18
Added Net: Name=2_AD3_IN12
Added Pin To Net: NetName=2_AD3_IN13 Pin=P5-20
Added Net: Name=2_AD3_IN13
Added Pin To Net: NetName=2_AD3_IN14 Pin=P5-22
Added Net: Name=2_AD3_IN14
Added Pin To Net: NetName=2_AD3_IN15 Pin=P5-24
Added Net: Name=2_AD3_IN15
Added Pin To Net: NetName=2_AD3_IN16 Pin=P5-26
Added Net: Name=2_AD3_IN16
Added Pin To Net: NetName=2_AD4_IN1 Pin=P5-28
Added Net: Name=2_AD4_IN1
Added Pin To Net: NetName=2_AD4_IN2 Pin=P5-30
Added Net: Name=2_AD4_IN2
Added Pin To Net: NetName=2_AD4_IN3 Pin=P5-32
Added Net: Name=2_AD4_IN3
Added Pin To Net: NetName=2_AD4_IN4 Pin=P5-34
Added Net: Name=2_AD4_IN4
Added Pin To Net: NetName=2_AD4_IN5 Pin=P5-36
Added Net: Name=2_AD4_IN5
Added Pin To Net: NetName=2_AD4_IN12 Pin=P5-38
Added Net: Name=2_AD4_IN12
Added Pin To Net: NetName=2_AD4_IN13 Pin=P5-40
Added Net: Name=2_AD4_IN13
Added Pin To Net: NetName=2_SPI_MISO Pin=P1-11
Added Net: Name=2_SPI_MISO
Added Pin To Net: NetName=2_SPI_MOSI Pin=P1-13
Added Net: Name=2_SPI_MOSI
Added Pin To Net: NetName=2_SPI_SCK Pin=P1-9
Added Net: Name=2_SPI_SCK
Added Pin To Net: NetName=3.3V Pin=C11-1
Added Pin To Net: NetName=3.3V Pin=C12-1
Added Pin To Net: NetName=3.3V Pin=C13-1
Added Pin To Net: NetName=3.3V Pin=C14-1
Added Pin To Net: NetName=3.3V Pin=C15-1
Added Pin To Net: NetName=3.3V Pin=C16-1
Added Pin To Net: NetName=3.3V Pin=C17-1
Added Pin To Net: NetName=3.3V Pin=C18-1
Added Pin To Net: NetName=3.3V Pin=C19-1
Added Pin To Net: NetName=3.3V Pin=C20-1
Added Pin To Net: NetName=3.3V Pin=C21-1
Added Pin To Net: NetName=3.3V Pin=C22-1
Added Pin To Net: NetName=3.3V Pin=C23-1
Added Pin To Net: NetName=3.3V Pin=C24-1
Added Pin To Net: NetName=3.3V Pin=C25-1
Added Pin To Net: NetName=3.3V Pin=C26-1
Added Pin To Net: NetName=3.3V Pin=C27-1
Added Pin To Net: NetName=3.3V Pin=C28-1
Added Pin To Net: NetName=3.3V Pin=C29-1
Added Pin To Net: NetName=3.3V Pin=C30-1
Added Pin To Net: NetName=3.3V Pin=C31-1
Added Pin To Net: NetName=3.3V Pin=C32-1
Added Pin To Net: NetName=3.3V Pin=C33-1
Added Pin To Net: NetName=3.3V Pin=C34-1
Added Pin To Net: NetName=3.3V Pin=C35-1
Added Pin To Net: NetName=3.3V Pin=C36-1
Added Pin To Net: NetName=3.3V Pin=C37-1
Added Pin To Net: NetName=3.3V Pin=C38-1
Added Pin To Net: NetName=3.3V Pin=C39-1
Added Pin To Net: NetName=3.3V Pin=C40-1
Added Pin To Net: NetName=3.3V Pin=C41-1
Added Pin To Net: NetName=3.3V Pin=C42-1
Added Pin To Net: NetName=3.3V Pin=C43-1
Added Pin To Net: NetName=3.3V Pin=C44-1
Added Pin To Net: NetName=3.3V Pin=C45-1
Added Pin To Net: NetName=3.3V Pin=C46-1
Added Pin To Net: NetName=3.3V Pin=C47-1
Added Pin To Net: NetName=3.3V Pin=C48-1
Added Pin To Net: NetName=3.3V Pin=C49-1
Added Pin To Net: NetName=3.3V Pin=C50-1
Added Pin To Net: NetName=3.3V Pin=C51-1
Added Pin To Net: NetName=3.3V Pin=C52-1
Added Pin To Net: NetName=3.3V Pin=C53-1
Added Pin To Net: NetName=3.3V Pin=C54-1
Added Pin To Net: NetName=3.3V Pin=C55-1
Added Pin To Net: NetName=3.3V Pin=C56-1
Added Pin To Net: NetName=3.3V Pin=C57-1
Added Pin To Net: NetName=3.3V Pin=C58-1
Added Pin To Net: NetName=3.3V Pin=C59-1
Added Pin To Net: NetName=3.3V Pin=C60-1
Added Pin To Net: NetName=3.3V Pin=C61-1
Added Pin To Net: NetName=3.3V Pin=C62-1
Added Pin To Net: NetName=3.3V Pin=C63-1
Added Pin To Net: NetName=3.3V Pin=C64-1
Added Pin To Net: NetName=3.3V Pin=C65-1
Added Pin To Net: NetName=3.3V Pin=C?-2
Added Pin To Net: NetName=3.3V Pin=C?-2
Added Pin To Net: NetName=3.3V Pin=P2-3
Added Pin To Net: NetName=3.3V Pin=R2-2
Added Pin To Net: NetName=3.3V Pin=R3-1
Added Net: Name=3.3V
Added Pin To Net: NetName=3_AD1_IN1 Pin=P6-1
Added Net: Name=3_AD1_IN1
Added Pin To Net: NetName=3_AD1_IN2 Pin=P6-3
Added Net: Name=3_AD1_IN2
Added Pin To Net: NetName=3_AD1_IN3 Pin=P6-5
Added Net: Name=3_AD1_IN3
Added Pin To Net: NetName=3_AD1_IN4 Pin=P6-7
Added Net: Name=3_AD1_IN4
Added Pin To Net: NetName=3_AD1_IN5 Pin=P6-9
Added Net: Name=3_AD1_IN5
Added Pin To Net: NetName=3_AD1_IN6 Pin=P6-11
Added Net: Name=3_AD1_IN6
Added Pin To Net: NetName=3_AD1_IN7 Pin=P6-13
Added Net: Name=3_AD1_IN7
Added Pin To Net: NetName=3_AD1_IN8 Pin=P6-15
Added Net: Name=3_AD1_IN8
Added Pin To Net: NetName=3_AD1_IN9 Pin=P6-17
Added Net: Name=3_AD1_IN9
Added Pin To Net: NetName=3_AD1_IN10 Pin=P6-19
Added Net: Name=3_AD1_IN10
Added Pin To Net: NetName=3_AD1_IN14 Pin=P6-21
Added Net: Name=3_AD1_IN14
Added Pin To Net: NetName=3_AD2_IN1 Pin=P6-23
Added Net: Name=3_AD2_IN1
Added Pin To Net: NetName=3_AD2_IN2 Pin=P6-25
Added Net: Name=3_AD2_IN2
Added Pin To Net: NetName=3_AD2_IN3 Pin=P6-27
Added Net: Name=3_AD2_IN3
Added Pin To Net: NetName=3_AD2_IN4 Pin=P6-29
Added Net: Name=3_AD2_IN4
Added Pin To Net: NetName=3_AD2_IN5 Pin=P6-31
Added Net: Name=3_AD2_IN5
Added Pin To Net: NetName=3_AD2_IN11 Pin=P6-33
Added Net: Name=3_AD2_IN11
Added Pin To Net: NetName=3_AD2_IN12 Pin=P6-35
Added Net: Name=3_AD2_IN12
Added Pin To Net: NetName=3_AD3_IN1 Pin=P6-37
Added Net: Name=3_AD3_IN1
Added Pin To Net: NetName=3_AD3_IN2 Pin=P6-39
Added Net: Name=3_AD3_IN2
Added Pin To Net: NetName=3_AD3_IN3 Pin=P6-2
Added Net: Name=3_AD3_IN3
Added Pin To Net: NetName=3_AD3_IN5 Pin=P6-4
Added Net: Name=3_AD3_IN5
Added Pin To Net: NetName=3_AD3_IN6 Pin=P6-6
Added Net: Name=3_AD3_IN6
Added Pin To Net: NetName=3_AD3_IN7 Pin=P6-8
Added Net: Name=3_AD3_IN7
Added Pin To Net: NetName=3_AD3_IN8 Pin=P6-10
Added Net: Name=3_AD3_IN8
Added Pin To Net: NetName=3_AD3_IN9 Pin=P6-12
Added Net: Name=3_AD3_IN9
Added Pin To Net: NetName=3_AD3_IN10 Pin=P6-14
Added Net: Name=3_AD3_IN10
Added Pin To Net: NetName=3_AD3_IN11 Pin=P6-16
Added Net: Name=3_AD3_IN11
Added Pin To Net: NetName=3_AD3_IN12 Pin=P6-18
Added Net: Name=3_AD3_IN12
Added Pin To Net: NetName=3_AD3_IN13 Pin=P6-20
Added Net: Name=3_AD3_IN13
Added Pin To Net: NetName=3_AD3_IN14 Pin=P6-22
Added Net: Name=3_AD3_IN14
Added Pin To Net: NetName=3_AD3_IN15 Pin=P6-24
Added Net: Name=3_AD3_IN15
Added Pin To Net: NetName=3_AD3_IN16 Pin=P6-26
Added Net: Name=3_AD3_IN16
Added Pin To Net: NetName=3_AD4_IN1 Pin=P6-28
Added Net: Name=3_AD4_IN1
Added Pin To Net: NetName=3_AD4_IN2 Pin=P6-30
Added Net: Name=3_AD4_IN2
Added Pin To Net: NetName=3_AD4_IN3 Pin=P6-32
Added Net: Name=3_AD4_IN3
Added Pin To Net: NetName=3_AD4_IN4 Pin=P6-34
Added Net: Name=3_AD4_IN4
Added Pin To Net: NetName=3_AD4_IN5 Pin=P6-36
Added Net: Name=3_AD4_IN5
Added Pin To Net: NetName=3_AD4_IN12 Pin=P6-38
Added Net: Name=3_AD4_IN12
Added Pin To Net: NetName=3_AD4_IN13 Pin=P6-40
Added Net: Name=3_AD4_IN13
Added Pin To Net: NetName=3_SPI_MISO Pin=P1-19
Added Net: Name=3_SPI_MISO
Added Pin To Net: NetName=3_SPI_MOSI Pin=P1-20
Added Net: Name=3_SPI_MOSI
Added Pin To Net: NetName=3_SPI_SCK Pin=P1-17
Added Net: Name=3_SPI_SCK
Added Pin To Net: NetName=4_AD1_IN1 Pin=P7-1
Added Net: Name=4_AD1_IN1
Added Pin To Net: NetName=4_AD1_IN2 Pin=P7-3
Added Net: Name=4_AD1_IN2
Added Pin To Net: NetName=4_AD1_IN3 Pin=P7-5
Added Net: Name=4_AD1_IN3
Added Pin To Net: NetName=4_AD1_IN4 Pin=P7-7
Added Net: Name=4_AD1_IN4
Added Pin To Net: NetName=4_AD1_IN5 Pin=P7-9
Added Net: Name=4_AD1_IN5
Added Pin To Net: NetName=4_AD1_IN6 Pin=P7-11
Added Net: Name=4_AD1_IN6
Added Pin To Net: NetName=4_AD1_IN7 Pin=P7-13
Added Net: Name=4_AD1_IN7
Added Pin To Net: NetName=4_AD1_IN8 Pin=P7-15
Added Net: Name=4_AD1_IN8
Added Pin To Net: NetName=4_AD1_IN9 Pin=P7-17
Added Net: Name=4_AD1_IN9
Added Pin To Net: NetName=4_AD1_IN10 Pin=P7-19
Added Net: Name=4_AD1_IN10
Added Pin To Net: NetName=4_AD1_IN14 Pin=P7-21
Added Net: Name=4_AD1_IN14
Added Pin To Net: NetName=4_AD2_IN1 Pin=P7-23
Added Net: Name=4_AD2_IN1
Added Pin To Net: NetName=4_AD2_IN2 Pin=P7-25
Added Net: Name=4_AD2_IN2
Added Pin To Net: NetName=4_AD2_IN3 Pin=P7-27
Added Net: Name=4_AD2_IN3
Added Pin To Net: NetName=4_AD2_IN4 Pin=P7-29
Added Net: Name=4_AD2_IN4
Added Pin To Net: NetName=4_AD2_IN5 Pin=P7-31
Added Net: Name=4_AD2_IN5
Added Pin To Net: NetName=4_AD2_IN11 Pin=P7-33
Added Net: Name=4_AD2_IN11
Added Pin To Net: NetName=4_AD2_IN12 Pin=P7-35
Added Net: Name=4_AD2_IN12
Added Pin To Net: NetName=4_AD3_IN1 Pin=P7-37
Added Net: Name=4_AD3_IN1
Added Pin To Net: NetName=4_AD3_IN2 Pin=P7-39
Added Net: Name=4_AD3_IN2
Added Pin To Net: NetName=4_AD3_IN3 Pin=P7-2
Added Net: Name=4_AD3_IN3
Added Pin To Net: NetName=4_AD3_IN5 Pin=P7-4
Added Net: Name=4_AD3_IN5
Added Pin To Net: NetName=4_AD3_IN6 Pin=P7-6
Added Net: Name=4_AD3_IN6
Added Pin To Net: NetName=4_AD3_IN7 Pin=P7-8
Added Net: Name=4_AD3_IN7
Added Pin To Net: NetName=4_AD3_IN8 Pin=P7-10
Added Net: Name=4_AD3_IN8
Added Pin To Net: NetName=4_AD3_IN9 Pin=P7-12
Added Net: Name=4_AD3_IN9
Added Pin To Net: NetName=4_AD3_IN10 Pin=P7-14
Added Net: Name=4_AD3_IN10
Added Pin To Net: NetName=4_AD3_IN11 Pin=P7-16
Added Net: Name=4_AD3_IN11
Added Pin To Net: NetName=4_AD3_IN12 Pin=P7-18
Added Net: Name=4_AD3_IN12
Added Pin To Net: NetName=4_AD3_IN13 Pin=P7-20
Added Net: Name=4_AD3_IN13
Added Pin To Net: NetName=4_AD3_IN14 Pin=P7-22
Added Net: Name=4_AD3_IN14
Added Pin To Net: NetName=4_AD3_IN15 Pin=P7-24
Added Net: Name=4_AD3_IN15
Added Pin To Net: NetName=4_AD3_IN16 Pin=P7-26
Added Net: Name=4_AD3_IN16
Added Pin To Net: NetName=4_AD4_IN1 Pin=P7-28
Added Net: Name=4_AD4_IN1
Added Pin To Net: NetName=4_AD4_IN2 Pin=P7-30
Added Net: Name=4_AD4_IN2
Added Pin To Net: NetName=4_AD4_IN3 Pin=P7-32
Added Net: Name=4_AD4_IN3
Added Pin To Net: NetName=4_AD4_IN4 Pin=P7-34
Added Net: Name=4_AD4_IN4
Added Pin To Net: NetName=4_AD4_IN5 Pin=P7-36
Added Net: Name=4_AD4_IN5
Added Pin To Net: NetName=4_AD4_IN12 Pin=P7-38
Added Net: Name=4_AD4_IN12
Added Pin To Net: NetName=4_AD4_IN13 Pin=P7-40
Added Net: Name=4_AD4_IN13
Added Pin To Net: NetName=4_SPI_MISO Pin=P1-14
Added Net: Name=4_SPI_MISO
Added Pin To Net: NetName=4_SPI_MOSI Pin=P1-16
Added Net: Name=4_SPI_MOSI
Added Pin To Net: NetName=4_SPI_SCK Pin=P1-12
Added Net: Name=4_SPI_SCK
Added Pin To Net: NetName=5_AD1_IN1 Pin=P8-1
Added Net: Name=5_AD1_IN1
Added Pin To Net: NetName=5_AD1_IN2 Pin=P8-3
Added Net: Name=5_AD1_IN2
Added Pin To Net: NetName=5_AD1_IN3 Pin=P8-5
Added Net: Name=5_AD1_IN3
Added Pin To Net: NetName=5_AD1_IN4 Pin=P8-7
Added Net: Name=5_AD1_IN4
Added Pin To Net: NetName=5_AD1_IN5 Pin=P8-9
Added Net: Name=5_AD1_IN5
Added Pin To Net: NetName=5_AD1_IN6 Pin=P8-11
Added Net: Name=5_AD1_IN6
Added Pin To Net: NetName=5_AD1_IN7 Pin=P8-13
Added Net: Name=5_AD1_IN7
Added Pin To Net: NetName=5_AD1_IN8 Pin=P8-15
Added Net: Name=5_AD1_IN8
Added Pin To Net: NetName=5_AD1_IN9 Pin=P8-17
Added Net: Name=5_AD1_IN9
Added Pin To Net: NetName=5_AD1_IN10 Pin=P8-19
Added Net: Name=5_AD1_IN10
Added Pin To Net: NetName=5_AD1_IN14 Pin=P8-21
Added Net: Name=5_AD1_IN14
Added Pin To Net: NetName=5_AD2_IN1 Pin=P8-23
Added Net: Name=5_AD2_IN1
Added Pin To Net: NetName=5_AD2_IN2 Pin=P8-25
Added Net: Name=5_AD2_IN2
Added Pin To Net: NetName=5_AD2_IN3 Pin=P8-27
Added Net: Name=5_AD2_IN3
Added Pin To Net: NetName=5_AD2_IN4 Pin=P8-29
Added Net: Name=5_AD2_IN4
Added Pin To Net: NetName=5_AD2_IN5 Pin=P8-31
Added Net: Name=5_AD2_IN5
Added Pin To Net: NetName=5_AD2_IN11 Pin=P8-33
Added Net: Name=5_AD2_IN11
Added Pin To Net: NetName=5_AD2_IN12 Pin=P8-35
Added Net: Name=5_AD2_IN12
Added Pin To Net: NetName=5_AD3_IN1 Pin=P8-37
Added Net: Name=5_AD3_IN1
Added Pin To Net: NetName=5_AD3_IN2 Pin=P8-39
Added Net: Name=5_AD3_IN2
Added Pin To Net: NetName=5_AD3_IN3 Pin=P8-2
Added Net: Name=5_AD3_IN3
Added Pin To Net: NetName=5_AD3_IN5 Pin=P8-4
Added Net: Name=5_AD3_IN5
Added Pin To Net: NetName=5_AD3_IN6 Pin=P8-6
Added Net: Name=5_AD3_IN6
Added Pin To Net: NetName=5_AD3_IN7 Pin=P8-8
Added Net: Name=5_AD3_IN7
Added Pin To Net: NetName=5_AD3_IN8 Pin=P8-10
Added Net: Name=5_AD3_IN8
Added Pin To Net: NetName=5_AD3_IN9 Pin=P8-12
Added Net: Name=5_AD3_IN9
Added Pin To Net: NetName=5_AD3_IN10 Pin=P8-14
Added Net: Name=5_AD3_IN10
Added Pin To Net: NetName=5_AD3_IN11 Pin=P8-16
Added Net: Name=5_AD3_IN11
Added Pin To Net: NetName=5_AD3_IN12 Pin=P8-18
Added Net: Name=5_AD3_IN12
Added Pin To Net: NetName=5_AD3_IN13 Pin=P8-20
Added Net: Name=5_AD3_IN13
Added Pin To Net: NetName=5_AD3_IN14 Pin=P8-22
Added Net: Name=5_AD3_IN14
Added Pin To Net: NetName=5_AD3_IN15 Pin=P8-24
Added Net: Name=5_AD3_IN15
Added Pin To Net: NetName=5_AD3_IN16 Pin=P8-26
Added Net: Name=5_AD3_IN16
Added Pin To Net: NetName=5_AD4_IN1 Pin=P8-28
Added Net: Name=5_AD4_IN1
Added Pin To Net: NetName=5_AD4_IN2 Pin=P8-30
Added Net: Name=5_AD4_IN2
Added Pin To Net: NetName=5_AD4_IN3 Pin=P8-32
Added Net: Name=5_AD4_IN3
Added Pin To Net: NetName=5_AD4_IN4 Pin=P8-34
Added Net: Name=5_AD4_IN4
Added Pin To Net: NetName=5_AD4_IN5 Pin=P8-36
Added Net: Name=5_AD4_IN5
Added Pin To Net: NetName=5_AD4_IN12 Pin=P8-38
Added Net: Name=5_AD4_IN12
Added Pin To Net: NetName=5_AD4_IN13 Pin=P8-40
Added Net: Name=5_AD4_IN13
Added Pin To Net: NetName=5_SPI_MISO Pin=P1-6
Added Net: Name=5_SPI_MISO
Added Pin To Net: NetName=5_SPI_MOSI Pin=P1-8
Added Net: Name=5_SPI_MOSI
Added Pin To Net: NetName=5_SPI_SCK Pin=P1-4
Added Net: Name=5_SPI_SCK
Added Pin To Net: NetName=GND Pin=C1-2
Added Pin To Net: NetName=GND Pin=C2-2
Added Pin To Net: NetName=GND Pin=C3-2
Added Pin To Net: NetName=GND Pin=C4-2
Added Pin To Net: NetName=GND Pin=C5-2
Added Pin To Net: NetName=GND Pin=C6-2
Added Pin To Net: NetName=GND Pin=C7-2
Added Pin To Net: NetName=GND Pin=C8-2
Added Pin To Net: NetName=GND Pin=C9-2
Added Pin To Net: NetName=GND Pin=C10-2
Added Pin To Net: NetName=GND Pin=C11-2
Added Pin To Net: NetName=GND Pin=C12-2
Added Pin To Net: NetName=GND Pin=C13-2
Added Pin To Net: NetName=GND Pin=C14-2
Added Pin To Net: NetName=GND Pin=C15-2
Added Pin To Net: NetName=GND Pin=C16-2
Added Pin To Net: NetName=GND Pin=C17-2
Added Pin To Net: NetName=GND Pin=C18-2
Added Pin To Net: NetName=GND Pin=C19-2
Added Pin To Net: NetName=GND Pin=C20-2
Added Pin To Net: NetName=GND Pin=C21-2
Added Pin To Net: NetName=GND Pin=C22-2
Added Pin To Net: NetName=GND Pin=C23-2
Added Pin To Net: NetName=GND Pin=C24-2
Added Pin To Net: NetName=GND Pin=C25-2
Added Pin To Net: NetName=GND Pin=C26-2
Added Pin To Net: NetName=GND Pin=C27-2
Added Pin To Net: NetName=GND Pin=C28-2
Added Pin To Net: NetName=GND Pin=C29-2
Added Pin To Net: NetName=GND Pin=C30-2
Added Pin To Net: NetName=GND Pin=C31-2
Added Pin To Net: NetName=GND Pin=C32-2
Added Pin To Net: NetName=GND Pin=C33-2
Added Pin To Net: NetName=GND Pin=C34-2
Added Pin To Net: NetName=GND Pin=C35-2
Added Pin To Net: NetName=GND Pin=C36-2
Added Pin To Net: NetName=GND Pin=C37-2
Added Pin To Net: NetName=GND Pin=C38-2
Added Pin To Net: NetName=GND Pin=C39-2
Added Pin To Net: NetName=GND Pin=C40-2
Added Pin To Net: NetName=GND Pin=C41-2
Added Pin To Net: NetName=GND Pin=C42-2
Added Pin To Net: NetName=GND Pin=C43-2
Added Pin To Net: NetName=GND Pin=C44-2
Added Pin To Net: NetName=GND Pin=C45-2
Added Pin To Net: NetName=GND Pin=C46-2
Added Pin To Net: NetName=GND Pin=C47-2
Added Pin To Net: NetName=GND Pin=C48-2
Added Pin To Net: NetName=GND Pin=C49-2
Added Pin To Net: NetName=GND Pin=C50-2
Added Pin To Net: NetName=GND Pin=C51-2
Added Pin To Net: NetName=GND Pin=C52-2
Added Pin To Net: NetName=GND Pin=C53-2
Added Pin To Net: NetName=GND Pin=C54-2
Added Pin To Net: NetName=GND Pin=C55-2
Added Pin To Net: NetName=GND Pin=C56-2
Added Pin To Net: NetName=GND Pin=C57-2
Added Pin To Net: NetName=GND Pin=C58-2
Added Pin To Net: NetName=GND Pin=C59-2
Added Pin To Net: NetName=GND Pin=C60-2
Added Pin To Net: NetName=GND Pin=C61-2
Added Pin To Net: NetName=GND Pin=C62-2
Added Pin To Net: NetName=GND Pin=C63-2
Added Pin To Net: NetName=GND Pin=C64-2
Added Pin To Net: NetName=GND Pin=C65-2
Added Pin To Net: NetName=GND Pin=C66-2
Added Pin To Net: NetName=GND Pin=P1-2
Added Pin To Net: NetName=GND Pin=P1-7
Added Pin To Net: NetName=GND Pin=P1-10
Added Pin To Net: NetName=GND Pin=P1-15
Added Pin To Net: NetName=GND Pin=P1-18
Added Pin To Net: NetName=GND Pin=P2-4
Added Pin To Net: NetName=GND Pin=R1-1
Added Net: Name=GND
Added Pin To Net: NetName=NetC1_1 Pin=C1-1
Added Net: Name=NetC1_1
Added Pin To Net: NetName=NetC2_1 Pin=C2-1
Added Net: Name=NetC2_1
Added Pin To Net: NetName=NetC3_1 Pin=C3-1
Added Net: Name=NetC3_1
Added Pin To Net: NetName=NetC4_1 Pin=C4-1
Added Net: Name=NetC4_1
Added Pin To Net: NetName=NetC5_1 Pin=C5-1
Added Net: Name=NetC5_1
Added Pin To Net: NetName=NetC6_1 Pin=C6-1
Added Net: Name=NetC6_1
Added Pin To Net: NetName=NetC7_1 Pin=C7-1
Added Net: Name=NetC7_1
Added Pin To Net: NetName=NetC8_1 Pin=C8-1
Added Net: Name=NetC8_1
Added Pin To Net: NetName=NetC9_1 Pin=C9-1
Added Net: Name=NetC9_1
Added Pin To Net: NetName=NetC10_1 Pin=C10-1
Added Net: Name=NetC10_1
Added Pin To Net: NetName=NetC?_1 Pin=C?-1
Added Pin To Net: NetName=NetC?_1 Pin=C?-1
Added Pin To Net: NetName=NetC?_1 Pin=C?-1
Added Net: Name=NetC?_1
Added Pin To Net: NetName=NetC?_2 Pin=C?-2
Added Net: Name=NetC?_2
Added Net: Name=NetL1_1
Added Class: Name=SlaveBoard_2020
Added Room: Name=SlaveBoard_2020
