Added Pin To Net: NetName=GND Pin=IC1-16
Added Pin To Net: NetName=3.3V Pin=IC1-17
Added Pin To Net: NetName=GND Pin=IC1-30
Added Pin To Net: NetName=GND Pin=IC1-31
Added Pin To Net: NetName=3.3V Pin=IC1-32
Added Pin To Net: NetName=3.3V Pin=IC1-33
Added Pin To Net: NetName=GND Pin=IC1-38
Added Pin To Net: NetName=3.3V Pin=IC1-39
Added Pin To Net: NetName=GND Pin=IC1-51
Added Pin To Net: NetName=3.3V Pin=IC1-52
Added Pin To Net: NetName=GND Pin=IC1-61
Added Pin To Net: NetName=3.3V Pin=IC1-62
Added Pin To Net: NetName=GND Pin=IC1-71
Added Pin To Net: NetName=3.3V Pin=IC1-72
Added Pin To Net: NetName=GND Pin=IC1-83
Added Pin To Net: NetName=3.3V Pin=IC1-84
Added Pin To Net: NetName=GND Pin=IC1-94
Added Pin To Net: NetName=3.3V Pin=IC1-95
Added Pin To Net: NetName=GND Pin=IC1-107
Added Pin To Net: NetName=3.3V Pin=IC1-108
Added Pin To Net: NetName=GND Pin=IC1-120
Added Pin To Net: NetName=3.3V Pin=IC1-121
Added Pin To Net: NetName=GND Pin=IC1-130
Added Pin To Net: NetName=3.3V Pin=IC1-131
Added Pin To Net: NetName=GND Pin=IC1-143
Added Pin To Net: NetName=3.3V Pin=IC1-144
Change Net Name : Old Net Name=3.3V New Net Name=1_VDD1
Change Net Name : Old Net Name=GND New Net Name=1_VREF-
Change Net Color : Old Net Color=Black New Net Color=Default
Added Room: Name=all_Slaveboard_2020
