Added Component: Designator=C?(c0805)
Add component (AddParameter): Name = "Value"; Value = "30pF"; VariantName = "[No Variations]"
Added Component: Designator=C?(c0805)
Add component (AddParameter): Name = "Value"; Value = "30pF"; VariantName = "[No Variations]"
Added Component: Designator=IC?(f303QFP50P2200X2200X160-144N)
Added Component: Designator=Y?(ATS040SM1)
Add component (AddParameter): Name = "Arrow Part Number"; Value = "ATS08ASM-1E"; VariantName = "[No Variations]"
Add component (AddParameter): Name = "Arrow Price/Stock"; Value = "https://www.arrow.com/en/products/ats08asm-1e/cts"; VariantName = "[No Variations]"
Add component (AddParameter): Name = "Datasheet Link"; Value = "https://www.ctscorp.com/wp-content/uploads/ATS-ATSSM.pdf"; VariantName = "[No Variations]"
Add component (AddParameter): Name = "Height"; Value = "4.3mm"; VariantName = "[No Variations]"
Add component (AddParameter): Name = "Manufacturer_Name"; Value = "CTS"; VariantName = "[No Variations]"
Add component (AddParameter): Name = "Manufacturer_Part_Number"; Value = "ATS08ASM-1E"; VariantName = "[No Variations]"
Add component (AddParameter): Name = "Mouser Part Number"; Value = "774-ATS08ASM-1E"; VariantName = "[No Variations]"
Add component (AddParameter): Name = "Mouser Price/Stock"; Value = "https://www.mouser.co.uk/ProductDetail/CTS-Electronic-Components/ATS08ASM-1E/?qs=tjlMjqRIEYSoOC%2FyJ4%2Frjw%3D%3D"; VariantName = "[No Variations]"
Added Pin To Net: NetName=GND Pin=C?-2
Added Pin To Net: NetName=GND Pin=C?-2
Added Pin To Net: NetName=GND Pin=IC1-16
Added Pin To Net: NetName=3.3V Pin=IC1-17
Added Pin To Net: NetName=GND Pin=IC1-30
Added Pin To Net: NetName=GND Pin=IC1-31
Added Pin To Net: NetName=3.3V Pin=IC1-32
Added Pin To Net: NetName=3.3V Pin=IC1-33
Added Pin To Net: NetName=GND Pin=IC1-38
Added Pin To Net: NetName=3.3V Pin=IC1-39
Added Pin To Net: NetName=GND Pin=IC1-51
Added Pin To Net: NetName=3.3V Pin=IC1-52
Added Pin To Net: NetName=GND Pin=IC1-61
Added Pin To Net: NetName=3.3V Pin=IC1-62
Added Pin To Net: NetName=GND Pin=IC1-71
Added Pin To Net: NetName=3.3V Pin=IC1-72
Added Pin To Net: NetName=GND Pin=IC1-83
Added Pin To Net: NetName=3.3V Pin=IC1-84
Added Pin To Net: NetName=GND Pin=IC1-94
Added Pin To Net: NetName=3.3V Pin=IC1-95
Added Pin To Net: NetName=GND Pin=IC1-107
Added Pin To Net: NetName=3.3V Pin=IC1-108
Added Pin To Net: NetName=GND Pin=IC1-120
Added Pin To Net: NetName=3.3V Pin=IC1-121
Added Pin To Net: NetName=GND Pin=IC1-130
Added Pin To Net: NetName=3.3V Pin=IC1-131
Added Pin To Net: NetName=GND Pin=IC1-143
Added Pin To Net: NetName=3.3V Pin=IC1-144
Added Pin To Net: NetName=GND Pin=IC2-16
Added Pin To Net: NetName=3.3V Pin=IC2-17
Added Pin To Net: NetName=GND Pin=IC2-30
Added Pin To Net: NetName=GND Pin=IC2-31
Added Pin To Net: NetName=3.3V Pin=IC2-32
Added Pin To Net: NetName=3.3V Pin=IC2-33
Added Pin To Net: NetName=GND Pin=IC2-38
Added Pin To Net: NetName=3.3V Pin=IC2-39
Added Pin To Net: NetName=GND Pin=IC2-51
Added Pin To Net: NetName=3.3V Pin=IC2-52
Added Pin To Net: NetName=GND Pin=IC2-61
Added Pin To Net: NetName=3.3V Pin=IC2-62
Added Pin To Net: NetName=GND Pin=IC2-71
Added Pin To Net: NetName=3.3V Pin=IC2-72
Added Pin To Net: NetName=GND Pin=IC2-83
Added Pin To Net: NetName=3.3V Pin=IC2-84
Added Pin To Net: NetName=GND Pin=IC2-94
Added Pin To Net: NetName=3.3V Pin=IC2-95
Added Pin To Net: NetName=GND Pin=IC2-107
Added Pin To Net: NetName=3.3V Pin=IC2-108
Added Pin To Net: NetName=GND Pin=IC2-120
Added Pin To Net: NetName=3.3V Pin=IC2-121
Added Pin To Net: NetName=GND Pin=IC2-130
Added Pin To Net: NetName=3.3V Pin=IC2-131
Added Pin To Net: NetName=GND Pin=IC2-143
Added Pin To Net: NetName=3.3V Pin=IC2-144
Added Pin To Net: NetName=GND Pin=IC3-16
Added Pin To Net: NetName=3.3V Pin=IC3-17
Added Pin To Net: NetName=GND Pin=IC3-30
Added Pin To Net: NetName=GND Pin=IC3-31
Added Pin To Net: NetName=3.3V Pin=IC3-32
Added Pin To Net: NetName=3.3V Pin=IC3-33
Added Pin To Net: NetName=GND Pin=IC3-38
Added Pin To Net: NetName=3.3V Pin=IC3-39
Added Pin To Net: NetName=GND Pin=IC3-51
Added Pin To Net: NetName=3.3V Pin=IC3-52
Added Pin To Net: NetName=GND Pin=IC3-61
Added Pin To Net: NetName=3.3V Pin=IC3-62
Added Pin To Net: NetName=GND Pin=IC3-71
Added Pin To Net: NetName=3.3V Pin=IC3-72
Added Pin To Net: NetName=GND Pin=IC3-83
Added Pin To Net: NetName=3.3V Pin=IC3-84
Added Pin To Net: NetName=GND Pin=IC3-94
Added Pin To Net: NetName=3.3V Pin=IC3-95
Added Pin To Net: NetName=GND Pin=IC3-107
Added Pin To Net: NetName=3.3V Pin=IC3-108
Added Pin To Net: NetName=GND Pin=IC3-120
Added Pin To Net: NetName=3.3V Pin=IC3-121
Added Pin To Net: NetName=GND Pin=IC3-130
Added Pin To Net: NetName=3.3V Pin=IC3-131
Added Pin To Net: NetName=GND Pin=IC3-143
Added Pin To Net: NetName=3.3V Pin=IC3-144
Added Pin To Net: NetName=GND Pin=IC4-16
Added Pin To Net: NetName=3.3V Pin=IC4-17
Added Pin To Net: NetName=GND Pin=IC4-30
Added Pin To Net: NetName=GND Pin=IC4-31
Added Pin To Net: NetName=3.3V Pin=IC4-32
Added Pin To Net: NetName=3.3V Pin=IC4-33
Added Pin To Net: NetName=GND Pin=IC4-38
Added Pin To Net: NetName=3.3V Pin=IC4-39
Added Pin To Net: NetName=GND Pin=IC4-51
Added Pin To Net: NetName=3.3V Pin=IC4-52
Added Pin To Net: NetName=GND Pin=IC4-61
Added Pin To Net: NetName=3.3V Pin=IC4-62
Added Pin To Net: NetName=GND Pin=IC4-71
Added Pin To Net: NetName=3.3V Pin=IC4-72
Added Pin To Net: NetName=GND Pin=IC4-83
Added Pin To Net: NetName=3.3V Pin=IC4-84
Added Pin To Net: NetName=GND Pin=IC4-94
Added Pin To Net: NetName=3.3V Pin=IC4-95
Added Pin To Net: NetName=GND Pin=IC4-107
Added Pin To Net: NetName=3.3V Pin=IC4-108
Added Pin To Net: NetName=GND Pin=IC4-120
Added Pin To Net: NetName=3.3V Pin=IC4-121
Added Pin To Net: NetName=GND Pin=IC4-130
Added Pin To Net: NetName=3.3V Pin=IC4-131
Added Pin To Net: NetName=GND Pin=IC4-143
Added Pin To Net: NetName=3.3V Pin=IC4-144
Added Pin To Net: NetName=GND Pin=IC5-16
Added Pin To Net: NetName=3.3V Pin=IC5-17
Added Pin To Net: NetName=GND Pin=IC5-30
Added Pin To Net: NetName=GND Pin=IC5-31
Added Pin To Net: NetName=3.3V Pin=IC5-32
Added Pin To Net: NetName=3.3V Pin=IC5-33
Added Pin To Net: NetName=GND Pin=IC5-38
Added Pin To Net: NetName=3.3V Pin=IC5-39
Added Pin To Net: NetName=GND Pin=IC5-51
Added Pin To Net: NetName=3.3V Pin=IC5-52
Added Pin To Net: NetName=GND Pin=IC5-61
Added Pin To Net: NetName=3.3V Pin=IC5-62
Added Pin To Net: NetName=GND Pin=IC5-71
Added Pin To Net: NetName=3.3V Pin=IC5-72
Added Pin To Net: NetName=GND Pin=IC5-83
Added Pin To Net: NetName=3.3V Pin=IC5-84
Added Pin To Net: NetName=GND Pin=IC5-94
Added Pin To Net: NetName=3.3V Pin=IC5-95
Added Pin To Net: NetName=GND Pin=IC5-107
Added Pin To Net: NetName=3.3V Pin=IC5-108
Added Pin To Net: NetName=GND Pin=IC5-120
Added Pin To Net: NetName=3.3V Pin=IC5-121
Added Pin To Net: NetName=GND Pin=IC5-130
Added Pin To Net: NetName=3.3V Pin=IC5-131
Added Pin To Net: NetName=GND Pin=IC5-143
Added Pin To Net: NetName=3.3V Pin=IC5-144
Added Pin To Net: NetName=5_AD1_IN10 Pin=IC?-12
Added Pin To Net: NetName=5_AD1_IN5 Pin=IC?-14
Added Pin To Net: NetName=GND Pin=IC?-16
Added Pin To Net: NetName=3.3V Pin=IC?-17
Added Pin To Net: NetName=1_NRST Pin=IC?-25
Added Pin To Net: NetName=5_AD1_IN6 Pin=IC?-26
Added Pin To Net: NetName=5_AD1_IN7 Pin=IC?-27
Added Pin To Net: NetName=5_AD1_IN8 Pin=IC?-28
Added Pin To Net: NetName=5_AD1_IN9 Pin=IC?-29
Added Pin To Net: NetName=GND Pin=IC?-30
Added Pin To Net: NetName=GND Pin=IC?-31
Added Pin To Net: NetName=3.3V Pin=IC?-32
Added Pin To Net: NetName=3.3V Pin=IC?-33
Added Pin To Net: NetName=5_AD1_IN1 Pin=IC?-34
Added Pin To Net: NetName=5_AD1_IN2 Pin=IC?-35
Added Pin To Net: NetName=5_AD1_IN3 Pin=IC?-36
Added Pin To Net: NetName=5_AD1_IN4 Pin=IC?-37
Added Pin To Net: NetName=GND Pin=IC?-38
Added Pin To Net: NetName=3.3V Pin=IC?-39
Added Pin To Net: NetName=5_AD2_IN1 Pin=IC?-40
Added Pin To Net: NetName=5_AD2_IN2 Pin=IC?-41
Added Pin To Net: NetName=5_AD2_IN3 Pin=IC?-42
Added Pin To Net: NetName=5_AD2_IN4 Pin=IC?-43
Added Pin To Net: NetName=5_AD2_IN5 Pin=IC?-44
Added Pin To Net: NetName=5_AD2_IN11 Pin=IC?-45
Added Pin To Net: NetName=5_AD3_IN12 Pin=IC?-46
Added Pin To Net: NetName=5_AD3_IN1 Pin=IC?-47
Added Pin To Net: NetName=5_AD2_IN12 Pin=IC?-48
Added Pin To Net: NetName=GND Pin=IC?-51
Added Pin To Net: NetName=3.3V Pin=IC?-52
Added Pin To Net: NetName=5_AD3_IN13 Pin=IC?-58
Added Pin To Net: NetName=5_AD3_IN6 Pin=IC?-59
Added Pin To Net: NetName=5_AD3_IN2 Pin=IC?-60
Added Pin To Net: NetName=GND Pin=IC?-61
Added Pin To Net: NetName=3.3V Pin=IC?-62
Added Pin To Net: NetName=5_AD3_IN14 Pin=IC?-63
Added Pin To Net: NetName=5_AD3_IN15 Pin=IC?-64
Added Pin To Net: NetName=5_AD3_IN16 Pin=IC?-65
Added Pin To Net: NetName=5_AD3_IN3 Pin=IC?-66
Added Pin To Net: NetName=5_AD4_IN1 Pin=IC?-67
Added Pin To Net: NetName=5_AD4_IN2 Pin=IC?-68
Added Pin To Net: NetName=5_AD1_IN14 Pin=IC?-70
Added Pin To Net: NetName=GND Pin=IC?-71
Added Pin To Net: NetName=3.3V Pin=IC?-72
Added Pin To Net: NetName=5_AD4_IN3 Pin=IC?-73
Added Pin To Net: NetName=5_AD3_IN5 Pin=IC?-74
Added Pin To Net: NetName=5_AD4_IN4 Pin=IC?-75
Added Pin To Net: NetName=5_AD4_IN5 Pin=IC?-76
Added Pin To Net: NetName=5_AD4_IN12 Pin=IC?-77
Added Pin To Net: NetName=5_AD4_IN13 Pin=IC?-78
Added Pin To Net: NetName=5_AD3_IN7 Pin=IC?-79
Added Pin To Net: NetName=5_AD3_IN8 Pin=IC?-80
Added Pin To Net: NetName=5_AD3_IN9 Pin=IC?-81
Added Pin To Net: NetName=5_AD3_IN10 Pin=IC?-82
Added Pin To Net: NetName=GND Pin=IC?-83
Added Pin To Net: NetName=3.3V Pin=IC?-84
Added Pin To Net: NetName=5_AD3_IN11 Pin=IC?-85
Added Pin To Net: NetName=GND Pin=IC?-94
Added Pin To Net: NetName=3.3V Pin=IC?-95
Added Pin To Net: NetName=1_SWDIO Pin=IC?-105
Added Pin To Net: NetName=GND Pin=IC?-107
Added Pin To Net: NetName=3.3V Pin=IC?-108
Added Pin To Net: NetName=1_SWCLK Pin=IC?-109
Added Pin To Net: NetName=GND Pin=IC?-120
Added Pin To Net: NetName=3.3V Pin=IC?-121
Added Pin To Net: NetName=GND Pin=IC?-130
Added Pin To Net: NetName=3.3V Pin=IC?-131
Added Pin To Net: NetName=5_SPI_SCK Pin=IC?-133
Added Pin To Net: NetName=5_SPI_MISO Pin=IC?-134
Added Pin To Net: NetName=5_SPI_MOSI Pin=IC?-135
Added Pin To Net: NetName=1_BOOT0 Pin=IC?-138
Added Pin To Net: NetName=GND Pin=IC?-143
Added Pin To Net: NetName=3.3V Pin=IC?-144
Added Pin To Net: NetName=NetC?_1 Pin=C?-1
Added Pin To Net: NetName=NetC?_1 Pin=IC?-23
Added Pin To Net: NetName=NetC?_1 Pin=Y?-1
Added Net: Name=NetC?_1
Added Class: Name=Sheet1
Added Room: Name=all_Slaveboard_2020
Added Room: Name=Sheet1
