Removed Pin From Net: NetName=GND Pin=C?-2
Removed Pin From Net: NetName=GND Pin=C?-2
Removed Pin From Net: NetName=5_AD1_IN10 Pin=IC?-12
Removed Pin From Net: NetName=5_AD1_IN5 Pin=IC?-14
Removed Pin From Net: NetName=GND Pin=IC?-16
Removed Pin From Net: NetName=3.3V Pin=IC?-17
Removed Pin From Net: NetName=1_NRST Pin=IC?-25
Removed Pin From Net: NetName=5_AD1_IN6 Pin=IC?-26
Removed Pin From Net: NetName=5_AD1_IN7 Pin=IC?-27
Removed Pin From Net: NetName=5_AD1_IN8 Pin=IC?-28
Removed Pin From Net: NetName=5_AD1_IN9 Pin=IC?-29
Removed Pin From Net: NetName=GND Pin=IC?-30
Removed Pin From Net: NetName=GND Pin=IC?-31
Removed Pin From Net: NetName=3.3V Pin=IC?-32
Removed Pin From Net: NetName=3.3V Pin=IC?-33
Removed Pin From Net: NetName=5_AD1_IN1 Pin=IC?-34
Removed Pin From Net: NetName=5_AD1_IN2 Pin=IC?-35
Removed Pin From Net: NetName=5_AD1_IN3 Pin=IC?-36
Removed Pin From Net: NetName=5_AD1_IN4 Pin=IC?-37
Removed Pin From Net: NetName=GND Pin=IC?-38
Removed Pin From Net: NetName=3.3V Pin=IC?-39
Removed Pin From Net: NetName=5_AD2_IN1 Pin=IC?-40
Removed Pin From Net: NetName=5_AD2_IN2 Pin=IC?-41
Removed Pin From Net: NetName=5_AD2_IN3 Pin=IC?-42
Removed Pin From Net: NetName=5_AD2_IN4 Pin=IC?-43
Removed Pin From Net: NetName=5_AD2_IN5 Pin=IC?-44
Removed Pin From Net: NetName=5_AD2_IN11 Pin=IC?-45
Removed Pin From Net: NetName=5_AD3_IN12 Pin=IC?-46
Removed Pin From Net: NetName=5_AD3_IN1 Pin=IC?-47
Removed Pin From Net: NetName=5_AD2_IN12 Pin=IC?-48
Removed Pin From Net: NetName=GND Pin=IC?-51
Removed Pin From Net: NetName=3.3V Pin=IC?-52
Removed Pin From Net: NetName=5_AD3_IN13 Pin=IC?-58
Removed Pin From Net: NetName=5_AD3_IN6 Pin=IC?-59
Removed Pin From Net: NetName=5_AD3_IN2 Pin=IC?-60
Removed Pin From Net: NetName=GND Pin=IC?-61
Removed Pin From Net: NetName=3.3V Pin=IC?-62
Removed Pin From Net: NetName=5_AD3_IN14 Pin=IC?-63
Removed Pin From Net: NetName=5_AD3_IN15 Pin=IC?-64
Removed Pin From Net: NetName=5_AD3_IN16 Pin=IC?-65
Removed Pin From Net: NetName=5_AD3_IN3 Pin=IC?-66
Removed Pin From Net: NetName=5_AD4_IN1 Pin=IC?-67
Removed Pin From Net: NetName=5_AD4_IN2 Pin=IC?-68
Removed Pin From Net: NetName=5_AD1_IN14 Pin=IC?-70
Removed Pin From Net: NetName=GND Pin=IC?-71
Removed Pin From Net: NetName=3.3V Pin=IC?-72
Removed Pin From Net: NetName=5_AD4_IN3 Pin=IC?-73
Removed Pin From Net: NetName=5_AD3_IN5 Pin=IC?-74
Removed Pin From Net: NetName=5_AD4_IN4 Pin=IC?-75
Removed Pin From Net: NetName=5_AD4_IN5 Pin=IC?-76
Removed Pin From Net: NetName=5_AD4_IN12 Pin=IC?-77
Removed Pin From Net: NetName=5_AD4_IN13 Pin=IC?-78
Removed Pin From Net: NetName=5_AD3_IN7 Pin=IC?-79
Removed Pin From Net: NetName=5_AD3_IN8 Pin=IC?-80
Removed Pin From Net: NetName=5_AD3_IN9 Pin=IC?-81
Removed Pin From Net: NetName=5_AD3_IN10 Pin=IC?-82
Removed Pin From Net: NetName=GND Pin=IC?-83
Removed Pin From Net: NetName=3.3V Pin=IC?-84
Removed Pin From Net: NetName=5_AD3_IN11 Pin=IC?-85
Removed Pin From Net: NetName=GND Pin=IC?-94
Removed Pin From Net: NetName=3.3V Pin=IC?-95
Removed Pin From Net: NetName=1_SWDIO Pin=IC?-105
Removed Pin From Net: NetName=GND Pin=IC?-107
Removed Pin From Net: NetName=3.3V Pin=IC?-108
Removed Pin From Net: NetName=1_SWCLK Pin=IC?-109
Removed Pin From Net: NetName=GND Pin=IC?-120
Removed Pin From Net: NetName=3.3V Pin=IC?-121
Removed Pin From Net: NetName=GND Pin=IC?-130
Removed Pin From Net: NetName=3.3V Pin=IC?-131
Removed Pin From Net: NetName=5_SPI_SCK Pin=IC?-133
Removed Pin From Net: NetName=5_SPI_MISO Pin=IC?-134
Removed Pin From Net: NetName=5_SPI_MOSI Pin=IC?-135
Removed Pin From Net: NetName=1_BOOT0 Pin=IC?-138
Removed Pin From Net: NetName=GND Pin=IC?-143
Removed Pin From Net: NetName=3.3V Pin=IC?-144
