Removed Pin From Net: NetName=1_VREF- Pin=IC1-16
Removed Pin From Net: NetName=1_VDD1 Pin=IC1-17
Removed Pin From Net: NetName=1_VREF- Pin=IC1-30
Removed Pin From Net: NetName=1_VREF- Pin=IC1-31
Removed Pin From Net: NetName=1_VDD1 Pin=IC1-32
Removed Pin From Net: NetName=1_VDD1 Pin=IC1-33
Removed Pin From Net: NetName=1_VREF- Pin=IC1-38
Removed Pin From Net: NetName=1_VDD1 Pin=IC1-39
Removed Pin From Net: NetName=1_VREF- Pin=IC1-51
Removed Pin From Net: NetName=1_VDD1 Pin=IC1-52
Removed Pin From Net: NetName=1_VREF- Pin=IC1-61
Removed Pin From Net: NetName=1_VDD1 Pin=IC1-62
Removed Pin From Net: NetName=1_VREF- Pin=IC1-71
Removed Pin From Net: NetName=1_VDD1 Pin=IC1-72
Removed Pin From Net: NetName=1_VREF- Pin=IC1-83
Removed Pin From Net: NetName=1_VDD1 Pin=IC1-84
Removed Pin From Net: NetName=1_VREF- Pin=IC1-94
Removed Pin From Net: NetName=1_VDD1 Pin=IC1-95
Removed Pin From Net: NetName=1_VREF- Pin=IC1-107
Removed Pin From Net: NetName=1_VDD1 Pin=IC1-108
Removed Pin From Net: NetName=1_VREF- Pin=IC1-120
Removed Pin From Net: NetName=1_VDD1 Pin=IC1-121
Removed Pin From Net: NetName=1_VREF- Pin=IC1-130
Removed Pin From Net: NetName=1_VDD1 Pin=IC1-131
Removed Pin From Net: NetName=1_VREF- Pin=IC1-143
Removed Pin From Net: NetName=1_VDD1 Pin=IC1-144
Added Pin To Net: NetName=1_VREF- Pin=C67-1
Added Pin To Net: NetName=1_VREF- Pin=C68-1
Added Pin To Net: NetName=1_VREF- Pin=C69-1
Added Pin To Net: NetName=1_VREF- Pin=L1-1
Added Pin To Net: NetName=1_VREF- Pin=L1-2
Added Pin To Net: NetName=1_VREF- Pin=P7-2
Added Pin To Net: NetName=1_VREF- Pin=PS1-1
Change Net Name : Old Net Name=1_VDD1 New Net Name=3.3V
Change Net Name : Old Net Name=1_VREF- New Net Name=GND
Change Net Color : Old Net Color=RGB(158, 161, 117) New Net Color=Black
Added Pin To Net: NetName=1_VDD1 Pin=IC1-17
Added Net: Name=1_VDD1
Added Pin To Net: NetName=1_VDD2 Pin=IC1-39
Added Net: Name=1_VDD2
Added Pin To Net: NetName=1_VDD3 Pin=IC1-52
Added Net: Name=1_VDD3
Added Pin To Net: NetName=1_VDD4 Pin=IC1-62
Added Net: Name=1_VDD4
Added Pin To Net: NetName=1_VDD5 Pin=IC1-72
Added Net: Name=1_VDD5
Added Pin To Net: NetName=1_VDD6 Pin=IC1-84
Added Net: Name=1_VDD6
Added Pin To Net: NetName=1_VDD7 Pin=IC1-95
Added Net: Name=1_VDD7
Added Pin To Net: NetName=1_VDD8 Pin=IC1-108
Added Net: Name=1_VDD8
Added Pin To Net: NetName=1_VDD9 Pin=IC1-121
Added Net: Name=1_VDD9
Added Pin To Net: NetName=1_VDD10 Pin=IC1-131
Added Net: Name=1_VDD10
Added Pin To Net: NetName=1_VDD11 Pin=IC1-144
Added Net: Name=1_VDD11
Added Pin To Net: NetName=1_VDDA Pin=IC1-33
Added Net: Name=1_VDDA
Added Pin To Net: NetName=1_VREF+ Pin=IC1-32
Added Net: Name=1_VREF+
Added Pin To Net: NetName=1_VREF- Pin=IC1-31
Added Net: Name=1_VREF-
Added Pin To Net: NetName=1_VSS1 Pin=IC1-16
Added Net: Name=1_VSS1
Added Pin To Net: NetName=1_VSS2 Pin=IC1-38
Added Net: Name=1_VSS2
Added Pin To Net: NetName=1_VSS3 Pin=IC1-51
Added Net: Name=1_VSS3
Added Pin To Net: NetName=1_VSS4 Pin=IC1-61
Added Net: Name=1_VSS4
Added Pin To Net: NetName=1_VSS5 Pin=IC1-71
Added Net: Name=1_VSS5
Added Pin To Net: NetName=1_VSS6 Pin=IC1-83
Added Net: Name=1_VSS6
Added Pin To Net: NetName=1_VSS7 Pin=IC1-94
Added Net: Name=1_VSS7
Added Pin To Net: NetName=1_VSS8 Pin=IC1-107
Added Net: Name=1_VSS8
Added Pin To Net: NetName=1_VSS9 Pin=IC1-120
Added Net: Name=1_VSS9
Added Pin To Net: NetName=1_VSS10 Pin=IC1-130
Added Net: Name=1_VSS10
Added Pin To Net: NetName=1_VSS11 Pin=IC1-143
Added Net: Name=1_VSS11
Added Pin To Net: NetName=1_VSSA Pin=IC1-30
Added Net: Name=1_VSSA
Added Room: Name=all_Slaveboard_2020
