Removed Pin From Net: NetName=1_VREF- Pin=IC1-16
Removed Pin From Net: NetName=1_VDD1 Pin=IC1-17
Removed Pin From Net: NetName=1_VREF- Pin=IC1-30
Removed Pin From Net: NetName=1_VREF- Pin=IC1-31
Removed Pin From Net: NetName=1_VDD1 Pin=IC1-32
Removed Pin From Net: NetName=1_VDD1 Pin=IC1-33
Removed Pin From Net: NetName=1_VREF- Pin=IC1-38
Removed Pin From Net: NetName=1_VDD1 Pin=IC1-39
Removed Pin From Net: NetName=1_VREF- Pin=IC1-51
Removed Pin From Net: NetName=1_VDD1 Pin=IC1-52
Removed Pin From Net: NetName=1_VREF- Pin=IC1-61
Removed Pin From Net: NetName=1_VDD1 Pin=IC1-62
Removed Pin From Net: NetName=1_VREF- Pin=IC1-71
Removed Pin From Net: NetName=1_VDD1 Pin=IC1-72
Removed Pin From Net: NetName=1_VREF- Pin=IC1-83
Removed Pin From Net: NetName=1_VDD1 Pin=IC1-84
Removed Pin From Net: NetName=1_VREF- Pin=IC1-94
Removed Pin From Net: NetName=1_VDD1 Pin=IC1-95
Removed Pin From Net: NetName=1_VREF- Pin=IC1-107
Removed Pin From Net: NetName=1_VDD1 Pin=IC1-108
Removed Pin From Net: NetName=1_VREF- Pin=IC1-120
Removed Pin From Net: NetName=1_VDD1 Pin=IC1-121
Removed Pin From Net: NetName=1_VREF- Pin=IC1-130
Removed Pin From Net: NetName=1_VDD1 Pin=IC1-131
Removed Pin From Net: NetName=1_VREF- Pin=IC1-143
Removed Pin From Net: NetName=1_VDD1 Pin=IC1-144
Removed Pin From Net: NetName=1_VREF- Pin=IC2-16
Removed Pin From Net: NetName=1_VDD1 Pin=IC2-17
Removed Pin From Net: NetName=1_VREF- Pin=IC2-30
Removed Pin From Net: NetName=1_VREF- Pin=IC2-31
Removed Pin From Net: NetName=1_VDD1 Pin=IC2-32
Removed Pin From Net: NetName=1_VDD1 Pin=IC2-33
Removed Pin From Net: NetName=1_VREF- Pin=IC2-38
Removed Pin From Net: NetName=1_VDD1 Pin=IC2-39
Removed Pin From Net: NetName=1_VREF- Pin=IC2-51
Removed Pin From Net: NetName=1_VDD1 Pin=IC2-52
Removed Pin From Net: NetName=1_VREF- Pin=IC2-61
Removed Pin From Net: NetName=1_VDD1 Pin=IC2-62
Removed Pin From Net: NetName=1_VREF- Pin=IC2-71
Removed Pin From Net: NetName=1_VDD1 Pin=IC2-72
Removed Pin From Net: NetName=1_VREF- Pin=IC2-83
Removed Pin From Net: NetName=1_VDD1 Pin=IC2-84
Removed Pin From Net: NetName=1_VREF- Pin=IC2-94
Removed Pin From Net: NetName=1_VDD1 Pin=IC2-95
Removed Pin From Net: NetName=1_VREF- Pin=IC2-107
Removed Pin From Net: NetName=1_VDD1 Pin=IC2-108
Removed Pin From Net: NetName=1_VREF- Pin=IC2-120
Removed Pin From Net: NetName=1_VDD1 Pin=IC2-121
Removed Pin From Net: NetName=1_VREF- Pin=IC2-130
Removed Pin From Net: NetName=1_VDD1 Pin=IC2-131
Removed Pin From Net: NetName=1_VREF- Pin=IC2-143
Removed Pin From Net: NetName=1_VDD1 Pin=IC2-144
Removed Pin From Net: NetName=1_VREF- Pin=IC3-16
Removed Pin From Net: NetName=1_VDD1 Pin=IC3-17
Removed Pin From Net: NetName=1_VREF- Pin=IC3-30
Removed Pin From Net: NetName=1_VREF- Pin=IC3-31
Removed Pin From Net: NetName=1_VDD1 Pin=IC3-32
Removed Pin From Net: NetName=1_VDD1 Pin=IC3-33
Removed Pin From Net: NetName=1_VREF- Pin=IC3-38
Removed Pin From Net: NetName=1_VDD1 Pin=IC3-39
Removed Pin From Net: NetName=1_VREF- Pin=IC3-51
Removed Pin From Net: NetName=1_VDD1 Pin=IC3-52
Removed Pin From Net: NetName=1_VREF- Pin=IC3-61
Removed Pin From Net: NetName=1_VDD1 Pin=IC3-62
Removed Pin From Net: NetName=1_VREF- Pin=IC3-71
Removed Pin From Net: NetName=1_VDD1 Pin=IC3-72
Removed Pin From Net: NetName=1_VREF- Pin=IC3-83
Removed Pin From Net: NetName=1_VDD1 Pin=IC3-84
Removed Pin From Net: NetName=1_VREF- Pin=IC3-94
Removed Pin From Net: NetName=1_VDD1 Pin=IC3-95
Removed Pin From Net: NetName=1_VREF- Pin=IC3-107
Removed Pin From Net: NetName=1_VDD1 Pin=IC3-108
Removed Pin From Net: NetName=1_VREF- Pin=IC3-120
Removed Pin From Net: NetName=1_VDD1 Pin=IC3-121
Removed Pin From Net: NetName=1_VREF- Pin=IC3-130
Removed Pin From Net: NetName=1_VDD1 Pin=IC3-131
Removed Pin From Net: NetName=1_VREF- Pin=IC3-143
Removed Pin From Net: NetName=1_VDD1 Pin=IC3-144
Removed Pin From Net: NetName=1_VREF- Pin=IC4-16
Removed Pin From Net: NetName=1_VDD1 Pin=IC4-17
Removed Pin From Net: NetName=1_VREF- Pin=IC4-30
Removed Pin From Net: NetName=1_VREF- Pin=IC4-31
Removed Pin From Net: NetName=1_VDD1 Pin=IC4-32
Removed Pin From Net: NetName=1_VDD1 Pin=IC4-33
Removed Pin From Net: NetName=1_VREF- Pin=IC4-38
Removed Pin From Net: NetName=1_VDD1 Pin=IC4-39
Removed Pin From Net: NetName=1_VREF- Pin=IC4-51
Removed Pin From Net: NetName=1_VDD1 Pin=IC4-52
Removed Pin From Net: NetName=1_VREF- Pin=IC4-61
Removed Pin From Net: NetName=1_VDD1 Pin=IC4-62
Removed Pin From Net: NetName=1_VREF- Pin=IC4-71
Removed Pin From Net: NetName=1_VDD1 Pin=IC4-72
Removed Pin From Net: NetName=1_VREF- Pin=IC4-83
Removed Pin From Net: NetName=1_VDD1 Pin=IC4-84
Removed Pin From Net: NetName=1_VREF- Pin=IC4-94
Removed Pin From Net: NetName=1_VDD1 Pin=IC4-95
Removed Pin From Net: NetName=1_VREF- Pin=IC4-107
Removed Pin From Net: NetName=1_VDD1 Pin=IC4-108
Removed Pin From Net: NetName=1_VREF- Pin=IC4-120
Removed Pin From Net: NetName=1_VDD1 Pin=IC4-121
Removed Pin From Net: NetName=1_VREF- Pin=IC4-130
Removed Pin From Net: NetName=1_VDD1 Pin=IC4-131
Removed Pin From Net: NetName=1_VREF- Pin=IC4-143
Removed Pin From Net: NetName=1_VDD1 Pin=IC4-144
Removed Pin From Net: NetName=1_VREF- Pin=IC5-16
Removed Pin From Net: NetName=1_VDD1 Pin=IC5-17
Removed Pin From Net: NetName=1_VREF- Pin=IC5-30
Removed Pin From Net: NetName=1_VREF- Pin=IC5-31
Removed Pin From Net: NetName=1_VDD1 Pin=IC5-32
Removed Pin From Net: NetName=1_VDD1 Pin=IC5-33
Removed Pin From Net: NetName=1_VREF- Pin=IC5-38
Removed Pin From Net: NetName=1_VDD1 Pin=IC5-39
Removed Pin From Net: NetName=1_VREF- Pin=IC5-51
Removed Pin From Net: NetName=1_VDD1 Pin=IC5-52
Removed Pin From Net: NetName=1_VREF- Pin=IC5-61
Removed Pin From Net: NetName=1_VDD1 Pin=IC5-62
Removed Pin From Net: NetName=1_VREF- Pin=IC5-71
Removed Pin From Net: NetName=1_VDD1 Pin=IC5-72
Removed Pin From Net: NetName=1_VREF- Pin=IC5-83
Removed Pin From Net: NetName=1_VDD1 Pin=IC5-84
Removed Pin From Net: NetName=1_VREF- Pin=IC5-94
Removed Pin From Net: NetName=1_VDD1 Pin=IC5-95
Removed Pin From Net: NetName=1_VREF- Pin=IC5-107
Removed Pin From Net: NetName=1_VDD1 Pin=IC5-108
Removed Pin From Net: NetName=1_VREF- Pin=IC5-120
Removed Pin From Net: NetName=1_VDD1 Pin=IC5-121
Removed Pin From Net: NetName=1_VREF- Pin=IC5-130
Removed Pin From Net: NetName=1_VDD1 Pin=IC5-131
Removed Pin From Net: NetName=1_VREF- Pin=IC5-143
Removed Pin From Net: NetName=1_VDD1 Pin=IC5-144
Change Net Name : Old Net Name=1_VDD1 New Net Name=3.3V
Change Net Name : Old Net Name=1_VREF- New Net Name=GND
Change Net Color : Old Net Color=RGB(158, 161, 117) New Net Color=Black
Added Pin To Net: NetName=1_VDD1 Pin=IC1-17
Added Net: Name=1_VDD1
Added Pin To Net: NetName=1_VDD2 Pin=IC1-39
Added Net: Name=1_VDD2
Added Pin To Net: NetName=1_VDD3 Pin=IC1-52
Added Net: Name=1_VDD3
Added Pin To Net: NetName=1_VDD4 Pin=IC1-62
Added Net: Name=1_VDD4
Added Pin To Net: NetName=1_VDD5 Pin=IC1-72
Added Net: Name=1_VDD5
Added Pin To Net: NetName=1_VDD6 Pin=IC1-84
Added Net: Name=1_VDD6
Added Pin To Net: NetName=1_VDD7 Pin=IC1-95
Added Net: Name=1_VDD7
Added Pin To Net: NetName=1_VDD8 Pin=IC1-108
Added Net: Name=1_VDD8
Added Pin To Net: NetName=1_VDD9 Pin=IC1-121
Added Net: Name=1_VDD9
Added Pin To Net: NetName=1_VDD10 Pin=IC1-131
Added Net: Name=1_VDD10
Added Pin To Net: NetName=1_VDD11 Pin=IC1-144
Added Net: Name=1_VDD11
Added Pin To Net: NetName=1_VDDA Pin=IC1-33
Added Net: Name=1_VDDA
Added Pin To Net: NetName=1_VREF+ Pin=IC1-32
Added Net: Name=1_VREF+
Added Pin To Net: NetName=1_VREF- Pin=IC1-31
Added Net: Name=1_VREF-
Added Pin To Net: NetName=1_VSS1 Pin=IC1-16
Added Net: Name=1_VSS1
Added Pin To Net: NetName=1_VSS2 Pin=IC1-38
Added Net: Name=1_VSS2
Added Pin To Net: NetName=1_VSS3 Pin=IC1-51
Added Net: Name=1_VSS3
Added Pin To Net: NetName=1_VSS4 Pin=IC1-61
Added Net: Name=1_VSS4
Added Pin To Net: NetName=1_VSS5 Pin=IC1-71
Added Net: Name=1_VSS5
Added Pin To Net: NetName=1_VSS6 Pin=IC1-83
Added Net: Name=1_VSS6
Added Pin To Net: NetName=1_VSS7 Pin=IC1-94
Added Net: Name=1_VSS7
Added Pin To Net: NetName=1_VSS8 Pin=IC1-107
Added Net: Name=1_VSS8
Added Pin To Net: NetName=1_VSS9 Pin=IC1-120
Added Net: Name=1_VSS9
Added Pin To Net: NetName=1_VSS10 Pin=IC1-130
Added Net: Name=1_VSS10
Added Pin To Net: NetName=1_VSS11 Pin=IC1-143
Added Net: Name=1_VSS11
Added Pin To Net: NetName=1_VSSA Pin=IC1-30
Added Net: Name=1_VSSA
Added Pin To Net: NetName=2_VDD1 Pin=IC2-17
Added Net: Name=2_VDD1
Added Pin To Net: NetName=2_VDD2 Pin=IC2-39
Added Net: Name=2_VDD2
Added Pin To Net: NetName=2_VDD3 Pin=IC2-52
Added Net: Name=2_VDD3
Added Pin To Net: NetName=2_VDD4 Pin=IC2-62
Added Net: Name=2_VDD4
Added Pin To Net: NetName=2_VDD5 Pin=IC2-72
Added Net: Name=2_VDD5
Added Pin To Net: NetName=2_VDD6 Pin=IC2-84
Added Net: Name=2_VDD6
Added Pin To Net: NetName=2_VDD7 Pin=IC2-95
Added Net: Name=2_VDD7
Added Pin To Net: NetName=2_VDD8 Pin=IC2-108
Added Net: Name=2_VDD8
Added Pin To Net: NetName=2_VDD9 Pin=IC2-121
Added Net: Name=2_VDD9
Added Pin To Net: NetName=2_VDD10 Pin=IC2-131
Added Net: Name=2_VDD10
Added Pin To Net: NetName=2_VDD11 Pin=IC2-144
Added Net: Name=2_VDD11
Added Pin To Net: NetName=2_VDDA Pin=IC2-33
Added Net: Name=2_VDDA
Added Pin To Net: NetName=2_VREF+ Pin=IC2-32
Added Net: Name=2_VREF+
Added Pin To Net: NetName=2_VREF- Pin=IC2-31
Added Net: Name=2_VREF-
Added Pin To Net: NetName=2_VSS1 Pin=IC2-16
Added Net: Name=2_VSS1
Added Pin To Net: NetName=2_VSS2 Pin=IC2-38
Added Net: Name=2_VSS2
Added Pin To Net: NetName=2_VSS3 Pin=IC2-51
Added Net: Name=2_VSS3
Added Pin To Net: NetName=2_VSS4 Pin=IC2-61
Added Net: Name=2_VSS4
Added Pin To Net: NetName=2_VSS5 Pin=IC2-71
Added Net: Name=2_VSS5
Added Pin To Net: NetName=2_VSS6 Pin=IC2-83
Added Net: Name=2_VSS6
Added Pin To Net: NetName=2_VSS7 Pin=IC2-94
Added Net: Name=2_VSS7
Added Pin To Net: NetName=2_VSS8 Pin=IC2-107
Added Net: Name=2_VSS8
Added Pin To Net: NetName=2_VSS9 Pin=IC2-120
Added Net: Name=2_VSS9
Added Pin To Net: NetName=2_VSS10 Pin=IC2-130
Added Net: Name=2_VSS10
Added Pin To Net: NetName=2_VSS11 Pin=IC2-143
Added Net: Name=2_VSS11
Added Pin To Net: NetName=2_VSSA Pin=IC2-30
Added Net: Name=2_VSSA
Added Pin To Net: NetName=3_VDD1 Pin=IC3-17
Added Net: Name=3_VDD1
Added Pin To Net: NetName=3_VDD2 Pin=IC3-39
Added Net: Name=3_VDD2
Added Pin To Net: NetName=3_VDD3 Pin=IC3-52
Added Net: Name=3_VDD3
Added Pin To Net: NetName=3_VDD4 Pin=IC3-62
Added Net: Name=3_VDD4
Added Pin To Net: NetName=3_VDD5 Pin=IC3-72
Added Net: Name=3_VDD5
Added Pin To Net: NetName=3_VDD6 Pin=IC3-84
Added Net: Name=3_VDD6
Added Pin To Net: NetName=3_VDD7 Pin=IC3-95
Added Net: Name=3_VDD7
Added Pin To Net: NetName=3_VDD8 Pin=IC3-108
Added Net: Name=3_VDD8
Added Pin To Net: NetName=3_VDD9 Pin=IC3-121
Added Net: Name=3_VDD9
Added Pin To Net: NetName=3_VDD10 Pin=IC3-131
Added Net: Name=3_VDD10
Added Pin To Net: NetName=3_VDD11 Pin=IC3-144
Added Net: Name=3_VDD11
Added Pin To Net: NetName=3_VDDA Pin=IC3-33
Added Net: Name=3_VDDA
Added Pin To Net: NetName=3_VREF+ Pin=IC3-32
Added Net: Name=3_VREF+
Added Pin To Net: NetName=3_VREF- Pin=IC3-31
Added Net: Name=3_VREF-
Added Pin To Net: NetName=3_VSS1 Pin=IC3-16
Added Net: Name=3_VSS1
Added Pin To Net: NetName=3_VSS2 Pin=IC3-38
Added Net: Name=3_VSS2
Added Pin To Net: NetName=3_VSS3 Pin=IC3-51
Added Net: Name=3_VSS3
Added Pin To Net: NetName=3_VSS4 Pin=IC3-61
Added Net: Name=3_VSS4
Added Pin To Net: NetName=3_VSS5 Pin=IC3-71
Added Net: Name=3_VSS5
Added Pin To Net: NetName=3_VSS6 Pin=IC3-83
Added Net: Name=3_VSS6
Added Pin To Net: NetName=3_VSS7 Pin=IC3-94
Added Net: Name=3_VSS7
Added Pin To Net: NetName=3_VSS8 Pin=IC3-107
Added Net: Name=3_VSS8
Added Pin To Net: NetName=3_VSS9 Pin=IC3-120
Added Net: Name=3_VSS9
Added Pin To Net: NetName=3_VSS10 Pin=IC3-130
Added Net: Name=3_VSS10
Added Pin To Net: NetName=3_VSS11 Pin=IC3-143
Added Net: Name=3_VSS11
Added Pin To Net: NetName=3_VSSA Pin=IC3-30
Added Net: Name=3_VSSA
Added Pin To Net: NetName=4_VDD1 Pin=IC4-17
Added Net: Name=4_VDD1
Added Pin To Net: NetName=4_VDD2 Pin=IC4-39
Added Net: Name=4_VDD2
Added Pin To Net: NetName=4_VDD3 Pin=IC4-52
Added Net: Name=4_VDD3
Added Pin To Net: NetName=4_VDD4 Pin=IC4-62
Added Net: Name=4_VDD4
Added Pin To Net: NetName=4_VDD5 Pin=IC4-72
Added Net: Name=4_VDD5
Added Pin To Net: NetName=4_VDD6 Pin=IC4-84
Added Net: Name=4_VDD6
Added Pin To Net: NetName=4_VDD7 Pin=IC4-95
Added Net: Name=4_VDD7
Added Pin To Net: NetName=4_VDD8 Pin=IC4-108
Added Net: Name=4_VDD8
Added Pin To Net: NetName=4_VDD9 Pin=IC4-121
Added Net: Name=4_VDD9
Added Pin To Net: NetName=4_VDD10 Pin=IC4-131
Added Net: Name=4_VDD10
Added Pin To Net: NetName=4_VDD11 Pin=IC4-144
Added Net: Name=4_VDD11
Added Pin To Net: NetName=4_VDDA Pin=IC4-33
Added Net: Name=4_VDDA
Added Pin To Net: NetName=4_VREF+ Pin=IC4-32
Added Net: Name=4_VREF+
Added Pin To Net: NetName=4_VREF- Pin=IC4-31
Added Net: Name=4_VREF-
Added Pin To Net: NetName=4_VSS1 Pin=IC4-16
Added Net: Name=4_VSS1
Added Pin To Net: NetName=4_VSS2 Pin=IC4-38
Added Net: Name=4_VSS2
Added Pin To Net: NetName=4_VSS3 Pin=IC4-51
Added Net: Name=4_VSS3
Added Pin To Net: NetName=4_VSS4 Pin=IC4-61
Added Net: Name=4_VSS4
Added Pin To Net: NetName=4_VSS5 Pin=IC4-71
Added Net: Name=4_VSS5
Added Pin To Net: NetName=4_VSS6 Pin=IC4-83
Added Net: Name=4_VSS6
Added Pin To Net: NetName=4_VSS7 Pin=IC4-94
Added Net: Name=4_VSS7
Added Pin To Net: NetName=4_VSS8 Pin=IC4-107
Added Net: Name=4_VSS8
Added Pin To Net: NetName=4_VSS9 Pin=IC4-120
Added Net: Name=4_VSS9
Added Pin To Net: NetName=4_VSS10 Pin=IC4-130
Added Net: Name=4_VSS10
Added Pin To Net: NetName=4_VSS11 Pin=IC4-143
Added Net: Name=4_VSS11
Added Pin To Net: NetName=4_VSSA Pin=IC4-30
Added Net: Name=4_VSSA
Added Pin To Net: NetName=5_VDD1 Pin=IC5-17
Added Net: Name=5_VDD1
Added Pin To Net: NetName=5_VDD2 Pin=IC5-39
Added Net: Name=5_VDD2
Added Pin To Net: NetName=5_VDD3 Pin=IC5-52
Added Net: Name=5_VDD3
Added Pin To Net: NetName=5_VDD4 Pin=IC5-62
Added Net: Name=5_VDD4
Added Pin To Net: NetName=5_VDD5 Pin=IC5-72
Added Net: Name=5_VDD5
Added Pin To Net: NetName=5_VDD6 Pin=IC5-84
Added Net: Name=5_VDD6
Added Pin To Net: NetName=5_VDD7 Pin=IC5-95
Added Net: Name=5_VDD7
Added Pin To Net: NetName=5_VDD8 Pin=IC5-108
Added Net: Name=5_VDD8
Added Pin To Net: NetName=5_VDD9 Pin=IC5-121
Added Net: Name=5_VDD9
Added Pin To Net: NetName=5_VDD10 Pin=IC5-131
Added Net: Name=5_VDD10
Added Pin To Net: NetName=5_VDD11 Pin=IC5-144
Added Net: Name=5_VDD11
Added Pin To Net: NetName=5_VDDA Pin=IC5-33
Added Net: Name=5_VDDA
Added Pin To Net: NetName=5_VREF+ Pin=IC5-32
Added Net: Name=5_VREF+
Added Pin To Net: NetName=5_VREF- Pin=IC5-31
Added Net: Name=5_VREF-
Added Pin To Net: NetName=5_VSS1 Pin=IC5-16
Added Net: Name=5_VSS1
Added Pin To Net: NetName=5_VSS2 Pin=IC5-38
Added Net: Name=5_VSS2
Added Pin To Net: NetName=5_VSS3 Pin=IC5-51
Added Net: Name=5_VSS3
Added Pin To Net: NetName=5_VSS4 Pin=IC5-61
Added Net: Name=5_VSS4
Added Pin To Net: NetName=5_VSS5 Pin=IC5-71
Added Net: Name=5_VSS5
Added Pin To Net: NetName=5_VSS6 Pin=IC5-83
Added Net: Name=5_VSS6
Added Pin To Net: NetName=5_VSS7 Pin=IC5-94
Added Net: Name=5_VSS7
Added Pin To Net: NetName=5_VSS8 Pin=IC5-107
Added Net: Name=5_VSS8
Added Pin To Net: NetName=5_VSS9 Pin=IC5-120
Added Net: Name=5_VSS9
Added Pin To Net: NetName=5_VSS10 Pin=IC5-130
Added Net: Name=5_VSS10
Added Pin To Net: NetName=5_VSS11 Pin=IC5-143
Added Net: Name=5_VSS11
Added Pin To Net: NetName=5_VSSA Pin=IC5-30
Added Net: Name=5_VSSA
Added Room: Name=all_Slaveboard_2020
